[INFO   ] DREAMPlacePCB - parameters = {'pcb_input': '../../../examples/test_data/bm1/bm1.unrouted.kicad_pcb', 'result_dir': './mobohb_log/run-162_0_0', 'gpu': 1, 'num_bins_x': 1024, 'num_bins_y': 1024, 'global_place_stages': [{'num_bins_x': 512, 'num_bins_y': 256, 'iteration': 1000, 'learning_rate': 0.214, 'learning_rate_decay': 0.99, 'wirelength': 'weighted_average', 'optimizer': 'adam', 'Llambda_density_weight_iteration': 1, 'Lsub_iteration': 1, 'routability_Lsub_iteration': 1}], 'target_density': 1.0, 'density_weight': 0.0008100000000000001, 'update_density_weight': 0, 'random_seed': 1000, 'scale_factor': 1.0, 'shift_factor': [97.6411, 78.2736], 'ignore_net_degree': 100, 'enable_fillers': 0, 'global_place_flag': 1, 'legalize_flag': 1, 'detailed_place_flag': 0, 'stop_overflow': 0.1, 'dtype': 'float32', 'plot_flag': 0, 'gif_flag': 0, 'metric_plot_flag': 0, 'RePlAce_ref_hpwl': 4800, 'RePlAce_LOWER_PCOF': 0.91, 'RePlAce_UPPER_PCOF': 1.03, 'gamma': 5.0, 'RePlAce_skip_energy_flag': 0, 'random_center_init_flag': 1, 'sort_nets_by_degree': 0, 'num_threads': 8, 'routability_opt_flag': 1, 'route_num_bins_x': 512, 'route_num_bins_y': 512, 'node_area_adjust_overflow': 0.15, 'max_num_area_adjust': 3, 'adjust_rudy_area_flag': 1, 'adjust_pin_area_flag': 0, 'area_adjust_stop_ratio': 0.01, 'route_area_adjust_stop_ratio': 0.01, 'pin_area_adjust_stop_ratio': 0.05, 'unit_horizontal_capacity': 1.5625, 'unit_vertical_capacity': 1.45, 'unit_pin_capacity': 0.058, 'max_route_opt_adjust_rate': 2.0, 'route_opt_adjust_exponent': 2.0, 'pin_stretch_ratio': 1.414213562, 'max_pin_opt_adjust_rate': 1.5, 'deterministic_flag': 0, 'row_height': 0.01, 'site_width': 0.01, 'test_hpwl_flag': 0, 'write_back_flag': 1}
[INFO   ] DREAMPlacePCB - node name = U7
[INFO   ] DREAMPlacePCB - add a FpPoly point, X = 165.098, Y = 99.8836, width = 0.1
[INFO   ] DREAMPlacePCB - add a FpPoly point, X = 165.173, Y = 107.559, width = 0.1
[INFO   ] DREAMPlacePCB - add a FpPoly point, X = 160.086, Y = 107.584, width = 0.1
[INFO   ] DREAMPlacePCB - add a FpPoly point, X = 160.111, Y = 99.8836, width = 0.1
[INFO   ] DREAMPlacePCB - node name:U7, pad number:1, node_center = (162.598, 103.734), offset = (-1.27, -2.54), pad_size = (1.524, 1.524)
[INFO   ] DREAMPlacePCB - node name:U7, pad number:2, node_center = (162.598, 103.734), offset = (1.27, -2.54), pad_size = (1.524, 1.524)
[INFO   ] DREAMPlacePCB - node name:U7, pad number:3, node_center = (162.598, 103.734), offset = (-1.27, 0), pad_size = (1.524, 1.524)
[INFO   ] DREAMPlacePCB - node name:U7, pad number:4, node_center = (162.598, 103.734), offset = (1.27, 0), pad_size = (1.524, 1.524)
[INFO   ] DREAMPlacePCB - node name:U7, pad number:5, node_center = (162.598, 103.734), offset = (-1.27, 2.54), pad_size = (1.524, 1.524)
[INFO   ] DREAMPlacePCB - node name:U7, pad number:6, node_center = (162.598, 103.734), offset = (1.27, 2.54), pad_size = (1.524, 1.524)
[INFO   ] DREAMPlacePCB - node name:U7, width, height = (5.1875, 7.8), fp_x_left = 160.036, fp_y_bottom = 99.8336
[INFO   ] DREAMPlacePCB - node name = U14
[INFO   ] DREAMPlacePCB - add a FpPoly point, X = 162.461, Y = 82.2236, width = 0.1
[INFO   ] DREAMPlacePCB - add a FpPoly point, X = 142.211, Y = 82.1736, width = 0.1
[INFO   ] DREAMPlacePCB - add a FpPoly point, X = 142.161, Y = 79.5236, width = 0.1
[INFO   ] DREAMPlacePCB - add a FpPoly point, X = 162.461, Y = 79.5236, width = 0.1
[INFO   ] DREAMPlacePCB - node name:U14, pad number:1, node_center = (152.311, 80.8736), offset = (8.89, 0), pad_size = (1.524, 3.048)
[INFO   ] DREAMPlacePCB - node name:U14, pad number:2, node_center = (152.311, 80.8736), offset = (6.35, 0), pad_size = (1.524, 3.048)
[INFO   ] DREAMPlacePCB - node name:U14, pad number:3, node_center = (152.311, 80.8736), offset = (3.81, 0), pad_size = (1.524, 3.048)
[INFO   ] DREAMPlacePCB - node name:U14, pad number:4, node_center = (152.311, 80.8736), offset = (1.27, 0), pad_size = (1.524, 3.048)
[INFO   ] DREAMPlacePCB - node name:U14, pad number:5, node_center = (152.311, 80.8736), offset = (-1.27, 0), pad_size = (1.524, 3.048)
[INFO   ] DREAMPlacePCB - node name:U14, pad number:6, node_center = (152.311, 80.8736), offset = (-3.81, 0), pad_size = (1.524, 3.048)
[INFO   ] DREAMPlacePCB - node name:U14, pad number:7, node_center = (152.311, 80.8736), offset = (-6.35, 0), pad_size = (1.524, 3.048)
[INFO   ] DREAMPlacePCB - node name:U14, pad number:8, node_center = (152.311, 80.8736), offset = (-8.89, 0), pad_size = (1.524, 3.048)
[INFO   ] DREAMPlacePCB - node name:U14, width, height = (20.4, 3.048), fp_x_left = 142.111, fp_y_bottom = 79.3496
[INFO   ] DREAMPlacePCB - node name = U15
[INFO   ] DREAMPlacePCB - add a FpPoly point, X = 140.821, Y = 82.3236, width = 0.1
[INFO   ] DREAMPlacePCB - add a FpPoly point, X = 120.571, Y = 82.2736, width = 0.1
[INFO   ] DREAMPlacePCB - add a FpPoly point, X = 120.521, Y = 79.6236, width = 0.1
[INFO   ] DREAMPlacePCB - add a FpPoly point, X = 140.821, Y = 79.6236, width = 0.1
[INFO   ] DREAMPlacePCB - node name:U15, pad number:1, node_center = (130.721, 80.8736), offset = (8.89, 0), pad_size = (1.524, 3.048)
[INFO   ] DREAMPlacePCB - node name:U15, pad number:2, node_center = (130.721, 80.8736), offset = (6.35, 0), pad_size = (1.524, 3.048)
[INFO   ] DREAMPlacePCB - node name:U15, pad number:3, node_center = (130.721, 80.8736), offset = (3.81, 0), pad_size = (1.524, 3.048)
[INFO   ] DREAMPlacePCB - node name:U15, pad number:4, node_center = (130.721, 80.8736), offset = (1.27, 0), pad_size = (1.524, 3.048)
[INFO   ] DREAMPlacePCB - node name:U15, pad number:5, node_center = (130.721, 80.8736), offset = (-1.27, 0), pad_size = (1.524, 3.048)
[INFO   ] DREAMPlacePCB - node name:U15, pad number:6, node_center = (130.721, 80.8736), offset = (-3.81, 0), pad_size = (1.524, 3.048)
[INFO   ] DREAMPlacePCB - node name:U15, pad number:7, node_center = (130.721, 80.8736), offset = (-6.35, 0), pad_size = (1.524, 3.048)
[INFO   ] DREAMPlacePCB - node name:U15, pad number:8, node_center = (130.721, 80.8736), offset = (-8.89, 0), pad_size = (1.524, 3.048)
[INFO   ] DREAMPlacePCB - node name:U15, width, height = (20.4, 3.048), fp_x_left = 120.471, fp_y_bottom = 79.3496
[INFO   ] DREAMPlacePCB - node name = U6
[INFO   ] DREAMPlacePCB - add a FpPoly point, X = 175.319, Y = 106.834, width = 0.1
[INFO   ] DREAMPlacePCB - add a FpPoly point, X = 168.519, Y = 106.834, width = 0.1
[INFO   ] DREAMPlacePCB - add a FpPoly point, X = 168.569, Y = 100.734, width = 0.1
[INFO   ] DREAMPlacePCB - add a FpPoly point, X = 175.369, Y = 100.734, width = 0.1
[INFO   ] DREAMPlacePCB - node name:U6, pad number:1, node_center = (171.869, 103.734), offset = (3.2512, 2.2606), pad_size = (3.048, 1.524)
[INFO   ] DREAMPlacePCB - node name:U6, pad number:2, node_center = (171.869, 103.734), offset = (-3.2512, 2.2606), pad_size = (3.048, 1.524)
[INFO   ] DREAMPlacePCB - node name:U6, pad number:3, node_center = (171.869, 103.734), offset = (3.2512, -2.2606), pad_size = (3.048, 1.524)
[INFO   ] DREAMPlacePCB - node name:U6, pad number:4, node_center = (171.869, 103.734), offset = (-3.2512, -2.2606), pad_size = (3.048, 1.524)
[INFO   ] DREAMPlacePCB - node name:U6, width, height = (9.5504, 6.2), fp_x_left = 167.094, fp_y_bottom = 100.684
[INFO   ] DREAMPlacePCB - node name = U55
[INFO   ] DREAMPlacePCB - add a FpPoly point, X = 95.1501, Y = 128.542, width = 0.1
[INFO   ] DREAMPlacePCB - add a FpPoly point, X = 95.1501, Y = 119.292, width = 0.1
[INFO   ] DREAMPlacePCB - add a FpPoly point, X = 108.9, Y = 119.292, width = 0.1
[INFO   ] DREAMPlacePCB - add a FpPoly point, X = 108.9, Y = 128.542, width = 0.1
[INFO   ] DREAMPlacePCB - node name:U55, pad number:1, node_center = (103.035, 123.292), offset = (2.7178, 5.08), pad_size = (4.826, 4.826)
[INFO   ] DREAMPlacePCB - node name:U55, pad number:2, node_center = (103.035, 123.292), offset = (5.715, 0.0762), pad_size = (4.826, 4.826)
[INFO   ] DREAMPlacePCB - node name:U55, pad number:3, node_center = (103.035, 123.292), offset = (-0.2794, 0.0762), pad_size = (4.826, 4.826)
[INFO   ] DREAMPlacePCB - node name:U55, width, height = (16.063, 11.543), fp_x_left = 95.1001, fp_y_bottom = 119.242
[INFO   ] DREAMPlacePCB - node name = U5
[INFO   ] DREAMPlacePCB - add a FpPoly point, X = 129.471, Y = 127.884, width = 0.1
[INFO   ] DREAMPlacePCB - add a FpPoly point, X = 144.671, Y = 127.884, width = 0.1
[INFO   ] DREAMPlacePCB - add a FpPoly point, X = 144.671, Y = 130.384, width = 0.1
[INFO   ] DREAMPlacePCB - add a FpPoly point, X = 129.471, Y = 130.384, width = 0.1
[INFO   ] DREAMPlacePCB - node name:U5, pad number:1, node_center = (137.071, 129.134), offset = (-6.35, 0), pad_size = (1.524, 3.048)
[INFO   ] DREAMPlacePCB - node name:U5, pad number:2, node_center = (137.071, 129.134), offset = (-3.81, 0), pad_size = (1.524, 3.048)
[INFO   ] DREAMPlacePCB - node name:U5, pad number:3, node_center = (137.071, 129.134), offset = (-1.27, 0), pad_size = (1.524, 3.048)
[INFO   ] DREAMPlacePCB - node name:U5, pad number:4, node_center = (137.071, 129.134), offset = (1.27, 0), pad_size = (1.524, 3.048)
[INFO   ] DREAMPlacePCB - node name:U5, pad number:5, node_center = (137.071, 129.134), offset = (3.81, 0), pad_size = (1.524, 3.048)
[INFO   ] DREAMPlacePCB - node name:U5, pad number:6, node_center = (137.071, 129.134), offset = (6.35, 0), pad_size = (1.524, 3.048)
[INFO   ] DREAMPlacePCB - node name:U5, width, height = (15.3, 3.048), fp_x_left = 129.421, fp_y_bottom = 127.61
[INFO   ] DREAMPlacePCB - node name = U11
[INFO   ] DREAMPlacePCB - add a FpPoly point, X = 147.241, Y = 127.684, width = 0.1
[INFO   ] DREAMPlacePCB - add a FpPoly point, X = 167.491, Y = 127.734, width = 0.1
[INFO   ] DREAMPlacePCB - add a FpPoly point, X = 167.541, Y = 130.384, width = 0.1
[INFO   ] DREAMPlacePCB - add a FpPoly point, X = 147.241, Y = 130.384, width = 0.1
[INFO   ] DREAMPlacePCB - node name:U11, pad number:1, node_center = (157.391, 129.134), offset = (-8.89, 0), pad_size = (1.524, 3.048)
[INFO   ] DREAMPlacePCB - node name:U11, pad number:2, node_center = (157.391, 129.134), offset = (-6.35, 0), pad_size = (1.524, 3.048)
[INFO   ] DREAMPlacePCB - node name:U11, pad number:3, node_center = (157.391, 129.134), offset = (-3.81, 0), pad_size = (1.524, 3.048)
[INFO   ] DREAMPlacePCB - node name:U11, pad number:4, node_center = (157.391, 129.134), offset = (-1.27, 0), pad_size = (1.524, 3.048)
[INFO   ] DREAMPlacePCB - node name:U11, pad number:5, node_center = (157.391, 129.134), offset = (1.27, 0), pad_size = (1.524, 3.048)
[INFO   ] DREAMPlacePCB - node name:U11, pad number:6, node_center = (157.391, 129.134), offset = (3.81, 0), pad_size = (1.524, 3.048)
[INFO   ] DREAMPlacePCB - node name:U11, pad number:7, node_center = (157.391, 129.134), offset = (6.35, 0), pad_size = (1.524, 3.048)
[INFO   ] DREAMPlacePCB - node name:U11, pad number:8, node_center = (157.391, 129.134), offset = (8.89, 0), pad_size = (1.524, 3.048)
[INFO   ] DREAMPlacePCB - node name:U11, width, height = (20.4, 3.048), fp_x_left = 147.191, fp_y_bottom = 127.61
[INFO   ] DREAMPlacePCB - node name = U13
[INFO   ] DREAMPlacePCB - add a FpPoly point, X = 185.371, Y = 82.2736, width = 0.1
[INFO   ] DREAMPlacePCB - add a FpPoly point, X = 165.121, Y = 82.2236, width = 0.1
[INFO   ] DREAMPlacePCB - add a FpPoly point, X = 165.071, Y = 79.5736, width = 0.1
[INFO   ] DREAMPlacePCB - add a FpPoly point, X = 185.371, Y = 79.5736, width = 0.1
[INFO   ] DREAMPlacePCB - node name:U13, pad number:1, node_center = (175.171, 80.8736), offset = (8.89, 0), pad_size = (1.524, 3.048)
[INFO   ] DREAMPlacePCB - node name:U13, pad number:2, node_center = (175.171, 80.8736), offset = (6.35, 0), pad_size = (1.524, 3.048)
[INFO   ] DREAMPlacePCB - node name:U13, pad number:3, node_center = (175.171, 80.8736), offset = (3.81, 0), pad_size = (1.524, 3.048)
[INFO   ] DREAMPlacePCB - node name:U13, pad number:4, node_center = (175.171, 80.8736), offset = (1.27, 0), pad_size = (1.524, 3.048)
[INFO   ] DREAMPlacePCB - node name:U13, pad number:5, node_center = (175.171, 80.8736), offset = (-1.27, 0), pad_size = (1.524, 3.048)
[INFO   ] DREAMPlacePCB - node name:U13, pad number:6, node_center = (175.171, 80.8736), offset = (-3.81, 0), pad_size = (1.524, 3.048)
[INFO   ] DREAMPlacePCB - node name:U13, pad number:7, node_center = (175.171, 80.8736), offset = (-6.35, 0), pad_size = (1.524, 3.048)
[INFO   ] DREAMPlacePCB - node name:U13, pad number:8, node_center = (175.171, 80.8736), offset = (-8.89, 0), pad_size = (1.524, 3.048)
[INFO   ] DREAMPlacePCB - node name:U13, width, height = (20.4, 3.048), fp_x_left = 165.021, fp_y_bottom = 79.3496
[INFO   ] DREAMPlacePCB - node name = U56
[INFO   ] DREAMPlacePCB - add a FpPoly point, X = 141.351, Y = 96.2272, width = 0.1
[INFO   ] DREAMPlacePCB - add a FpPoly point, X = 155.601, Y = 96.2272, width = 0.1
[INFO   ] DREAMPlacePCB - add a FpPoly point, X = 155.601, Y = 110.477, width = 0.1
[INFO   ] DREAMPlacePCB - add a FpPoly point, X = 141.351, Y = 110.477, width = 0.1
[INFO   ] DREAMPlacePCB - node name:U56, pad number:1, node_center = (148.501, 103.327), offset = (-8, -6), pad_size = (1.5, 0.35)
[INFO   ] DREAMPlacePCB - node name:U56, pad number:2, node_center = (148.501, 103.327), offset = (-8, -5.5), pad_size = (1.5, 0.35)
[INFO   ] DREAMPlacePCB - node name:U56, pad number:3, node_center = (148.501, 103.327), offset = (-8, -5), pad_size = (1.5, 0.35)
[INFO   ] DREAMPlacePCB - node name:U56, pad number:4, node_center = (148.501, 103.327), offset = (-8, -4.5), pad_size = (1.5, 0.35)
[INFO   ] DREAMPlacePCB - node name:U56, pad number:5, node_center = (148.501, 103.327), offset = (-8, -4), pad_size = (1.5, 0.35)
[INFO   ] DREAMPlacePCB - node name:U56, pad number:6, node_center = (148.501, 103.327), offset = (-8, -3.5), pad_size = (1.5, 0.35)
[INFO   ] DREAMPlacePCB - node name:U56, pad number:7, node_center = (148.501, 103.327), offset = (-8, -3), pad_size = (1.5, 0.35)
[INFO   ] DREAMPlacePCB - node name:U56, pad number:8, node_center = (148.501, 103.327), offset = (-8, -2.5), pad_size = (1.5, 0.35)
[INFO   ] DREAMPlacePCB - node name:U56, pad number:9, node_center = (148.501, 103.327), offset = (-8, -2), pad_size = (1.5, 0.35)
[INFO   ] DREAMPlacePCB - node name:U56, pad number:10, node_center = (148.501, 103.327), offset = (-8, -1.5), pad_size = (1.5, 0.35)
[INFO   ] DREAMPlacePCB - node name:U56, pad number:11, node_center = (148.501, 103.327), offset = (-8, -1), pad_size = (1.5, 0.35)
[INFO   ] DREAMPlacePCB - node name:U56, pad number:12, node_center = (148.501, 103.327), offset = (-8, -0.5), pad_size = (1.5, 0.35)
[INFO   ] DREAMPlacePCB - node name:U56, pad number:13, node_center = (148.501, 103.327), offset = (-8, 0), pad_size = (1.5, 0.35)
[INFO   ] DREAMPlacePCB - node name:U56, pad number:14, node_center = (148.501, 103.327), offset = (-8, 0.5), pad_size = (1.5, 0.35)
[INFO   ] DREAMPlacePCB - node name:U56, pad number:15, node_center = (148.501, 103.327), offset = (-8, 1), pad_size = (1.5, 0.35)
[INFO   ] DREAMPlacePCB - node name:U56, pad number:16, node_center = (148.501, 103.327), offset = (-8, 1.5), pad_size = (1.5, 0.35)
[INFO   ] DREAMPlacePCB - node name:U56, pad number:17, node_center = (148.501, 103.327), offset = (-8, 2), pad_size = (1.5, 0.35)
[INFO   ] DREAMPlacePCB - node name:U56, pad number:18, node_center = (148.501, 103.327), offset = (-8, 2.5), pad_size = (1.5, 0.35)
[INFO   ] DREAMPlacePCB - node name:U56, pad number:19, node_center = (148.501, 103.327), offset = (-8, 3), pad_size = (1.5, 0.35)
[INFO   ] DREAMPlacePCB - node name:U56, pad number:20, node_center = (148.501, 103.327), offset = (-8, 3.5), pad_size = (1.5, 0.35)
[INFO   ] DREAMPlacePCB - node name:U56, pad number:21, node_center = (148.501, 103.327), offset = (-8, 4), pad_size = (1.5, 0.35)
[INFO   ] DREAMPlacePCB - node name:U56, pad number:22, node_center = (148.501, 103.327), offset = (-8, 4.5), pad_size = (1.5, 0.35)
[INFO   ] DREAMPlacePCB - node name:U56, pad number:23, node_center = (148.501, 103.327), offset = (-8, 5), pad_size = (1.5, 0.35)
[INFO   ] DREAMPlacePCB - node name:U56, pad number:24, node_center = (148.501, 103.327), offset = (-8, 5.5), pad_size = (1.5, 0.35)
[INFO   ] DREAMPlacePCB - node name:U56, pad number:25, node_center = (148.501, 103.327), offset = (-8, 6), pad_size = (1.5, 0.35)
[INFO   ] DREAMPlacePCB - node name:U56, pad number:26, node_center = (148.501, 103.327), offset = (-6, 8), pad_size = (0.35, 1.5)
[INFO   ] DREAMPlacePCB - node name:U56, pad number:27, node_center = (148.501, 103.327), offset = (-5.5, 8), pad_size = (0.35, 1.5)
[INFO   ] DREAMPlacePCB - node name:U56, pad number:28, node_center = (148.501, 103.327), offset = (-5, 8), pad_size = (0.35, 1.5)
[INFO   ] DREAMPlacePCB - node name:U56, pad number:29, node_center = (148.501, 103.327), offset = (-4.5, 8), pad_size = (0.35, 1.5)
[INFO   ] DREAMPlacePCB - node name:U56, pad number:30, node_center = (148.501, 103.327), offset = (-4, 8), pad_size = (0.35, 1.5)
[INFO   ] DREAMPlacePCB - node name:U56, pad number:31, node_center = (148.501, 103.327), offset = (-3.5, 8), pad_size = (0.35, 1.5)
[INFO   ] DREAMPlacePCB - node name:U56, pad number:32, node_center = (148.501, 103.327), offset = (-3, 8), pad_size = (0.35, 1.5)
[INFO   ] DREAMPlacePCB - node name:U56, pad number:33, node_center = (148.501, 103.327), offset = (-2.5, 8), pad_size = (0.35, 1.5)
[INFO   ] DREAMPlacePCB - node name:U56, pad number:34, node_center = (148.501, 103.327), offset = (-2, 8), pad_size = (0.35, 1.5)
[INFO   ] DREAMPlacePCB - node name:U56, pad number:35, node_center = (148.501, 103.327), offset = (-1.5, 8), pad_size = (0.35, 1.5)
[INFO   ] DREAMPlacePCB - node name:U56, pad number:36, node_center = (148.501, 103.327), offset = (-1, 8), pad_size = (0.35, 1.5)
[INFO   ] DREAMPlacePCB - node name:U56, pad number:37, node_center = (148.501, 103.327), offset = (-0.5, 8), pad_size = (0.35, 1.5)
[INFO   ] DREAMPlacePCB - node name:U56, pad number:38, node_center = (148.501, 103.327), offset = (0, 8), pad_size = (0.35, 1.5)
[INFO   ] DREAMPlacePCB - node name:U56, pad number:39, node_center = (148.501, 103.327), offset = (0.5, 8), pad_size = (0.35, 1.5)
[INFO   ] DREAMPlacePCB - node name:U56, pad number:40, node_center = (148.501, 103.327), offset = (1, 8), pad_size = (0.35, 1.5)
[INFO   ] DREAMPlacePCB - node name:U56, pad number:41, node_center = (148.501, 103.327), offset = (1.5, 8), pad_size = (0.35, 1.5)
[INFO   ] DREAMPlacePCB - node name:U56, pad number:42, node_center = (148.501, 103.327), offset = (2, 8), pad_size = (0.35, 1.5)
[INFO   ] DREAMPlacePCB - node name:U56, pad number:43, node_center = (148.501, 103.327), offset = (2.5, 8), pad_size = (0.35, 1.5)
[INFO   ] DREAMPlacePCB - node name:U56, pad number:44, node_center = (148.501, 103.327), offset = (3, 8), pad_size = (0.35, 1.5)
[INFO   ] DREAMPlacePCB - node name:U56, pad number:45, node_center = (148.501, 103.327), offset = (3.5, 8), pad_size = (0.35, 1.5)
[INFO   ] DREAMPlacePCB - node name:U56, pad number:46, node_center = (148.501, 103.327), offset = (4, 8), pad_size = (0.35, 1.5)
[INFO   ] DREAMPlacePCB - node name:U56, pad number:47, node_center = (148.501, 103.327), offset = (4.5, 8), pad_size = (0.35, 1.5)
[INFO   ] DREAMPlacePCB - node name:U56, pad number:48, node_center = (148.501, 103.327), offset = (5, 8), pad_size = (0.35, 1.5)
[INFO   ] DREAMPlacePCB - node name:U56, pad number:49, node_center = (148.501, 103.327), offset = (5.5, 8), pad_size = (0.35, 1.5)
[INFO   ] DREAMPlacePCB - node name:U56, pad number:50, node_center = (148.501, 103.327), offset = (6, 8), pad_size = (0.35, 1.5)
[INFO   ] DREAMPlacePCB - node name:U56, pad number:51, node_center = (148.501, 103.327), offset = (8, 6), pad_size = (1.5, 0.35)
[INFO   ] DREAMPlacePCB - node name:U56, pad number:52, node_center = (148.501, 103.327), offset = (8, 5.5), pad_size = (1.5, 0.35)
[INFO   ] DREAMPlacePCB - node name:U56, pad number:53, node_center = (148.501, 103.327), offset = (8, 5), pad_size = (1.5, 0.35)
[INFO   ] DREAMPlacePCB - node name:U56, pad number:54, node_center = (148.501, 103.327), offset = (8, 4.5), pad_size = (1.5, 0.35)
[INFO   ] DREAMPlacePCB - node name:U56, pad number:55, node_center = (148.501, 103.327), offset = (8, 4), pad_size = (1.5, 0.35)
[INFO   ] DREAMPlacePCB - node name:U56, pad number:56, node_center = (148.501, 103.327), offset = (8, 3.5), pad_size = (1.5, 0.35)
[INFO   ] DREAMPlacePCB - node name:U56, pad number:57, node_center = (148.501, 103.327), offset = (8, 3), pad_size = (1.5, 0.35)
[INFO   ] DREAMPlacePCB - node name:U56, pad number:58, node_center = (148.501, 103.327), offset = (8, 2.5), pad_size = (1.5, 0.35)
[INFO   ] DREAMPlacePCB - node name:U56, pad number:59, node_center = (148.501, 103.327), offset = (8, 2), pad_size = (1.5, 0.35)
[INFO   ] DREAMPlacePCB - node name:U56, pad number:60, node_center = (148.501, 103.327), offset = (8, 1.5), pad_size = (1.5, 0.35)
[INFO   ] DREAMPlacePCB - node name:U56, pad number:61, node_center = (148.501, 103.327), offset = (8, 1), pad_size = (1.5, 0.35)
[INFO   ] DREAMPlacePCB - node name:U56, pad number:62, node_center = (148.501, 103.327), offset = (8, 0.5), pad_size = (1.5, 0.35)
[INFO   ] DREAMPlacePCB - node name:U56, pad number:63, node_center = (148.501, 103.327), offset = (8, 0), pad_size = (1.5, 0.35)
[INFO   ] DREAMPlacePCB - node name:U56, pad number:64, node_center = (148.501, 103.327), offset = (8, -0.5), pad_size = (1.5, 0.35)
[INFO   ] DREAMPlacePCB - node name:U56, pad number:65, node_center = (148.501, 103.327), offset = (8, -1), pad_size = (1.5, 0.35)
[INFO   ] DREAMPlacePCB - node name:U56, pad number:66, node_center = (148.501, 103.327), offset = (8, -1.5), pad_size = (1.5, 0.35)
[INFO   ] DREAMPlacePCB - node name:U56, pad number:67, node_center = (148.501, 103.327), offset = (8, -2), pad_size = (1.5, 0.35)
[INFO   ] DREAMPlacePCB - node name:U56, pad number:68, node_center = (148.501, 103.327), offset = (8, -2.5), pad_size = (1.5, 0.35)
[INFO   ] DREAMPlacePCB - node name:U56, pad number:69, node_center = (148.501, 103.327), offset = (8, -3), pad_size = (1.5, 0.35)
[INFO   ] DREAMPlacePCB - node name:U56, pad number:70, node_center = (148.501, 103.327), offset = (8, -3.5), pad_size = (1.5, 0.35)
[INFO   ] DREAMPlacePCB - node name:U56, pad number:71, node_center = (148.501, 103.327), offset = (8, -4), pad_size = (1.5, 0.35)
[INFO   ] DREAMPlacePCB - node name:U56, pad number:72, node_center = (148.501, 103.327), offset = (8, -4.5), pad_size = (1.5, 0.35)
[INFO   ] DREAMPlacePCB - node name:U56, pad number:73, node_center = (148.501, 103.327), offset = (8, -5), pad_size = (1.5, 0.35)
[INFO   ] DREAMPlacePCB - node name:U56, pad number:74, node_center = (148.501, 103.327), offset = (8, -5.5), pad_size = (1.5, 0.35)
[INFO   ] DREAMPlacePCB - node name:U56, pad number:75, node_center = (148.501, 103.327), offset = (8, -6), pad_size = (1.5, 0.35)
[INFO   ] DREAMPlacePCB - node name:U56, pad number:76, node_center = (148.501, 103.327), offset = (6, -8), pad_size = (0.35, 1.5)
[INFO   ] DREAMPlacePCB - node name:U56, pad number:77, node_center = (148.501, 103.327), offset = (5.5, -8), pad_size = (0.35, 1.5)
[INFO   ] DREAMPlacePCB - node name:U56, pad number:78, node_center = (148.501, 103.327), offset = (5, -8), pad_size = (0.35, 1.5)
[INFO   ] DREAMPlacePCB - node name:U56, pad number:79, node_center = (148.501, 103.327), offset = (4.5, -8), pad_size = (0.35, 1.5)
[INFO   ] DREAMPlacePCB - node name:U56, pad number:80, node_center = (148.501, 103.327), offset = (4, -8), pad_size = (0.35, 1.5)
[INFO   ] DREAMPlacePCB - node name:U56, pad number:81, node_center = (148.501, 103.327), offset = (3.5, -8), pad_size = (0.35, 1.5)
[INFO   ] DREAMPlacePCB - node name:U56, pad number:82, node_center = (148.501, 103.327), offset = (3, -8), pad_size = (0.35, 1.5)
[INFO   ] DREAMPlacePCB - node name:U56, pad number:83, node_center = (148.501, 103.327), offset = (2.5, -8), pad_size = (0.35, 1.5)
[INFO   ] DREAMPlacePCB - node name:U56, pad number:84, node_center = (148.501, 103.327), offset = (2, -8), pad_size = (0.35, 1.5)
[INFO   ] DREAMPlacePCB - node name:U56, pad number:85, node_center = (148.501, 103.327), offset = (1.5, -8), pad_size = (0.35, 1.5)
[INFO   ] DREAMPlacePCB - node name:U56, pad number:86, node_center = (148.501, 103.327), offset = (1, -8), pad_size = (0.35, 1.5)
[INFO   ] DREAMPlacePCB - node name:U56, pad number:87, node_center = (148.501, 103.327), offset = (0.5, -8), pad_size = (0.35, 1.5)
[INFO   ] DREAMPlacePCB - node name:U56, pad number:88, node_center = (148.501, 103.327), offset = (0, -8), pad_size = (0.35, 1.5)
[INFO   ] DREAMPlacePCB - node name:U56, pad number:89, node_center = (148.501, 103.327), offset = (-0.5, -8), pad_size = (0.35, 1.5)
[INFO   ] DREAMPlacePCB - node name:U56, pad number:90, node_center = (148.501, 103.327), offset = (-1, -8), pad_size = (0.35, 1.5)
[INFO   ] DREAMPlacePCB - node name:U56, pad number:91, node_center = (148.501, 103.327), offset = (-1.5, -8), pad_size = (0.35, 1.5)
[INFO   ] DREAMPlacePCB - node name:U56, pad number:92, node_center = (148.501, 103.327), offset = (-2, -8), pad_size = (0.35, 1.5)
[INFO   ] DREAMPlacePCB - node name:U56, pad number:93, node_center = (148.501, 103.327), offset = (-2.5, -8), pad_size = (0.35, 1.5)
[INFO   ] DREAMPlacePCB - node name:U56, pad number:94, node_center = (148.501, 103.327), offset = (-3, -8), pad_size = (0.35, 1.5)
[INFO   ] DREAMPlacePCB - node name:U56, pad number:95, node_center = (148.501, 103.327), offset = (-3.5, -8), pad_size = (0.35, 1.5)
[INFO   ] DREAMPlacePCB - node name:U56, pad number:96, node_center = (148.501, 103.327), offset = (-4, -8), pad_size = (0.35, 1.5)
[INFO   ] DREAMPlacePCB - node name:U56, pad number:97, node_center = (148.501, 103.327), offset = (-4.5, -8), pad_size = (0.35, 1.5)
[INFO   ] DREAMPlacePCB - node name:U56, pad number:98, node_center = (148.501, 103.327), offset = (-5, -8), pad_size = (0.35, 1.5)
[INFO   ] DREAMPlacePCB - node name:U56, pad number:99, node_center = (148.501, 103.327), offset = (-5.5, -8), pad_size = (0.35, 1.5)
[INFO   ] DREAMPlacePCB - node name:U56, pad number:100, node_center = (148.501, 103.327), offset = (-6, -8), pad_size = (0.35, 1.5)
[INFO   ] DREAMPlacePCB - node name:U56, width, height = (17.5, 17.5), fp_x_left = 139.751, fp_y_bottom = 94.5772
[INFO   ] DREAMPlacePCB - node name = U12
[INFO   ] DREAMPlacePCB - add a FpPoly point, X = 170.051, Y = 127.734, width = 0.1
[INFO   ] DREAMPlacePCB - add a FpPoly point, X = 190.301, Y = 127.784, width = 0.1
[INFO   ] DREAMPlacePCB - add a FpPoly point, X = 190.351, Y = 130.434, width = 0.1
[INFO   ] DREAMPlacePCB - add a FpPoly point, X = 170.051, Y = 130.434, width = 0.1
[INFO   ] DREAMPlacePCB - node name:U12, pad number:1, node_center = (180.251, 129.134), offset = (-8.89, 0), pad_size = (1.524, 3.048)
[INFO   ] DREAMPlacePCB - node name:U12, pad number:2, node_center = (180.251, 129.134), offset = (-6.35, 0), pad_size = (1.524, 3.048)
[INFO   ] DREAMPlacePCB - node name:U12, pad number:3, node_center = (180.251, 129.134), offset = (-3.81, 0), pad_size = (1.524, 3.048)
[INFO   ] DREAMPlacePCB - node name:U12, pad number:4, node_center = (180.251, 129.134), offset = (-1.27, 0), pad_size = (1.524, 3.048)
[INFO   ] DREAMPlacePCB - node name:U12, pad number:5, node_center = (180.251, 129.134), offset = (1.27, 0), pad_size = (1.524, 3.048)
[INFO   ] DREAMPlacePCB - node name:U12, pad number:6, node_center = (180.251, 129.134), offset = (3.81, 0), pad_size = (1.524, 3.048)
[INFO   ] DREAMPlacePCB - node name:U12, pad number:7, node_center = (180.251, 129.134), offset = (6.35, 0), pad_size = (1.524, 3.048)
[INFO   ] DREAMPlacePCB - node name:U12, pad number:8, node_center = (180.251, 129.134), offset = (8.89, 0), pad_size = (1.524, 3.048)
[INFO   ] DREAMPlacePCB - node name:U12, width, height = (20.4, 3.048), fp_x_left = 170.001, fp_y_bottom = 127.61
[INFO   ] DREAMPlacePCB - node name = U52
[INFO   ] DREAMPlacePCB - add a FpPoly point, X = 190.201, Y = 102.454, width = 0.1
[INFO   ] DREAMPlacePCB - add a FpPoly point, X = 190.151, Y = 82.1536, width = 0.1
[INFO   ] DREAMPlacePCB - add a FpPoly point, X = 195.651, Y = 82.1536, width = 0.1
[INFO   ] DREAMPlacePCB - add a FpPoly point, X = 195.701, Y = 102.454, width = 0.1
[INFO   ] DREAMPlacePCB - node name:U52, pad number:1, node_center = (192.951, 92.3036), offset = (1.27, 8.89), pad_size = (1.524, 1.524)
[INFO   ] DREAMPlacePCB - node name:U52, pad number:2, node_center = (192.951, 92.3036), offset = (-1.27, 8.89), pad_size = (1.524, 1.524)
[INFO   ] DREAMPlacePCB - node name:U52, pad number:3, node_center = (192.951, 92.3036), offset = (1.27, 6.35), pad_size = (1.524, 1.524)
[INFO   ] DREAMPlacePCB - node name:U52, pad number:4, node_center = (192.951, 92.3036), offset = (-1.27, 6.35), pad_size = (1.524, 1.524)
[INFO   ] DREAMPlacePCB - node name:U52, pad number:5, node_center = (192.951, 92.3036), offset = (1.27, 3.81), pad_size = (1.524, 1.524)
[INFO   ] DREAMPlacePCB - node name:U52, pad number:6, node_center = (192.951, 92.3036), offset = (-1.27, 3.81), pad_size = (1.524, 1.524)
[INFO   ] DREAMPlacePCB - node name:U52, pad number:7, node_center = (192.951, 92.3036), offset = (1.27, 1.27), pad_size = (1.524, 1.524)
[INFO   ] DREAMPlacePCB - node name:U52, pad number:8, node_center = (192.951, 92.3036), offset = (-1.27, 1.27), pad_size = (1.524, 1.524)
[INFO   ] DREAMPlacePCB - node name:U52, pad number:9, node_center = (192.951, 92.3036), offset = (1.27, -1.27), pad_size = (1.524, 1.524)
[INFO   ] DREAMPlacePCB - node name:U52, pad number:10, node_center = (192.951, 92.3036), offset = (-1.27, -1.27), pad_size = (1.524, 1.524)
[INFO   ] DREAMPlacePCB - node name:U52, pad number:11, node_center = (192.951, 92.3036), offset = (1.27, -3.81), pad_size = (1.524, 1.524)
[INFO   ] DREAMPlacePCB - node name:U52, pad number:12, node_center = (192.951, 92.3036), offset = (-1.27, -3.81), pad_size = (1.524, 1.524)
[INFO   ] DREAMPlacePCB - node name:U52, pad number:13, node_center = (192.951, 92.3036), offset = (1.27, -6.35), pad_size = (1.524, 1.524)
[INFO   ] DREAMPlacePCB - node name:U52, pad number:14, node_center = (192.951, 92.3036), offset = (-1.27, -6.35), pad_size = (1.524, 1.524)
[INFO   ] DREAMPlacePCB - node name:U52, pad number:15, node_center = (192.951, 92.3036), offset = (1.27, -8.89), pad_size = (1.524, 1.524)
[INFO   ] DREAMPlacePCB - node name:U52, pad number:16, node_center = (192.951, 92.3036), offset = (-1.27, -8.89), pad_size = (1.524, 1.524)
[INFO   ] DREAMPlacePCB - node name:U52, width, height = (5.65, 20.4), fp_x_left = 190.101, fp_y_bottom = 82.1036
[INFO   ] DREAMPlacePCB - node name = U51
[INFO   ] DREAMPlacePCB - add a FpPoly point, X = 190.201, Y = 102.474, width = 0.1
[INFO   ] DREAMPlacePCB - add a FpPoly point, X = 190.201, Y = 122.774, width = 0.1
[INFO   ] DREAMPlacePCB - add a FpPoly point, X = 195.701, Y = 122.774, width = 0.1
[INFO   ] DREAMPlacePCB - add a FpPoly point, X = 195.701, Y = 102.474, width = 0.1
[INFO   ] DREAMPlacePCB - node name:U51, pad number:1, node_center = (192.951, 112.624), offset = (1.27, 8.89), pad_size = (1.524, 1.524)
[INFO   ] DREAMPlacePCB - node name:U51, pad number:2, node_center = (192.951, 112.624), offset = (-1.27, 8.89), pad_size = (1.524, 1.524)
[INFO   ] DREAMPlacePCB - node name:U51, pad number:3, node_center = (192.951, 112.624), offset = (1.27, 6.35), pad_size = (1.524, 1.524)
[INFO   ] DREAMPlacePCB - node name:U51, pad number:4, node_center = (192.951, 112.624), offset = (-1.27, 6.35), pad_size = (1.524, 1.524)
[INFO   ] DREAMPlacePCB - node name:U51, pad number:5, node_center = (192.951, 112.624), offset = (1.27, 3.81), pad_size = (1.524, 1.524)
[INFO   ] DREAMPlacePCB - node name:U51, pad number:6, node_center = (192.951, 112.624), offset = (-1.27, 3.81), pad_size = (1.524, 1.524)
[INFO   ] DREAMPlacePCB - node name:U51, pad number:7, node_center = (192.951, 112.624), offset = (1.27, 1.27), pad_size = (1.524, 1.524)
[INFO   ] DREAMPlacePCB - node name:U51, pad number:8, node_center = (192.951, 112.624), offset = (-1.27, 1.27), pad_size = (1.524, 1.524)
[INFO   ] DREAMPlacePCB - node name:U51, pad number:9, node_center = (192.951, 112.624), offset = (1.27, -1.27), pad_size = (1.524, 1.524)
[INFO   ] DREAMPlacePCB - node name:U51, pad number:10, node_center = (192.951, 112.624), offset = (-1.27, -1.27), pad_size = (1.524, 1.524)
[INFO   ] DREAMPlacePCB - node name:U51, pad number:11, node_center = (192.951, 112.624), offset = (1.27, -3.81), pad_size = (1.524, 1.524)
[INFO   ] DREAMPlacePCB - node name:U51, pad number:12, node_center = (192.951, 112.624), offset = (-1.27, -3.81), pad_size = (1.524, 1.524)
[INFO   ] DREAMPlacePCB - node name:U51, pad number:13, node_center = (192.951, 112.624), offset = (1.27, -6.35), pad_size = (1.524, 1.524)
[INFO   ] DREAMPlacePCB - node name:U51, pad number:14, node_center = (192.951, 112.624), offset = (-1.27, -6.35), pad_size = (1.524, 1.524)
[INFO   ] DREAMPlacePCB - node name:U51, pad number:15, node_center = (192.951, 112.624), offset = (1.27, -8.89), pad_size = (1.524, 1.524)
[INFO   ] DREAMPlacePCB - node name:U51, pad number:16, node_center = (192.951, 112.624), offset = (-1.27, -8.89), pad_size = (1.524, 1.524)
[INFO   ] DREAMPlacePCB - node name:U51, width, height = (5.6, 20.4), fp_x_left = 190.151, fp_y_bottom = 102.424
[INFO   ] DREAMPlacePCB - node name = U10
[INFO   ] DREAMPlacePCB - add a FpPoly point, X = 190.431, Y = 79.6236, width = 0.1
[INFO   ] DREAMPlacePCB - add a FpPoly point, X = 192.931, Y = 79.6236, width = 0.1
[INFO   ] DREAMPlacePCB - add a FpPoly point, X = 192.931, Y = 82.1236, width = 0.1
[INFO   ] DREAMPlacePCB - add a FpPoly point, X = 190.431, Y = 82.1236, width = 0.1
[INFO   ] DREAMPlacePCB - node name:U10, pad number:1, node_center = (191.681, 80.8736), offset = (0, 0), pad_size = (1.524, 1.524)
[INFO   ] DREAMPlacePCB - node name:U10, width, height = (2.6, 2.6), fp_x_left = 190.381, fp_y_bottom = 79.5736
[INFO   ] DREAMPlacePCB - node name = U9
[INFO   ] DREAMPlacePCB - add a FpPoly point, X = 192.971, Y = 79.6236, width = 0.1
[INFO   ] DREAMPlacePCB - add a FpPoly point, X = 195.471, Y = 79.6236, width = 0.1
[INFO   ] DREAMPlacePCB - add a FpPoly point, X = 195.471, Y = 82.1236, width = 0.1
[INFO   ] DREAMPlacePCB - add a FpPoly point, X = 192.971, Y = 82.1236, width = 0.1
[INFO   ] DREAMPlacePCB - node name:U9, pad number:1, node_center = (194.221, 80.8736), offset = (0, 0), pad_size = (1.524, 1.524)
[INFO   ] DREAMPlacePCB - node name:U9, width, height = (2.6, 2.6), fp_x_left = 192.921, fp_y_bottom = 79.5736
[INFO   ] DREAMPlacePCB - node name = U1
[INFO   ] DREAMPlacePCB - add a FpPoly point, X = 190.381, Y = 122.804, width = 0.1
[INFO   ] DREAMPlacePCB - add a FpPoly point, X = 192.981, Y = 122.804, width = 0.1
[INFO   ] DREAMPlacePCB - add a FpPoly point, X = 192.981, Y = 125.304, width = 0.1
[INFO   ] DREAMPlacePCB - add a FpPoly point, X = 190.381, Y = 125.304, width = 0.1
[INFO   ] DREAMPlacePCB - node name:U1, pad number:1, node_center = (191.681, 124.054), offset = (0, 0), pad_size = (1.524, 1.524)
[INFO   ] DREAMPlacePCB - node name:U1, width, height = (2.7, 2.6), fp_x_left = 190.331, fp_y_bottom = 122.754
[INFO   ] DREAMPlacePCB - node name = U2
[INFO   ] DREAMPlacePCB - add a FpPoly point, X = 193.021, Y = 122.854, width = 0.1
[INFO   ] DREAMPlacePCB - add a FpPoly point, X = 195.421, Y = 122.854, width = 0.1
[INFO   ] DREAMPlacePCB - add a FpPoly point, X = 195.421, Y = 125.304, width = 0.1
[INFO   ] DREAMPlacePCB - add a FpPoly point, X = 193.021, Y = 125.304, width = 0.1
[INFO   ] DREAMPlacePCB - node name:U2, pad number:1, node_center = (194.221, 124.054), offset = (0, 0), pad_size = (1.524, 1.524)
[INFO   ] DREAMPlacePCB - node name:U2, width, height = (2.5, 2.55), fp_x_left = 192.971, fp_y_bottom = 122.804
[INFO   ] DREAMPlacePCB - node name = U8
[INFO   ] DREAMPlacePCB - add a FpPoly point, X = 130.751, Y = 93.3496, width = 0.1
[INFO   ] DREAMPlacePCB - add a FpPoly point, X = 130.751, Y = 103.45, width = 0.1
[INFO   ] DREAMPlacePCB - add a FpPoly point, X = 128.201, Y = 103.45, width = 0.1
[INFO   ] DREAMPlacePCB - add a FpPoly point, X = 128.151, Y = 93.3496, width = 0.1
[INFO   ] DREAMPlacePCB - node name:U8, pad number:1, node_center = (129.451, 98.3996), offset = (0, -3.81), pad_size = (2.8448, 1.4224)
[INFO   ] DREAMPlacePCB - node name:U8, pad number:2, node_center = (129.451, 98.3996), offset = (0, -1.27), pad_size = (2.8448, 1.4224)
[INFO   ] DREAMPlacePCB - node name:U8, pad number:3, node_center = (129.451, 98.3996), offset = (0, 1.27), pad_size = (2.8448, 1.4224)
[INFO   ] DREAMPlacePCB - node name:U8, pad number:4, node_center = (129.451, 98.3996), offset = (0, 3.81), pad_size = (2.8448, 1.4224)
[INFO   ] DREAMPlacePCB - node name:U8, width, height = (2.8448, 10.2), fp_x_left = 128.029, fp_y_bottom = 93.2996
[INFO   ] DREAMPlacePCB - move cells to the center of layout
[INFO   ] DREAMPlacePCB - unit_pin_capacity = 0.058
[INFO   ] DREAMPlacePCB - set shift_factor = (97.6411, 78.2736), as original row bbox = (97.6411, 78.2736, 194.361, 131.734)
[INFO   ] DREAMPlacePCB - set scale_factor = 1
[INFO   ] DREAMPlacePCB - shift coordinate system by (97.6411, 78.2736), scale coordinate system by 1
[INFO   ] DREAMPlacePCB - 
        ================================= Benchmark Statistics =================================
        #physical nodes = 17, #movable = 1, #nets = 100
        die area = (0, 0, 96.72, 53.46) 5170.65, #pins = 199

        total_movable_node_area = 306.25, total_fixed_node_area = 928.053, total_space_area = 4242.6
	utilization = 0.0721845, target_density = 1
	total_filler_node_area = 0, #fillers = 0, filler sizes = 0x0
	num_bins = 1024x1024, bin sizes = 0.0944531x0.052207
	================================== routing information =================================
	routing grids (512, 512)
	routing grid sizes (0.188906, 0.104414)
	routing capacity H/V (0.163147, 0.273914) per tile
	========================================================================================
[INFO   ] DREAMPlacePCB - reading benchmark takes 0.118295 seconds
[INFO   ] DREAMPlacePCB - reading database takes 0.12 seconds
[INFO   ] DREAMPlacePCB - non-linear placement initialization takes 0.00 seconds
[DEBUG  ] DREAMPlacePCB - build data takes 0.24 seconds
[INFO   ] ops.electric_potential.electric_potential - regard 0 cells as movable macros in global placement
[INFO   ] DREAMPlacePCB - Global placement: 512x256 bins by default
[INFO   ] DREAMPlacePCB - use adam optimizer
[DEBUG  ] ops.weighted_average_wirelength.weighted_average_wirelength - wirelength forward 55.512 ms
[INFO   ] ops.electric_potential.electric_potential - fixed density map: average 0.00079743, max 0.00999909, bin area 0.00493112
[DEBUG  ] ops.electric_potential.electric_potential - density forward 3.917 ms
[DEBUG  ] ops.electric_potential.electric_potential - density backward 2.105 ms
[DEBUG  ] ops.weighted_average_wirelength.weighted_average_wirelength - wirelength backward 1.712 ms
[DEBUG  ] ops.weighted_average_wirelength.weighted_average_wirelength - wirelength forward 0.338 ms
[DEBUG  ] ops.electric_potential.electric_potential - density forward 5.022 ms
[DEBUG  ] ops.electric_potential.electric_potential - density backward 16.206 ms
[DEBUG  ] ops.weighted_average_wirelength.weighted_average_wirelength - wirelength backward 0.422 ms
[INFO   ] DREAMPlacePCB - adam initialization takes 0.884137 seconds
[DEBUG  ] ops.weighted_average_wirelength.weighted_average_wirelength - wirelength forward 115.718 ms
[DEBUG  ] ops.electric_potential.electric_potential - density forward 3.287 ms
[DEBUG  ] ops.electric_potential.electric_potential - density backward 85.558 ms
[DEBUG  ] ops.weighted_average_wirelength.weighted_average_wirelength - wirelength backward 4.639 ms
[INFO   ] DREAMPlacePCB - iteration    0, DensityWeight 0.0000E+00
, wHPWL 3.8470E+03, Overflow 3.7336E-03
, RouteOverflow 7.5301E-02, PinOverflow 6.7854E-01
, gamma 1.9887E+01, time 8.1048ms

[DEBUG  ] ops.weighted_average_wirelength.weighted_average_wirelength - wirelength forward 0.288 ms
[DEBUG  ] ops.weighted_average_wirelength.weighted_average_wirelength - wirelength backward 143.770 ms
[DEBUG  ] ops.electric_potential.electric_potential - density forward 4.095 ms
[DEBUG  ] ops.electric_potential.electric_potential - density backward 9.218 ms
[INFO   ] DREAMPlacePCB - density_weight = 8.850304E-06
[DEBUG  ] ops.weighted_average_wirelength.weighted_average_wirelength - wirelength forward 43.473 ms
[DEBUG  ] ops.electric_potential.electric_potential - density forward 5.424 ms
[DEBUG  ] ops.electric_potential.electric_potential - density backward 50.851 ms
[DEBUG  ] ops.weighted_average_wirelength.weighted_average_wirelength - wirelength backward 30.934 ms
[INFO   ] DREAMPlacePCB - optimizer step 7.368 ms
[DEBUG  ] ops.weighted_average_wirelength.weighted_average_wirelength - wirelength forward 164.724 ms
[DEBUG  ] ops.electric_potential.electric_potential - density forward 9.132 ms
[DEBUG  ] ops.electric_potential.electric_potential - density backward 59.000 ms
[DEBUG  ] ops.weighted_average_wirelength.weighted_average_wirelength - wirelength backward 7.627 ms
[INFO   ] DREAMPlacePCB - iteration    1, DensityWeight 8.8503E-06
, wHPWL 2.8028E+03, Overflow 3.1195E-01
, RouteOverflow 1.1890E-01, PinOverflow 7.0923E-01
, gamma 1.9887E+01, time 0.7470ms

[INFO   ] DREAMPlacePCB - full step 1030.057 ms

[DEBUG  ] DREAMPlacePCB - Lsub stopping criteria: 0 and 31256.2 > 2415.12 * 0.999
[DEBUG  ] ops.weighted_average_wirelength.weighted_average_wirelength - wirelength forward 0.322 ms
[DEBUG  ] ops.electric_potential.electric_potential - density forward 4.133 ms
[DEBUG  ] ops.electric_potential.electric_potential - density backward 1.983 ms
[DEBUG  ] ops.weighted_average_wirelength.weighted_average_wirelength - wirelength backward 0.359 ms
[INFO   ] DREAMPlacePCB - optimizer step 7.942 ms
[DEBUG  ] ops.weighted_average_wirelength.weighted_average_wirelength - wirelength forward 221.764 ms
[DEBUG  ] ops.electric_potential.electric_potential - density forward 2.399 ms
[DEBUG  ] ops.electric_potential.electric_potential - density backward 2.126 ms
[DEBUG  ] ops.weighted_average_wirelength.weighted_average_wirelength - wirelength backward 11.151 ms
[INFO   ] DREAMPlacePCB - iteration    2, DensityWeight 8.8503E-06
, wHPWL 3.4036E+03, Overflow 2.8988E-01
, RouteOverflow 1.9983E-01, PinOverflow 7.0710E-01
, gamma 5.8825E-01, time 0.9439ms

[INFO   ] DREAMPlacePCB - full step 502.491 ms

[DEBUG  ] ops.weighted_average_wirelength.weighted_average_wirelength - wirelength forward 20.136 ms
[DEBUG  ] ops.electric_potential.electric_potential - density forward 4.108 ms
[DEBUG  ] ops.electric_potential.electric_potential - density backward 20.531 ms
[DEBUG  ] ops.weighted_average_wirelength.weighted_average_wirelength - wirelength backward 2.846 ms
[INFO   ] DREAMPlacePCB - optimizer step 2.593 ms
[DEBUG  ] ops.weighted_average_wirelength.weighted_average_wirelength - wirelength forward 381.693 ms
[DEBUG  ] ops.electric_potential.electric_potential - density forward 84.503 ms
[DEBUG  ] ops.electric_potential.electric_potential - density backward 4.754 ms
[DEBUG  ] ops.weighted_average_wirelength.weighted_average_wirelength - wirelength backward 0.489 ms
[INFO   ] DREAMPlacePCB - iteration    3, DensityWeight 8.8503E-06
, wHPWL 2.8028E+03, Overflow 3.1195E-01
, RouteOverflow 1.1890E-01, PinOverflow 7.0923E-01
, gamma 5.2542E-01, time 0.6602ms

[INFO   ] DREAMPlacePCB - full step 871.570 ms

[DEBUG  ] ops.weighted_average_wirelength.weighted_average_wirelength - wirelength forward 1.623 ms
[DEBUG  ] ops.electric_potential.electric_potential - density forward 51.587 ms
[DEBUG  ] ops.electric_potential.electric_potential - density backward 8.274 ms
[DEBUG  ] ops.weighted_average_wirelength.weighted_average_wirelength - wirelength backward 17.133 ms
[INFO   ] DREAMPlacePCB - optimizer step 2.160 ms
[DEBUG  ] ops.weighted_average_wirelength.weighted_average_wirelength - wirelength forward 290.936 ms
[DEBUG  ] ops.electric_potential.electric_potential - density forward 2.302 ms
[DEBUG  ] ops.electric_potential.electric_potential - density backward 2.084 ms
[DEBUG  ] ops.weighted_average_wirelength.weighted_average_wirelength - wirelength backward 0.357 ms
[INFO   ] DREAMPlacePCB - iteration    4, DensityWeight 8.8503E-06
, wHPWL 7.0957E+03, Overflow 3.8406E-01
, RouteOverflow 1.2627E-01, PinOverflow 6.8950E-01
, gamma 5.8825E-01, time 0.7463ms

[INFO   ] DREAMPlacePCB - full step 462.503 ms

[WARNING] DREAMPlacePCB - Divergence detected: overflow fluctuate too frequently (1.00 > 0.6)
[ERROR  ] DREAMPlacePCB - possible DIVERGENCE detected, roll back to the best position recorded
[DEBUG  ] ops.weighted_average_wirelength.weighted_average_wirelength - wirelength forward 9.438 ms
[DEBUG  ] ops.electric_potential.electric_potential - density forward 3.349 ms
[DEBUG  ] ops.electric_potential.electric_potential - density backward 9.616 ms
[DEBUG  ] ops.weighted_average_wirelength.weighted_average_wirelength - wirelength backward 6.158 ms
[INFO   ] DREAMPlacePCB - optimizer step 8.267 ms
[DEBUG  ] ops.weighted_average_wirelength.weighted_average_wirelength - wirelength forward 220.313 ms
[DEBUG  ] ops.electric_potential.electric_potential - density forward 4.128 ms
[DEBUG  ] ops.electric_potential.electric_potential - density backward 13.811 ms
[DEBUG  ] ops.weighted_average_wirelength.weighted_average_wirelength - wirelength backward 7.641 ms
[INFO   ] DREAMPlacePCB - iteration    5, DensityWeight 8.8503E-06
, wHPWL 6.6518E+03, Overflow 3.7314E-03
, RouteOverflow 1.6626E-01, PinOverflow 6.7955E-01
, gamma 8.5078E-01, time 0.7343ms

[INFO   ] DREAMPlacePCB - full step 350.776 ms

[INFO   ] ops.adjust_node_area.adjust_node_area - area_increment = 3.062500E+02, area_increment / movable = 1, area_adjust_stop_ratio = 0.01
[INFO   ] ops.adjust_node_area.adjust_node_area - area_increment / total_place_area = 0.0721845, area_increment / filler = inf, area_increment / total_whitespace_area = 0.0778005
[INFO   ] ops.adjust_node_area.adjust_node_area - route_area_increment_ratio = 1, route_area_adjust_stop_ratio = 0.01
[INFO   ] ops.adjust_node_area.adjust_node_area - inflation ratio for movable nodes: avg/max 2/2
[INFO   ] ops.adjust_node_area.adjust_node_area - old total movable nodes area 3.062E+02, filler area 0.000E+00, total movable + filler area 3.062E+02, total_place_area 4.243E+03
[INFO   ] ops.adjust_node_area.adjust_node_area - new total movable nodes area 6.125E+02, filler area 0.000E+00, total movable + filler area 6.125E+02, total_place_area 4.243E+03
[INFO   ] ops.adjust_node_area.adjust_node_area - new target_density 0.144369
[INFO   ] DREAMPlacePCB - routability optimization round 0: adjust area flags = (1, 1, 0) -> (1, 1, 0)
[INFO   ] ops.electric_potential.electric_potential - regard 0 cells as movable macros in global placement
[DEBUG  ] ops.weighted_average_wirelength.weighted_average_wirelength - wirelength forward 2.647 ms
[DEBUG  ] ops.weighted_average_wirelength.weighted_average_wirelength - wirelength backward 115.172 ms
[INFO   ] ops.electric_potential.electric_potential - fixed density map: average 0.00079743, max 0.00999909, bin area 0.00493112
[DEBUG  ] ops.electric_potential.electric_potential - density forward 2.631 ms
[DEBUG  ] ops.electric_potential.electric_potential - density backward 2.763 ms
[INFO   ] DREAMPlacePCB - density_weight = 2.912287E-04
[DEBUG  ] ops.weighted_average_wirelength.weighted_average_wirelength - wirelength forward 1.674 ms
[DEBUG  ] ops.electric_potential.electric_potential - density forward 4.256 ms
[DEBUG  ] ops.electric_potential.electric_potential - density backward 21.235 ms
[DEBUG  ] ops.weighted_average_wirelength.weighted_average_wirelength - wirelength backward 5.949 ms
[DEBUG  ] ops.weighted_average_wirelength.weighted_average_wirelength - wirelength forward 7.364 ms
[DEBUG  ] ops.electric_potential.electric_potential - density forward 9.165 ms
[DEBUG  ] ops.electric_potential.electric_potential - density backward 2.796 ms
[DEBUG  ] ops.weighted_average_wirelength.weighted_average_wirelength - wirelength backward 2.682 ms
[INFO   ] DREAMPlacePCB - optimizer adam takes 5.602 seconds
[INFO   ] DREAMPlacePCB - Start legalization
[INFO   ] DREAMPlacePCB - legalization takes 0.033 seconds
[INFO   ] DREAMPlacePCB - iteration    6, DensityWeight 2.9123E-04
, wHPWL 6.6518E+03, Overflow 2.2842E-02
, RouteOverflow 1.6626E-01, PinOverflow 5.7610E-01
, gamma 1.2152E-01, time 101.7985ms

[INFO   ] DREAMPlacePCB - non-linear placement takes 6.15 seconds
[INFO   ] DREAMPlacePCB - writing to ././mobohb_log/run-162_0_0/bm1/bm1.unrouted.kicad_pcb
[INFO   ] DREAMPlacePCB - write placement solution takes 0.008 seconds
[DEBUG  ] hpbandster.run_0.worker.56aac6d1e540.2562 - WORKER: done with job (162, 0, 0), trying to register it.
[INFO   ] hpbandster.run_0.worker.56aac6d1e540.2562 - WORKER: registered result for job (162, 0, 0) with dispatcher
[INFO   ] hpbandster.run_0.worker.56aac6d1e540.2562 - WORKER: start processing job (163, 0, 0)
[DEBUG  ] hpbandster.run_0.worker.56aac6d1e540.2562 - WORKER: args: ()
[DEBUG  ] hpbandster.run_0.worker.56aac6d1e540.2562 - WORKER: kwargs: {'config': {'GP_learning_rate': 0.23, 'GP_learning_rate_decay': 0.99, 'GP_num_bins_x': 256, 'GP_num_bins_y': 1024, 'GP_optimizer': 'adam', 'GP_wirelength': 'weighted_average', 'RePlAce_LOWER_PCOF': 0.9400000000000001, 'RePlAce_UPPER_PCOF': 1.08, 'RePlAce_ref_hpwl': 4500, 'density_weight': 0.00019, 'gamma': 5.3, 'stop_overflow': 0.08}, 'budget': 1.0, 'working_directory': '.'}
