[INFO   ] DREAMPlacePCB - parameters = {'pcb_input': '../../../examples/test_data/bm1/bm1.unrouted.kicad_pcb', 'result_dir': './mobohb_log/run-172_0_0', 'gpu': 1, 'num_bins_x': 1024, 'num_bins_y': 1024, 'global_place_stages': [{'num_bins_x': 256, 'num_bins_y': 2048, 'iteration': 1000, 'learning_rate': 0.14300000000000002, 'learning_rate_decay': 0.99, 'wirelength': 'weighted_average', 'optimizer': 'adam', 'Llambda_density_weight_iteration': 1, 'Lsub_iteration': 1, 'routability_Lsub_iteration': 1}], 'target_density': 1.0, 'density_weight': 0.00032, 'update_density_weight': 0, 'random_seed': 1000, 'scale_factor': 1.0, 'shift_factor': [97.6411, 78.2736], 'ignore_net_degree': 100, 'enable_fillers': 0, 'global_place_flag': 1, 'legalize_flag': 1, 'detailed_place_flag': 0, 'stop_overflow': 0.1, 'dtype': 'float32', 'plot_flag': 0, 'gif_flag': 0, 'metric_plot_flag': 0, 'RePlAce_ref_hpwl': 1600, 'RePlAce_LOWER_PCOF': 0.93, 'RePlAce_UPPER_PCOF': 1.1300000000000001, 'gamma': 6.6000000000000005, 'RePlAce_skip_energy_flag': 0, 'random_center_init_flag': 1, 'sort_nets_by_degree': 0, 'num_threads': 8, 'routability_opt_flag': 1, 'route_num_bins_x': 512, 'route_num_bins_y': 512, 'node_area_adjust_overflow': 0.15, 'max_num_area_adjust': 3, 'adjust_rudy_area_flag': 1, 'adjust_pin_area_flag': 0, 'area_adjust_stop_ratio': 0.01, 'route_area_adjust_stop_ratio': 0.01, 'pin_area_adjust_stop_ratio': 0.05, 'unit_horizontal_capacity': 1.5625, 'unit_vertical_capacity': 1.45, 'unit_pin_capacity': 0.058, 'max_route_opt_adjust_rate': 2.0, 'route_opt_adjust_exponent': 2.0, 'pin_stretch_ratio': 1.414213562, 'max_pin_opt_adjust_rate': 1.5, 'deterministic_flag': 0, 'row_height': 0.01, 'site_width': 0.01, 'test_hpwl_flag': 0, 'write_back_flag': 1}
[INFO   ] DREAMPlacePCB - node name = U7
[INFO   ] DREAMPlacePCB - add a FpPoly point, X = 165.098, Y = 99.8836, width = 0.1
[INFO   ] DREAMPlacePCB - add a FpPoly point, X = 165.173, Y = 107.559, width = 0.1
[INFO   ] DREAMPlacePCB - add a FpPoly point, X = 160.086, Y = 107.584, width = 0.1
[INFO   ] DREAMPlacePCB - add a FpPoly point, X = 160.111, Y = 99.8836, width = 0.1
[INFO   ] DREAMPlacePCB - node name:U7, pad number:1, node_center = (162.598, 103.734), offset = (-1.27, -2.54), pad_size = (1.524, 1.524)
[INFO   ] DREAMPlacePCB - node name:U7, pad number:2, node_center = (162.598, 103.734), offset = (1.27, -2.54), pad_size = (1.524, 1.524)
[INFO   ] DREAMPlacePCB - node name:U7, pad number:3, node_center = (162.598, 103.734), offset = (-1.27, 0), pad_size = (1.524, 1.524)
[INFO   ] DREAMPlacePCB - node name:U7, pad number:4, node_center = (162.598, 103.734), offset = (1.27, 0), pad_size = (1.524, 1.524)
[INFO   ] DREAMPlacePCB - node name:U7, pad number:5, node_center = (162.598, 103.734), offset = (-1.27, 2.54), pad_size = (1.524, 1.524)
[INFO   ] DREAMPlacePCB - node name:U7, pad number:6, node_center = (162.598, 103.734), offset = (1.27, 2.54), pad_size = (1.524, 1.524)
[INFO   ] DREAMPlacePCB - node name:U7, width, height = (5.1875, 7.8), fp_x_left = 160.036, fp_y_bottom = 99.8336
[INFO   ] DREAMPlacePCB - node name = U14
[INFO   ] DREAMPlacePCB - add a FpPoly point, X = 162.461, Y = 82.2236, width = 0.1
[INFO   ] DREAMPlacePCB - add a FpPoly point, X = 142.211, Y = 82.1736, width = 0.1
[INFO   ] DREAMPlacePCB - add a FpPoly point, X = 142.161, Y = 79.5236, width = 0.1
[INFO   ] DREAMPlacePCB - add a FpPoly point, X = 162.461, Y = 79.5236, width = 0.1
[INFO   ] DREAMPlacePCB - node name:U14, pad number:1, node_center = (152.311, 80.8736), offset = (8.89, 0), pad_size = (1.524, 3.048)
[INFO   ] DREAMPlacePCB - node name:U14, pad number:2, node_center = (152.311, 80.8736), offset = (6.35, 0), pad_size = (1.524, 3.048)
[INFO   ] DREAMPlacePCB - node name:U14, pad number:3, node_center = (152.311, 80.8736), offset = (3.81, 0), pad_size = (1.524, 3.048)
[INFO   ] DREAMPlacePCB - node name:U14, pad number:4, node_center = (152.311, 80.8736), offset = (1.27, 0), pad_size = (1.524, 3.048)
[INFO   ] DREAMPlacePCB - node name:U14, pad number:5, node_center = (152.311, 80.8736), offset = (-1.27, 0), pad_size = (1.524, 3.048)
[INFO   ] DREAMPlacePCB - node name:U14, pad number:6, node_center = (152.311, 80.8736), offset = (-3.81, 0), pad_size = (1.524, 3.048)
[INFO   ] DREAMPlacePCB - node name:U14, pad number:7, node_center = (152.311, 80.8736), offset = (-6.35, 0), pad_size = (1.524, 3.048)
[INFO   ] DREAMPlacePCB - node name:U14, pad number:8, node_center = (152.311, 80.8736), offset = (-8.89, 0), pad_size = (1.524, 3.048)
[INFO   ] DREAMPlacePCB - node name:U14, width, height = (20.4, 3.048), fp_x_left = 142.111, fp_y_bottom = 79.3496
[INFO   ] DREAMPlacePCB - node name = U15
[INFO   ] DREAMPlacePCB - add a FpPoly point, X = 140.821, Y = 82.3236, width = 0.1
[INFO   ] DREAMPlacePCB - add a FpPoly point, X = 120.571, Y = 82.2736, width = 0.1
[INFO   ] DREAMPlacePCB - add a FpPoly point, X = 120.521, Y = 79.6236, width = 0.1
[INFO   ] DREAMPlacePCB - add a FpPoly point, X = 140.821, Y = 79.6236, width = 0.1
[INFO   ] DREAMPlacePCB - node name:U15, pad number:1, node_center = (130.721, 80.8736), offset = (8.89, 0), pad_size = (1.524, 3.048)
[INFO   ] DREAMPlacePCB - node name:U15, pad number:2, node_center = (130.721, 80.8736), offset = (6.35, 0), pad_size = (1.524, 3.048)
[INFO   ] DREAMPlacePCB - node name:U15, pad number:3, node_center = (130.721, 80.8736), offset = (3.81, 0), pad_size = (1.524, 3.048)
[INFO   ] DREAMPlacePCB - node name:U15, pad number:4, node_center = (130.721, 80.8736), offset = (1.27, 0), pad_size = (1.524, 3.048)
[INFO   ] DREAMPlacePCB - node name:U15, pad number:5, node_center = (130.721, 80.8736), offset = (-1.27, 0), pad_size = (1.524, 3.048)
[INFO   ] DREAMPlacePCB - node name:U15, pad number:6, node_center = (130.721, 80.8736), offset = (-3.81, 0), pad_size = (1.524, 3.048)
[INFO   ] DREAMPlacePCB - node name:U15, pad number:7, node_center = (130.721, 80.8736), offset = (-6.35, 0), pad_size = (1.524, 3.048)
[INFO   ] DREAMPlacePCB - node name:U15, pad number:8, node_center = (130.721, 80.8736), offset = (-8.89, 0), pad_size = (1.524, 3.048)
[INFO   ] DREAMPlacePCB - node name:U15, width, height = (20.4, 3.048), fp_x_left = 120.471, fp_y_bottom = 79.3496
[INFO   ] DREAMPlacePCB - node name = U6
[INFO   ] DREAMPlacePCB - add a FpPoly point, X = 175.319, Y = 106.834, width = 0.1
[INFO   ] DREAMPlacePCB - add a FpPoly point, X = 168.519, Y = 106.834, width = 0.1
[INFO   ] DREAMPlacePCB - add a FpPoly point, X = 168.569, Y = 100.734, width = 0.1
[INFO   ] DREAMPlacePCB - add a FpPoly point, X = 175.369, Y = 100.734, width = 0.1
[INFO   ] DREAMPlacePCB - node name:U6, pad number:1, node_center = (171.869, 103.734), offset = (3.2512, 2.2606), pad_size = (3.048, 1.524)
[INFO   ] DREAMPlacePCB - node name:U6, pad number:2, node_center = (171.869, 103.734), offset = (-3.2512, 2.2606), pad_size = (3.048, 1.524)
[INFO   ] DREAMPlacePCB - node name:U6, pad number:3, node_center = (171.869, 103.734), offset = (3.2512, -2.2606), pad_size = (3.048, 1.524)
[INFO   ] DREAMPlacePCB - node name:U6, pad number:4, node_center = (171.869, 103.734), offset = (-3.2512, -2.2606), pad_size = (3.048, 1.524)
[INFO   ] DREAMPlacePCB - node name:U6, width, height = (9.5504, 6.2), fp_x_left = 167.094, fp_y_bottom = 100.684
[INFO   ] DREAMPlacePCB - node name = U55
[INFO   ] DREAMPlacePCB - add a FpPoly point, X = 95.1501, Y = 128.542, width = 0.1
[INFO   ] DREAMPlacePCB - add a FpPoly point, X = 95.1501, Y = 119.292, width = 0.1
[INFO   ] DREAMPlacePCB - add a FpPoly point, X = 108.9, Y = 119.292, width = 0.1
[INFO   ] DREAMPlacePCB - add a FpPoly point, X = 108.9, Y = 128.542, width = 0.1
[INFO   ] DREAMPlacePCB - node name:U55, pad number:1, node_center = (103.035, 123.292), offset = (2.7178, 5.08), pad_size = (4.826, 4.826)
[INFO   ] DREAMPlacePCB - node name:U55, pad number:2, node_center = (103.035, 123.292), offset = (5.715, 0.0762), pad_size = (4.826, 4.826)
[INFO   ] DREAMPlacePCB - node name:U55, pad number:3, node_center = (103.035, 123.292), offset = (-0.2794, 0.0762), pad_size = (4.826, 4.826)
[INFO   ] DREAMPlacePCB - node name:U55, width, height = (16.063, 11.543), fp_x_left = 95.1001, fp_y_bottom = 119.242
[INFO   ] DREAMPlacePCB - node name = U5
[INFO   ] DREAMPlacePCB - add a FpPoly point, X = 129.471, Y = 127.884, width = 0.1
[INFO   ] DREAMPlacePCB - add a FpPoly point, X = 144.671, Y = 127.884, width = 0.1
[INFO   ] DREAMPlacePCB - add a FpPoly point, X = 144.671, Y = 130.384, width = 0.1
[INFO   ] DREAMPlacePCB - add a FpPoly point, X = 129.471, Y = 130.384, width = 0.1
[INFO   ] DREAMPlacePCB - node name:U5, pad number:1, node_center = (137.071, 129.134), offset = (-6.35, 0), pad_size = (1.524, 3.048)
[INFO   ] DREAMPlacePCB - node name:U5, pad number:2, node_center = (137.071, 129.134), offset = (-3.81, 0), pad_size = (1.524, 3.048)
[INFO   ] DREAMPlacePCB - node name:U5, pad number:3, node_center = (137.071, 129.134), offset = (-1.27, 0), pad_size = (1.524, 3.048)
[INFO   ] DREAMPlacePCB - node name:U5, pad number:4, node_center = (137.071, 129.134), offset = (1.27, 0), pad_size = (1.524, 3.048)
[INFO   ] DREAMPlacePCB - node name:U5, pad number:5, node_center = (137.071, 129.134), offset = (3.81, 0), pad_size = (1.524, 3.048)
[INFO   ] DREAMPlacePCB - node name:U5, pad number:6, node_center = (137.071, 129.134), offset = (6.35, 0), pad_size = (1.524, 3.048)
[INFO   ] DREAMPlacePCB - node name:U5, width, height = (15.3, 3.048), fp_x_left = 129.421, fp_y_bottom = 127.61
[INFO   ] DREAMPlacePCB - node name = U11
[INFO   ] DREAMPlacePCB - add a FpPoly point, X = 147.241, Y = 127.684, width = 0.1
[INFO   ] DREAMPlacePCB - add a FpPoly point, X = 167.491, Y = 127.734, width = 0.1
[INFO   ] DREAMPlacePCB - add a FpPoly point, X = 167.541, Y = 130.384, width = 0.1
[INFO   ] DREAMPlacePCB - add a FpPoly point, X = 147.241, Y = 130.384, width = 0.1
[INFO   ] DREAMPlacePCB - node name:U11, pad number:1, node_center = (157.391, 129.134), offset = (-8.89, 0), pad_size = (1.524, 3.048)
[INFO   ] DREAMPlacePCB - node name:U11, pad number:2, node_center = (157.391, 129.134), offset = (-6.35, 0), pad_size = (1.524, 3.048)
[INFO   ] DREAMPlacePCB - node name:U11, pad number:3, node_center = (157.391, 129.134), offset = (-3.81, 0), pad_size = (1.524, 3.048)
[INFO   ] DREAMPlacePCB - node name:U11, pad number:4, node_center = (157.391, 129.134), offset = (-1.27, 0), pad_size = (1.524, 3.048)
[INFO   ] DREAMPlacePCB - node name:U11, pad number:5, node_center = (157.391, 129.134), offset = (1.27, 0), pad_size = (1.524, 3.048)
[INFO   ] DREAMPlacePCB - node name:U11, pad number:6, node_center = (157.391, 129.134), offset = (3.81, 0), pad_size = (1.524, 3.048)
[INFO   ] DREAMPlacePCB - node name:U11, pad number:7, node_center = (157.391, 129.134), offset = (6.35, 0), pad_size = (1.524, 3.048)
[INFO   ] DREAMPlacePCB - node name:U11, pad number:8, node_center = (157.391, 129.134), offset = (8.89, 0), pad_size = (1.524, 3.048)
[INFO   ] DREAMPlacePCB - node name:U11, width, height = (20.4, 3.048), fp_x_left = 147.191, fp_y_bottom = 127.61
[INFO   ] DREAMPlacePCB - node name = U13
[INFO   ] DREAMPlacePCB - add a FpPoly point, X = 185.371, Y = 82.2736, width = 0.1
[INFO   ] DREAMPlacePCB - add a FpPoly point, X = 165.121, Y = 82.2236, width = 0.1
[INFO   ] DREAMPlacePCB - add a FpPoly point, X = 165.071, Y = 79.5736, width = 0.1
[INFO   ] DREAMPlacePCB - add a FpPoly point, X = 185.371, Y = 79.5736, width = 0.1
[INFO   ] DREAMPlacePCB - node name:U13, pad number:1, node_center = (175.171, 80.8736), offset = (8.89, 0), pad_size = (1.524, 3.048)
[INFO   ] DREAMPlacePCB - node name:U13, pad number:2, node_center = (175.171, 80.8736), offset = (6.35, 0), pad_size = (1.524, 3.048)
[INFO   ] DREAMPlacePCB - node name:U13, pad number:3, node_center = (175.171, 80.8736), offset = (3.81, 0), pad_size = (1.524, 3.048)
[INFO   ] DREAMPlacePCB - node name:U13, pad number:4, node_center = (175.171, 80.8736), offset = (1.27, 0), pad_size = (1.524, 3.048)
[INFO   ] DREAMPlacePCB - node name:U13, pad number:5, node_center = (175.171, 80.8736), offset = (-1.27, 0), pad_size = (1.524, 3.048)
[INFO   ] DREAMPlacePCB - node name:U13, pad number:6, node_center = (175.171, 80.8736), offset = (-3.81, 0), pad_size = (1.524, 3.048)
[INFO   ] DREAMPlacePCB - node name:U13, pad number:7, node_center = (175.171, 80.8736), offset = (-6.35, 0), pad_size = (1.524, 3.048)
[INFO   ] DREAMPlacePCB - node name:U13, pad number:8, node_center = (175.171, 80.8736), offset = (-8.89, 0), pad_size = (1.524, 3.048)
[INFO   ] DREAMPlacePCB - node name:U13, width, height = (20.4, 3.048), fp_x_left = 165.021, fp_y_bottom = 79.3496
[INFO   ] DREAMPlacePCB - node name = U56
[INFO   ] DREAMPlacePCB - add a FpPoly point, X = 141.351, Y = 96.2272, width = 0.1
[INFO   ] DREAMPlacePCB - add a FpPoly point, X = 155.601, Y = 96.2272, width = 0.1
[INFO   ] DREAMPlacePCB - add a FpPoly point, X = 155.601, Y = 110.477, width = 0.1
[INFO   ] DREAMPlacePCB - add a FpPoly point, X = 141.351, Y = 110.477, width = 0.1
[INFO   ] DREAMPlacePCB - node name:U56, pad number:1, node_center = (148.501, 103.327), offset = (-8, -6), pad_size = (1.5, 0.35)
[INFO   ] DREAMPlacePCB - node name:U56, pad number:2, node_center = (148.501, 103.327), offset = (-8, -5.5), pad_size = (1.5, 0.35)
[INFO   ] DREAMPlacePCB - node name:U56, pad number:3, node_center = (148.501, 103.327), offset = (-8, -5), pad_size = (1.5, 0.35)
[INFO   ] DREAMPlacePCB - node name:U56, pad number:4, node_center = (148.501, 103.327), offset = (-8, -4.5), pad_size = (1.5, 0.35)
[INFO   ] DREAMPlacePCB - node name:U56, pad number:5, node_center = (148.501, 103.327), offset = (-8, -4), pad_size = (1.5, 0.35)
[INFO   ] DREAMPlacePCB - node name:U56, pad number:6, node_center = (148.501, 103.327), offset = (-8, -3.5), pad_size = (1.5, 0.35)
[INFO   ] DREAMPlacePCB - node name:U56, pad number:7, node_center = (148.501, 103.327), offset = (-8, -3), pad_size = (1.5, 0.35)
[INFO   ] DREAMPlacePCB - node name:U56, pad number:8, node_center = (148.501, 103.327), offset = (-8, -2.5), pad_size = (1.5, 0.35)
[INFO   ] DREAMPlacePCB - node name:U56, pad number:9, node_center = (148.501, 103.327), offset = (-8, -2), pad_size = (1.5, 0.35)
[INFO   ] DREAMPlacePCB - node name:U56, pad number:10, node_center = (148.501, 103.327), offset = (-8, -1.5), pad_size = (1.5, 0.35)
[INFO   ] DREAMPlacePCB - node name:U56, pad number:11, node_center = (148.501, 103.327), offset = (-8, -1), pad_size = (1.5, 0.35)
[INFO   ] DREAMPlacePCB - node name:U56, pad number:12, node_center = (148.501, 103.327), offset = (-8, -0.5), pad_size = (1.5, 0.35)
[INFO   ] DREAMPlacePCB - node name:U56, pad number:13, node_center = (148.501, 103.327), offset = (-8, 0), pad_size = (1.5, 0.35)
[INFO   ] DREAMPlacePCB - node name:U56, pad number:14, node_center = (148.501, 103.327), offset = (-8, 0.5), pad_size = (1.5, 0.35)
[INFO   ] DREAMPlacePCB - node name:U56, pad number:15, node_center = (148.501, 103.327), offset = (-8, 1), pad_size = (1.5, 0.35)
[INFO   ] DREAMPlacePCB - node name:U56, pad number:16, node_center = (148.501, 103.327), offset = (-8, 1.5), pad_size = (1.5, 0.35)
[INFO   ] DREAMPlacePCB - node name:U56, pad number:17, node_center = (148.501, 103.327), offset = (-8, 2), pad_size = (1.5, 0.35)
[INFO   ] DREAMPlacePCB - node name:U56, pad number:18, node_center = (148.501, 103.327), offset = (-8, 2.5), pad_size = (1.5, 0.35)
[INFO   ] DREAMPlacePCB - node name:U56, pad number:19, node_center = (148.501, 103.327), offset = (-8, 3), pad_size = (1.5, 0.35)
[INFO   ] DREAMPlacePCB - node name:U56, pad number:20, node_center = (148.501, 103.327), offset = (-8, 3.5), pad_size = (1.5, 0.35)
[INFO   ] DREAMPlacePCB - node name:U56, pad number:21, node_center = (148.501, 103.327), offset = (-8, 4), pad_size = (1.5, 0.35)
[INFO   ] DREAMPlacePCB - node name:U56, pad number:22, node_center = (148.501, 103.327), offset = (-8, 4.5), pad_size = (1.5, 0.35)
[INFO   ] DREAMPlacePCB - node name:U56, pad number:23, node_center = (148.501, 103.327), offset = (-8, 5), pad_size = (1.5, 0.35)
[INFO   ] DREAMPlacePCB - node name:U56, pad number:24, node_center = (148.501, 103.327), offset = (-8, 5.5), pad_size = (1.5, 0.35)
[INFO   ] DREAMPlacePCB - node name:U56, pad number:25, node_center = (148.501, 103.327), offset = (-8, 6), pad_size = (1.5, 0.35)
[INFO   ] DREAMPlacePCB - node name:U56, pad number:26, node_center = (148.501, 103.327), offset = (-6, 8), pad_size = (0.35, 1.5)
[INFO   ] DREAMPlacePCB - node name:U56, pad number:27, node_center = (148.501, 103.327), offset = (-5.5, 8), pad_size = (0.35, 1.5)
[INFO   ] DREAMPlacePCB - node name:U56, pad number:28, node_center = (148.501, 103.327), offset = (-5, 8), pad_size = (0.35, 1.5)
[INFO   ] DREAMPlacePCB - node name:U56, pad number:29, node_center = (148.501, 103.327), offset = (-4.5, 8), pad_size = (0.35, 1.5)
[INFO   ] DREAMPlacePCB - node name:U56, pad number:30, node_center = (148.501, 103.327), offset = (-4, 8), pad_size = (0.35, 1.5)
[INFO   ] DREAMPlacePCB - node name:U56, pad number:31, node_center = (148.501, 103.327), offset = (-3.5, 8), pad_size = (0.35, 1.5)
[INFO   ] DREAMPlacePCB - node name:U56, pad number:32, node_center = (148.501, 103.327), offset = (-3, 8), pad_size = (0.35, 1.5)
[INFO   ] DREAMPlacePCB - node name:U56, pad number:33, node_center = (148.501, 103.327), offset = (-2.5, 8), pad_size = (0.35, 1.5)
[INFO   ] DREAMPlacePCB - node name:U56, pad number:34, node_center = (148.501, 103.327), offset = (-2, 8), pad_size = (0.35, 1.5)
[INFO   ] DREAMPlacePCB - node name:U56, pad number:35, node_center = (148.501, 103.327), offset = (-1.5, 8), pad_size = (0.35, 1.5)
[INFO   ] DREAMPlacePCB - node name:U56, pad number:36, node_center = (148.501, 103.327), offset = (-1, 8), pad_size = (0.35, 1.5)
[INFO   ] DREAMPlacePCB - node name:U56, pad number:37, node_center = (148.501, 103.327), offset = (-0.5, 8), pad_size = (0.35, 1.5)
[INFO   ] DREAMPlacePCB - node name:U56, pad number:38, node_center = (148.501, 103.327), offset = (0, 8), pad_size = (0.35, 1.5)
[INFO   ] DREAMPlacePCB - node name:U56, pad number:39, node_center = (148.501, 103.327), offset = (0.5, 8), pad_size = (0.35, 1.5)
[INFO   ] DREAMPlacePCB - node name:U56, pad number:40, node_center = (148.501, 103.327), offset = (1, 8), pad_size = (0.35, 1.5)
[INFO   ] DREAMPlacePCB - node name:U56, pad number:41, node_center = (148.501, 103.327), offset = (1.5, 8), pad_size = (0.35, 1.5)
[INFO   ] DREAMPlacePCB - node name:U56, pad number:42, node_center = (148.501, 103.327), offset = (2, 8), pad_size = (0.35, 1.5)
[INFO   ] DREAMPlacePCB - node name:U56, pad number:43, node_center = (148.501, 103.327), offset = (2.5, 8), pad_size = (0.35, 1.5)
[INFO   ] DREAMPlacePCB - node name:U56, pad number:44, node_center = (148.501, 103.327), offset = (3, 8), pad_size = (0.35, 1.5)
[INFO   ] DREAMPlacePCB - node name:U56, pad number:45, node_center = (148.501, 103.327), offset = (3.5, 8), pad_size = (0.35, 1.5)
[INFO   ] DREAMPlacePCB - node name:U56, pad number:46, node_center = (148.501, 103.327), offset = (4, 8), pad_size = (0.35, 1.5)
[INFO   ] DREAMPlacePCB - node name:U56, pad number:47, node_center = (148.501, 103.327), offset = (4.5, 8), pad_size = (0.35, 1.5)
[INFO   ] DREAMPlacePCB - node name:U56, pad number:48, node_center = (148.501, 103.327), offset = (5, 8), pad_size = (0.35, 1.5)
[INFO   ] DREAMPlacePCB - node name:U56, pad number:49, node_center = (148.501, 103.327), offset = (5.5, 8), pad_size = (0.35, 1.5)
[INFO   ] DREAMPlacePCB - node name:U56, pad number:50, node_center = (148.501, 103.327), offset = (6, 8), pad_size = (0.35, 1.5)
[INFO   ] DREAMPlacePCB - node name:U56, pad number:51, node_center = (148.501, 103.327), offset = (8, 6), pad_size = (1.5, 0.35)
[INFO   ] DREAMPlacePCB - node name:U56, pad number:52, node_center = (148.501, 103.327), offset = (8, 5.5), pad_size = (1.5, 0.35)
[INFO   ] DREAMPlacePCB - node name:U56, pad number:53, node_center = (148.501, 103.327), offset = (8, 5), pad_size = (1.5, 0.35)
[INFO   ] DREAMPlacePCB - node name:U56, pad number:54, node_center = (148.501, 103.327), offset = (8, 4.5), pad_size = (1.5, 0.35)
[INFO   ] DREAMPlacePCB - node name:U56, pad number:55, node_center = (148.501, 103.327), offset = (8, 4), pad_size = (1.5, 0.35)
[INFO   ] DREAMPlacePCB - node name:U56, pad number:56, node_center = (148.501, 103.327), offset = (8, 3.5), pad_size = (1.5, 0.35)
[INFO   ] DREAMPlacePCB - node name:U56, pad number:57, node_center = (148.501, 103.327), offset = (8, 3), pad_size = (1.5, 0.35)
[INFO   ] DREAMPlacePCB - node name:U56, pad number:58, node_center = (148.501, 103.327), offset = (8, 2.5), pad_size = (1.5, 0.35)
[INFO   ] DREAMPlacePCB - node name:U56, pad number:59, node_center = (148.501, 103.327), offset = (8, 2), pad_size = (1.5, 0.35)
[INFO   ] DREAMPlacePCB - node name:U56, pad number:60, node_center = (148.501, 103.327), offset = (8, 1.5), pad_size = (1.5, 0.35)
[INFO   ] DREAMPlacePCB - node name:U56, pad number:61, node_center = (148.501, 103.327), offset = (8, 1), pad_size = (1.5, 0.35)
[INFO   ] DREAMPlacePCB - node name:U56, pad number:62, node_center = (148.501, 103.327), offset = (8, 0.5), pad_size = (1.5, 0.35)
[INFO   ] DREAMPlacePCB - node name:U56, pad number:63, node_center = (148.501, 103.327), offset = (8, 0), pad_size = (1.5, 0.35)
[INFO   ] DREAMPlacePCB - node name:U56, pad number:64, node_center = (148.501, 103.327), offset = (8, -0.5), pad_size = (1.5, 0.35)
[INFO   ] DREAMPlacePCB - node name:U56, pad number:65, node_center = (148.501, 103.327), offset = (8, -1), pad_size = (1.5, 0.35)
[INFO   ] DREAMPlacePCB - node name:U56, pad number:66, node_center = (148.501, 103.327), offset = (8, -1.5), pad_size = (1.5, 0.35)
[INFO   ] DREAMPlacePCB - node name:U56, pad number:67, node_center = (148.501, 103.327), offset = (8, -2), pad_size = (1.5, 0.35)
[INFO   ] DREAMPlacePCB - node name:U56, pad number:68, node_center = (148.501, 103.327), offset = (8, -2.5), pad_size = (1.5, 0.35)
[INFO   ] DREAMPlacePCB - node name:U56, pad number:69, node_center = (148.501, 103.327), offset = (8, -3), pad_size = (1.5, 0.35)
[INFO   ] DREAMPlacePCB - node name:U56, pad number:70, node_center = (148.501, 103.327), offset = (8, -3.5), pad_size = (1.5, 0.35)
[INFO   ] DREAMPlacePCB - node name:U56, pad number:71, node_center = (148.501, 103.327), offset = (8, -4), pad_size = (1.5, 0.35)
[INFO   ] DREAMPlacePCB - node name:U56, pad number:72, node_center = (148.501, 103.327), offset = (8, -4.5), pad_size = (1.5, 0.35)
[INFO   ] DREAMPlacePCB - node name:U56, pad number:73, node_center = (148.501, 103.327), offset = (8, -5), pad_size = (1.5, 0.35)
[INFO   ] DREAMPlacePCB - node name:U56, pad number:74, node_center = (148.501, 103.327), offset = (8, -5.5), pad_size = (1.5, 0.35)
[INFO   ] DREAMPlacePCB - node name:U56, pad number:75, node_center = (148.501, 103.327), offset = (8, -6), pad_size = (1.5, 0.35)
[INFO   ] DREAMPlacePCB - node name:U56, pad number:76, node_center = (148.501, 103.327), offset = (6, -8), pad_size = (0.35, 1.5)
[INFO   ] DREAMPlacePCB - node name:U56, pad number:77, node_center = (148.501, 103.327), offset = (5.5, -8), pad_size = (0.35, 1.5)
[INFO   ] DREAMPlacePCB - node name:U56, pad number:78, node_center = (148.501, 103.327), offset = (5, -8), pad_size = (0.35, 1.5)
[INFO   ] DREAMPlacePCB - node name:U56, pad number:79, node_center = (148.501, 103.327), offset = (4.5, -8), pad_size = (0.35, 1.5)
[INFO   ] DREAMPlacePCB - node name:U56, pad number:80, node_center = (148.501, 103.327), offset = (4, -8), pad_size = (0.35, 1.5)
[INFO   ] DREAMPlacePCB - node name:U56, pad number:81, node_center = (148.501, 103.327), offset = (3.5, -8), pad_size = (0.35, 1.5)
[INFO   ] DREAMPlacePCB - node name:U56, pad number:82, node_center = (148.501, 103.327), offset = (3, -8), pad_size = (0.35, 1.5)
[INFO   ] DREAMPlacePCB - node name:U56, pad number:83, node_center = (148.501, 103.327), offset = (2.5, -8), pad_size = (0.35, 1.5)
[INFO   ] DREAMPlacePCB - node name:U56, pad number:84, node_center = (148.501, 103.327), offset = (2, -8), pad_size = (0.35, 1.5)
[INFO   ] DREAMPlacePCB - node name:U56, pad number:85, node_center = (148.501, 103.327), offset = (1.5, -8), pad_size = (0.35, 1.5)
[INFO   ] DREAMPlacePCB - node name:U56, pad number:86, node_center = (148.501, 103.327), offset = (1, -8), pad_size = (0.35, 1.5)
[INFO   ] DREAMPlacePCB - node name:U56, pad number:87, node_center = (148.501, 103.327), offset = (0.5, -8), pad_size = (0.35, 1.5)
[INFO   ] DREAMPlacePCB - node name:U56, pad number:88, node_center = (148.501, 103.327), offset = (0, -8), pad_size = (0.35, 1.5)
[INFO   ] DREAMPlacePCB - node name:U56, pad number:89, node_center = (148.501, 103.327), offset = (-0.5, -8), pad_size = (0.35, 1.5)
[INFO   ] DREAMPlacePCB - node name:U56, pad number:90, node_center = (148.501, 103.327), offset = (-1, -8), pad_size = (0.35, 1.5)
[INFO   ] DREAMPlacePCB - node name:U56, pad number:91, node_center = (148.501, 103.327), offset = (-1.5, -8), pad_size = (0.35, 1.5)
[INFO   ] DREAMPlacePCB - node name:U56, pad number:92, node_center = (148.501, 103.327), offset = (-2, -8), pad_size = (0.35, 1.5)
[INFO   ] DREAMPlacePCB - node name:U56, pad number:93, node_center = (148.501, 103.327), offset = (-2.5, -8), pad_size = (0.35, 1.5)
[INFO   ] DREAMPlacePCB - node name:U56, pad number:94, node_center = (148.501, 103.327), offset = (-3, -8), pad_size = (0.35, 1.5)
[INFO   ] DREAMPlacePCB - node name:U56, pad number:95, node_center = (148.501, 103.327), offset = (-3.5, -8), pad_size = (0.35, 1.5)
[INFO   ] DREAMPlacePCB - node name:U56, pad number:96, node_center = (148.501, 103.327), offset = (-4, -8), pad_size = (0.35, 1.5)
[INFO   ] DREAMPlacePCB - node name:U56, pad number:97, node_center = (148.501, 103.327), offset = (-4.5, -8), pad_size = (0.35, 1.5)
[INFO   ] DREAMPlacePCB - node name:U56, pad number:98, node_center = (148.501, 103.327), offset = (-5, -8), pad_size = (0.35, 1.5)
[INFO   ] DREAMPlacePCB - node name:U56, pad number:99, node_center = (148.501, 103.327), offset = (-5.5, -8), pad_size = (0.35, 1.5)
[INFO   ] DREAMPlacePCB - node name:U56, pad number:100, node_center = (148.501, 103.327), offset = (-6, -8), pad_size = (0.35, 1.5)
[INFO   ] DREAMPlacePCB - node name:U56, width, height = (17.5, 17.5), fp_x_left = 139.751, fp_y_bottom = 94.5772
[INFO   ] DREAMPlacePCB - node name = U12
[INFO   ] DREAMPlacePCB - add a FpPoly point, X = 170.051, Y = 127.734, width = 0.1
[INFO   ] DREAMPlacePCB - add a FpPoly point, X = 190.301, Y = 127.784, width = 0.1
[INFO   ] DREAMPlacePCB - add a FpPoly point, X = 190.351, Y = 130.434, width = 0.1
[INFO   ] DREAMPlacePCB - add a FpPoly point, X = 170.051, Y = 130.434, width = 0.1
[INFO   ] DREAMPlacePCB - node name:U12, pad number:1, node_center = (180.251, 129.134), offset = (-8.89, 0), pad_size = (1.524, 3.048)
[INFO   ] DREAMPlacePCB - node name:U12, pad number:2, node_center = (180.251, 129.134), offset = (-6.35, 0), pad_size = (1.524, 3.048)
[INFO   ] DREAMPlacePCB - node name:U12, pad number:3, node_center = (180.251, 129.134), offset = (-3.81, 0), pad_size = (1.524, 3.048)
[INFO   ] DREAMPlacePCB - node name:U12, pad number:4, node_center = (180.251, 129.134), offset = (-1.27, 0), pad_size = (1.524, 3.048)
[INFO   ] DREAMPlacePCB - node name:U12, pad number:5, node_center = (180.251, 129.134), offset = (1.27, 0), pad_size = (1.524, 3.048)
[INFO   ] DREAMPlacePCB - node name:U12, pad number:6, node_center = (180.251, 129.134), offset = (3.81, 0), pad_size = (1.524, 3.048)
[INFO   ] DREAMPlacePCB - node name:U12, pad number:7, node_center = (180.251, 129.134), offset = (6.35, 0), pad_size = (1.524, 3.048)
[INFO   ] DREAMPlacePCB - node name:U12, pad number:8, node_center = (180.251, 129.134), offset = (8.89, 0), pad_size = (1.524, 3.048)
[INFO   ] DREAMPlacePCB - node name:U12, width, height = (20.4, 3.048), fp_x_left = 170.001, fp_y_bottom = 127.61
[INFO   ] DREAMPlacePCB - node name = U52
[INFO   ] DREAMPlacePCB - add a FpPoly point, X = 190.201, Y = 102.454, width = 0.1
[INFO   ] DREAMPlacePCB - add a FpPoly point, X = 190.151, Y = 82.1536, width = 0.1
[INFO   ] DREAMPlacePCB - add a FpPoly point, X = 195.651, Y = 82.1536, width = 0.1
[INFO   ] DREAMPlacePCB - add a FpPoly point, X = 195.701, Y = 102.454, width = 0.1
[INFO   ] DREAMPlacePCB - node name:U52, pad number:1, node_center = (192.951, 92.3036), offset = (1.27, 8.89), pad_size = (1.524, 1.524)
[INFO   ] DREAMPlacePCB - node name:U52, pad number:2, node_center = (192.951, 92.3036), offset = (-1.27, 8.89), pad_size = (1.524, 1.524)
[INFO   ] DREAMPlacePCB - node name:U52, pad number:3, node_center = (192.951, 92.3036), offset = (1.27, 6.35), pad_size = (1.524, 1.524)
[INFO   ] DREAMPlacePCB - node name:U52, pad number:4, node_center = (192.951, 92.3036), offset = (-1.27, 6.35), pad_size = (1.524, 1.524)
[INFO   ] DREAMPlacePCB - node name:U52, pad number:5, node_center = (192.951, 92.3036), offset = (1.27, 3.81), pad_size = (1.524, 1.524)
[INFO   ] DREAMPlacePCB - node name:U52, pad number:6, node_center = (192.951, 92.3036), offset = (-1.27, 3.81), pad_size = (1.524, 1.524)
[INFO   ] DREAMPlacePCB - node name:U52, pad number:7, node_center = (192.951, 92.3036), offset = (1.27, 1.27), pad_size = (1.524, 1.524)
[INFO   ] DREAMPlacePCB - node name:U52, pad number:8, node_center = (192.951, 92.3036), offset = (-1.27, 1.27), pad_size = (1.524, 1.524)
[INFO   ] DREAMPlacePCB - node name:U52, pad number:9, node_center = (192.951, 92.3036), offset = (1.27, -1.27), pad_size = (1.524, 1.524)
[INFO   ] DREAMPlacePCB - node name:U52, pad number:10, node_center = (192.951, 92.3036), offset = (-1.27, -1.27), pad_size = (1.524, 1.524)
[INFO   ] DREAMPlacePCB - node name:U52, pad number:11, node_center = (192.951, 92.3036), offset = (1.27, -3.81), pad_size = (1.524, 1.524)
[INFO   ] DREAMPlacePCB - node name:U52, pad number:12, node_center = (192.951, 92.3036), offset = (-1.27, -3.81), pad_size = (1.524, 1.524)
[INFO   ] DREAMPlacePCB - node name:U52, pad number:13, node_center = (192.951, 92.3036), offset = (1.27, -6.35), pad_size = (1.524, 1.524)
[INFO   ] DREAMPlacePCB - node name:U52, pad number:14, node_center = (192.951, 92.3036), offset = (-1.27, -6.35), pad_size = (1.524, 1.524)
[INFO   ] DREAMPlacePCB - node name:U52, pad number:15, node_center = (192.951, 92.3036), offset = (1.27, -8.89), pad_size = (1.524, 1.524)
[INFO   ] DREAMPlacePCB - node name:U52, pad number:16, node_center = (192.951, 92.3036), offset = (-1.27, -8.89), pad_size = (1.524, 1.524)
[INFO   ] DREAMPlacePCB - node name:U52, width, height = (5.65, 20.4), fp_x_left = 190.101, fp_y_bottom = 82.1036
[INFO   ] DREAMPlacePCB - node name = U51
[INFO   ] DREAMPlacePCB - add a FpPoly point, X = 190.201, Y = 102.474, width = 0.1
[INFO   ] DREAMPlacePCB - add a FpPoly point, X = 190.201, Y = 122.774, width = 0.1
[INFO   ] DREAMPlacePCB - add a FpPoly point, X = 195.701, Y = 122.774, width = 0.1
[INFO   ] DREAMPlacePCB - add a FpPoly point, X = 195.701, Y = 102.474, width = 0.1
[INFO   ] DREAMPlacePCB - node name:U51, pad number:1, node_center = (192.951, 112.624), offset = (1.27, 8.89), pad_size = (1.524, 1.524)
[INFO   ] DREAMPlacePCB - node name:U51, pad number:2, node_center = (192.951, 112.624), offset = (-1.27, 8.89), pad_size = (1.524, 1.524)
[INFO   ] DREAMPlacePCB - node name:U51, pad number:3, node_center = (192.951, 112.624), offset = (1.27, 6.35), pad_size = (1.524, 1.524)
[INFO   ] DREAMPlacePCB - node name:U51, pad number:4, node_center = (192.951, 112.624), offset = (-1.27, 6.35), pad_size = (1.524, 1.524)
[INFO   ] DREAMPlacePCB - node name:U51, pad number:5, node_center = (192.951, 112.624), offset = (1.27, 3.81), pad_size = (1.524, 1.524)
[INFO   ] DREAMPlacePCB - node name:U51, pad number:6, node_center = (192.951, 112.624), offset = (-1.27, 3.81), pad_size = (1.524, 1.524)
[INFO   ] DREAMPlacePCB - node name:U51, pad number:7, node_center = (192.951, 112.624), offset = (1.27, 1.27), pad_size = (1.524, 1.524)
[INFO   ] DREAMPlacePCB - node name:U51, pad number:8, node_center = (192.951, 112.624), offset = (-1.27, 1.27), pad_size = (1.524, 1.524)
[INFO   ] DREAMPlacePCB - node name:U51, pad number:9, node_center = (192.951, 112.624), offset = (1.27, -1.27), pad_size = (1.524, 1.524)
[INFO   ] DREAMPlacePCB - node name:U51, pad number:10, node_center = (192.951, 112.624), offset = (-1.27, -1.27), pad_size = (1.524, 1.524)
[INFO   ] DREAMPlacePCB - node name:U51, pad number:11, node_center = (192.951, 112.624), offset = (1.27, -3.81), pad_size = (1.524, 1.524)
[INFO   ] DREAMPlacePCB - node name:U51, pad number:12, node_center = (192.951, 112.624), offset = (-1.27, -3.81), pad_size = (1.524, 1.524)
[INFO   ] DREAMPlacePCB - node name:U51, pad number:13, node_center = (192.951, 112.624), offset = (1.27, -6.35), pad_size = (1.524, 1.524)
[INFO   ] DREAMPlacePCB - node name:U51, pad number:14, node_center = (192.951, 112.624), offset = (-1.27, -6.35), pad_size = (1.524, 1.524)
[INFO   ] DREAMPlacePCB - node name:U51, pad number:15, node_center = (192.951, 112.624), offset = (1.27, -8.89), pad_size = (1.524, 1.524)
[INFO   ] DREAMPlacePCB - node name:U51, pad number:16, node_center = (192.951, 112.624), offset = (-1.27, -8.89), pad_size = (1.524, 1.524)
[INFO   ] DREAMPlacePCB - node name:U51, width, height = (5.6, 20.4), fp_x_left = 190.151, fp_y_bottom = 102.424
[INFO   ] DREAMPlacePCB - node name = U10
[INFO   ] DREAMPlacePCB - add a FpPoly point, X = 190.431, Y = 79.6236, width = 0.1
[INFO   ] DREAMPlacePCB - add a FpPoly point, X = 192.931, Y = 79.6236, width = 0.1
[INFO   ] DREAMPlacePCB - add a FpPoly point, X = 192.931, Y = 82.1236, width = 0.1
[INFO   ] DREAMPlacePCB - add a FpPoly point, X = 190.431, Y = 82.1236, width = 0.1
[INFO   ] DREAMPlacePCB - node name:U10, pad number:1, node_center = (191.681, 80.8736), offset = (0, 0), pad_size = (1.524, 1.524)
[INFO   ] DREAMPlacePCB - node name:U10, width, height = (2.6, 2.6), fp_x_left = 190.381, fp_y_bottom = 79.5736
[INFO   ] DREAMPlacePCB - node name = U9
[INFO   ] DREAMPlacePCB - add a FpPoly point, X = 192.971, Y = 79.6236, width = 0.1
[INFO   ] DREAMPlacePCB - add a FpPoly point, X = 195.471, Y = 79.6236, width = 0.1
[INFO   ] DREAMPlacePCB - add a FpPoly point, X = 195.471, Y = 82.1236, width = 0.1
[INFO   ] DREAMPlacePCB - add a FpPoly point, X = 192.971, Y = 82.1236, width = 0.1
[INFO   ] DREAMPlacePCB - node name:U9, pad number:1, node_center = (194.221, 80.8736), offset = (0, 0), pad_size = (1.524, 1.524)
[INFO   ] DREAMPlacePCB - node name:U9, width, height = (2.6, 2.6), fp_x_left = 192.921, fp_y_bottom = 79.5736
[INFO   ] DREAMPlacePCB - node name = U1
[INFO   ] DREAMPlacePCB - add a FpPoly point, X = 190.381, Y = 122.804, width = 0.1
[INFO   ] DREAMPlacePCB - add a FpPoly point, X = 192.981, Y = 122.804, width = 0.1
[INFO   ] DREAMPlacePCB - add a FpPoly point, X = 192.981, Y = 125.304, width = 0.1
[INFO   ] DREAMPlacePCB - add a FpPoly point, X = 190.381, Y = 125.304, width = 0.1
[INFO   ] DREAMPlacePCB - node name:U1, pad number:1, node_center = (191.681, 124.054), offset = (0, 0), pad_size = (1.524, 1.524)
[INFO   ] DREAMPlacePCB - node name:U1, width, height = (2.7, 2.6), fp_x_left = 190.331, fp_y_bottom = 122.754
[INFO   ] DREAMPlacePCB - node name = U2
[INFO   ] DREAMPlacePCB - add a FpPoly point, X = 193.021, Y = 122.854, width = 0.1
[INFO   ] DREAMPlacePCB - add a FpPoly point, X = 195.421, Y = 122.854, width = 0.1
[INFO   ] DREAMPlacePCB - add a FpPoly point, X = 195.421, Y = 125.304, width = 0.1
[INFO   ] DREAMPlacePCB - add a FpPoly point, X = 193.021, Y = 125.304, width = 0.1
[INFO   ] DREAMPlacePCB - node name:U2, pad number:1, node_center = (194.221, 124.054), offset = (0, 0), pad_size = (1.524, 1.524)
[INFO   ] DREAMPlacePCB - node name:U2, width, height = (2.5, 2.55), fp_x_left = 192.971, fp_y_bottom = 122.804
[INFO   ] DREAMPlacePCB - node name = U8
[INFO   ] DREAMPlacePCB - add a FpPoly point, X = 130.751, Y = 93.3496, width = 0.1
[INFO   ] DREAMPlacePCB - add a FpPoly point, X = 130.751, Y = 103.45, width = 0.1
[INFO   ] DREAMPlacePCB - add a FpPoly point, X = 128.201, Y = 103.45, width = 0.1
[INFO   ] DREAMPlacePCB - add a FpPoly point, X = 128.151, Y = 93.3496, width = 0.1
[INFO   ] DREAMPlacePCB - node name:U8, pad number:1, node_center = (129.451, 98.3996), offset = (0, -3.81), pad_size = (2.8448, 1.4224)
[INFO   ] DREAMPlacePCB - node name:U8, pad number:2, node_center = (129.451, 98.3996), offset = (0, -1.27), pad_size = (2.8448, 1.4224)
[INFO   ] DREAMPlacePCB - node name:U8, pad number:3, node_center = (129.451, 98.3996), offset = (0, 1.27), pad_size = (2.8448, 1.4224)
[INFO   ] DREAMPlacePCB - node name:U8, pad number:4, node_center = (129.451, 98.3996), offset = (0, 3.81), pad_size = (2.8448, 1.4224)
[INFO   ] DREAMPlacePCB - node name:U8, width, height = (2.8448, 10.2), fp_x_left = 128.029, fp_y_bottom = 93.2996
[INFO   ] DREAMPlacePCB - move cells to the center of layout
[INFO   ] DREAMPlacePCB - unit_pin_capacity = 0.058
[INFO   ] DREAMPlacePCB - set shift_factor = (97.6411, 78.2736), as original row bbox = (97.6411, 78.2736, 194.361, 131.734)
[INFO   ] DREAMPlacePCB - set scale_factor = 1
[INFO   ] DREAMPlacePCB - shift coordinate system by (97.6411, 78.2736), scale coordinate system by 1
[INFO   ] DREAMPlacePCB - 
        ================================= Benchmark Statistics =================================
        #physical nodes = 17, #movable = 1, #nets = 100
        die area = (0, 0, 96.72, 53.46) 5170.65, #pins = 199

        total_movable_node_area = 306.25, total_fixed_node_area = 928.053, total_space_area = 4242.6
	utilization = 0.0721845, target_density = 1
	total_filler_node_area = 0, #fillers = 0, filler sizes = 0x0
	num_bins = 1024x1024, bin sizes = 0.0944531x0.052207
	================================== routing information =================================
	routing grids (512, 512)
	routing grid sizes (0.188906, 0.104414)
	routing capacity H/V (0.163147, 0.273914) per tile
	========================================================================================
[INFO   ] DREAMPlacePCB - reading benchmark takes 0.148777 seconds
[INFO   ] DREAMPlacePCB - reading database takes 0.15 seconds
[INFO   ] DREAMPlacePCB - non-linear placement initialization takes 0.00 seconds
[DEBUG  ] DREAMPlacePCB - build data takes 0.29 seconds
[INFO   ] ops.electric_potential.electric_potential - regard 0 cells as movable macros in global placement
[INFO   ] DREAMPlacePCB - Global placement: 256x2048 bins by default
[INFO   ] DREAMPlacePCB - use adam optimizer
[DEBUG  ] ops.weighted_average_wirelength.weighted_average_wirelength - wirelength forward 2.426 ms
[INFO   ] ops.electric_potential.electric_potential - fixed density map: average 0.00079743, max 0.00999909, bin area 0.00493112
[DEBUG  ] ops.electric_potential.electric_potential - density forward 11.773 ms
[DEBUG  ] ops.electric_potential.electric_potential - density backward 12.583 ms
[DEBUG  ] ops.weighted_average_wirelength.weighted_average_wirelength - wirelength backward 8.058 ms
[DEBUG  ] ops.weighted_average_wirelength.weighted_average_wirelength - wirelength forward 7.891 ms
[DEBUG  ] ops.electric_potential.electric_potential - density forward 6.760 ms
[DEBUG  ] ops.electric_potential.electric_potential - density backward 58.074 ms
[DEBUG  ] ops.weighted_average_wirelength.weighted_average_wirelength - wirelength backward 3.662 ms
[INFO   ] DREAMPlacePCB - adam initialization takes 0.790993 seconds
[DEBUG  ] ops.weighted_average_wirelength.weighted_average_wirelength - wirelength forward 283.840 ms
[DEBUG  ] ops.electric_potential.electric_potential - density forward 3.501 ms
[DEBUG  ] ops.electric_potential.electric_potential - density backward 15.935 ms
[DEBUG  ] ops.weighted_average_wirelength.weighted_average_wirelength - wirelength backward 53.653 ms
[INFO   ] DREAMPlacePCB - iteration    0, DensityWeight 0.0000E+00
, wHPWL 3.8470E+03, Overflow 3.7336E-03
, RouteOverflow 7.5301E-02, PinOverflow 6.7854E-01
, gamma 2.6658E+01, time 56.4437ms

[DEBUG  ] ops.weighted_average_wirelength.weighted_average_wirelength - wirelength forward 1.813 ms
[DEBUG  ] ops.weighted_average_wirelength.weighted_average_wirelength - wirelength backward 2.026 ms
[DEBUG  ] ops.electric_potential.electric_potential - density forward 4.925 ms
[DEBUG  ] ops.electric_potential.electric_potential - density backward 60.248 ms
[INFO   ] DREAMPlacePCB - density_weight = 3.025190E-06
[DEBUG  ] ops.weighted_average_wirelength.weighted_average_wirelength - wirelength forward 13.436 ms
[DEBUG  ] ops.electric_potential.electric_potential - density forward 8.915 ms
[DEBUG  ] ops.electric_potential.electric_potential - density backward 2.113 ms
[DEBUG  ] ops.weighted_average_wirelength.weighted_average_wirelength - wirelength backward 45.079 ms
[INFO   ] DREAMPlacePCB - optimizer step 10.920 ms
[DEBUG  ] ops.weighted_average_wirelength.weighted_average_wirelength - wirelength forward 345.092 ms
[DEBUG  ] ops.electric_potential.electric_potential - density forward 2.231 ms
[DEBUG  ] ops.electric_potential.electric_potential - density backward 13.342 ms
[DEBUG  ] ops.weighted_average_wirelength.weighted_average_wirelength - wirelength backward 7.535 ms
[INFO   ] DREAMPlacePCB - iteration    1, DensityWeight 3.0252E-06
, wHPWL 2.8028E+03, Overflow 3.1195E-01
, RouteOverflow 1.1890E-01, PinOverflow 7.0923E-01
, gamma 2.6658E+01, time 0.7374ms

[INFO   ] DREAMPlacePCB - full step 1092.779 ms

[DEBUG  ] DREAMPlacePCB - Lsub stopping criteria: 0 and 11509.9 > 1967.21 * 0.999
[DEBUG  ] ops.weighted_average_wirelength.weighted_average_wirelength - wirelength forward 8.484 ms
[DEBUG  ] ops.electric_potential.electric_potential - density forward 10.386 ms
[DEBUG  ] ops.electric_potential.electric_potential - density backward 2.388 ms
[DEBUG  ] ops.weighted_average_wirelength.weighted_average_wirelength - wirelength backward 7.714 ms
[INFO   ] DREAMPlacePCB - optimizer step 19.075 ms
[DEBUG  ] ops.weighted_average_wirelength.weighted_average_wirelength - wirelength forward 252.980 ms
[DEBUG  ] ops.electric_potential.electric_potential - density forward 9.364 ms
[DEBUG  ] ops.electric_potential.electric_potential - density backward 1.920 ms
[DEBUG  ] ops.weighted_average_wirelength.weighted_average_wirelength - wirelength backward 22.136 ms
[INFO   ] DREAMPlacePCB - iteration    2, DensityWeight 3.0252E-06
, wHPWL 3.4036E+03, Overflow 2.8988E-01
, RouteOverflow 1.9983E-01, PinOverflow 7.0710E-01
, gamma 7.8856E-01, time 0.7520ms

[INFO   ] DREAMPlacePCB - full step 438.492 ms

[DEBUG  ] ops.weighted_average_wirelength.weighted_average_wirelength - wirelength forward 8.403 ms
[DEBUG  ] ops.electric_potential.electric_potential - density forward 29.037 ms
[DEBUG  ] ops.electric_potential.electric_potential - density backward 9.439 ms
[DEBUG  ] ops.weighted_average_wirelength.weighted_average_wirelength - wirelength backward 7.651 ms
[INFO   ] DREAMPlacePCB - optimizer step 57.368 ms
[DEBUG  ] ops.weighted_average_wirelength.weighted_average_wirelength - wirelength forward 392.636 ms
[DEBUG  ] ops.electric_potential.electric_potential - density forward 8.955 ms
[DEBUG  ] ops.electric_potential.electric_potential - density backward 2.016 ms
[DEBUG  ] ops.weighted_average_wirelength.weighted_average_wirelength - wirelength backward 2.043 ms
[INFO   ] DREAMPlacePCB - iteration    3, DensityWeight 3.0252E-06
, wHPWL 3.2264E+03, Overflow 1.5291E-01
, RouteOverflow 2.3120E-02, PinOverflow 6.9412E-01
, gamma 7.0434E-01, time 0.7317ms

[INFO   ] DREAMPlacePCB - full step 632.230 ms

[DEBUG  ] ops.weighted_average_wirelength.weighted_average_wirelength - wirelength forward 0.503 ms
[DEBUG  ] ops.electric_potential.electric_potential - density forward 5.370 ms
[DEBUG  ] ops.electric_potential.electric_potential - density backward 1.987 ms
[DEBUG  ] ops.weighted_average_wirelength.weighted_average_wirelength - wirelength backward 2.814 ms
[INFO   ] DREAMPlacePCB - optimizer step 15.973 ms
[DEBUG  ] ops.weighted_average_wirelength.weighted_average_wirelength - wirelength forward 241.078 ms
[DEBUG  ] ops.electric_potential.electric_potential - density forward 8.415 ms
[DEBUG  ] ops.electric_potential.electric_potential - density backward 2.232 ms
[DEBUG  ] ops.weighted_average_wirelength.weighted_average_wirelength - wirelength backward 119.337 ms
[INFO   ] DREAMPlacePCB - iteration    4, DensityWeight 3.0252E-06
, wHPWL 3.1483E+03, Overflow 2.4292E-01
, RouteOverflow 1.6424E-01, PinOverflow 7.0199E-01
, gamma 3.4947E-01, time 0.7119ms

[INFO   ] DREAMPlacePCB - full step 483.167 ms

[DEBUG  ] ops.weighted_average_wirelength.weighted_average_wirelength - wirelength forward 37.365 ms
[DEBUG  ] ops.electric_potential.electric_potential - density forward 4.168 ms
[DEBUG  ] ops.electric_potential.electric_potential - density backward 9.536 ms
[DEBUG  ] ops.weighted_average_wirelength.weighted_average_wirelength - wirelength backward 89.629 ms
[INFO   ] DREAMPlacePCB - optimizer step 10.030 ms
[DEBUG  ] ops.weighted_average_wirelength.weighted_average_wirelength - wirelength forward 316.408 ms
[DEBUG  ] ops.electric_potential.electric_potential - density forward 4.739 ms
[DEBUG  ] ops.electric_potential.electric_potential - density backward 2.210 ms
[DEBUG  ] ops.weighted_average_wirelength.weighted_average_wirelength - wirelength backward 0.316 ms
[INFO   ] DREAMPlacePCB - iteration    5, DensityWeight 3.0252E-06
, wHPWL 2.8028E+03, Overflow 3.1195E-01
, RouteOverflow 1.1890E-01, PinOverflow 7.0923E-01
, gamma 5.5390E-01, time 0.7074ms

[INFO   ] DREAMPlacePCB - full step 512.515 ms

[DEBUG  ] ops.weighted_average_wirelength.weighted_average_wirelength - wirelength forward 10.407 ms
[DEBUG  ] ops.electric_potential.electric_potential - density forward 22.005 ms
[DEBUG  ] ops.electric_potential.electric_potential - density backward 10.502 ms
[DEBUG  ] ops.weighted_average_wirelength.weighted_average_wirelength - wirelength backward 11.288 ms
[INFO   ] DREAMPlacePCB - optimizer step 34.852 ms
[DEBUG  ] ops.weighted_average_wirelength.weighted_average_wirelength - wirelength forward 244.667 ms
[DEBUG  ] ops.electric_potential.electric_potential - density forward 2.375 ms
[DEBUG  ] ops.electric_potential.electric_potential - density backward 1.975 ms
[DEBUG  ] ops.weighted_average_wirelength.weighted_average_wirelength - wirelength backward 0.308 ms
[INFO   ] DREAMPlacePCB - iteration    6, DensityWeight 3.0252E-06
, wHPWL 3.9035E+03, Overflow 3.7331E-03
, RouteOverflow 8.5935E-02, PinOverflow 6.7955E-01
, gamma 7.8856E-01, time 0.8984ms

[INFO   ] DREAMPlacePCB - full step 501.736 ms

[INFO   ] ops.adjust_node_area.adjust_node_area - area_increment = 3.062500E+02, area_increment / movable = 1, area_adjust_stop_ratio = 0.01
[INFO   ] ops.adjust_node_area.adjust_node_area - area_increment / total_place_area = 0.0721845, area_increment / filler = inf, area_increment / total_whitespace_area = 0.0778005
[INFO   ] ops.adjust_node_area.adjust_node_area - route_area_increment_ratio = 1, route_area_adjust_stop_ratio = 0.01
[INFO   ] ops.adjust_node_area.adjust_node_area - inflation ratio for movable nodes: avg/max 2/2
[INFO   ] ops.adjust_node_area.adjust_node_area - old total movable nodes area 3.062E+02, filler area 0.000E+00, total movable + filler area 3.062E+02, total_place_area 4.243E+03
[INFO   ] ops.adjust_node_area.adjust_node_area - new total movable nodes area 6.125E+02, filler area 0.000E+00, total movable + filler area 6.125E+02, total_place_area 4.243E+03
[INFO   ] ops.adjust_node_area.adjust_node_area - new target_density 0.144369
[INFO   ] DREAMPlacePCB - routability optimization round 0: adjust area flags = (1, 1, 0) -> (1, 1, 0)
[INFO   ] ops.electric_potential.electric_potential - regard 0 cells as movable macros in global placement
[DEBUG  ] ops.weighted_average_wirelength.weighted_average_wirelength - wirelength forward 4.902 ms
[DEBUG  ] ops.weighted_average_wirelength.weighted_average_wirelength - wirelength backward 1.587 ms
[INFO   ] ops.electric_potential.electric_potential - fixed density map: average 0.00079743, max 0.00999909, bin area 0.00493112
[DEBUG  ] ops.electric_potential.electric_potential - density forward 69.684 ms
[DEBUG  ] ops.electric_potential.electric_potential - density backward 8.878 ms
[INFO   ] DREAMPlacePCB - density_weight = 4.620301E-04
[DEBUG  ] ops.weighted_average_wirelength.weighted_average_wirelength - wirelength forward 7.586 ms
[DEBUG  ] ops.electric_potential.electric_potential - density forward 4.778 ms
[DEBUG  ] ops.electric_potential.electric_potential - density backward 7.840 ms
[DEBUG  ] ops.weighted_average_wirelength.weighted_average_wirelength - wirelength backward 3.075 ms
[DEBUG  ] ops.weighted_average_wirelength.weighted_average_wirelength - wirelength forward 20.751 ms
[DEBUG  ] ops.electric_potential.electric_potential - density forward 13.786 ms
[DEBUG  ] ops.electric_potential.electric_potential - density backward 12.725 ms
[DEBUG  ] ops.weighted_average_wirelength.weighted_average_wirelength - wirelength backward 3.193 ms
[DEBUG  ] ops.weighted_average_wirelength.weighted_average_wirelength - wirelength forward 7.481 ms
[DEBUG  ] ops.electric_potential.electric_potential - density forward 76.789 ms
[DEBUG  ] ops.electric_potential.electric_potential - density backward 4.054 ms
[DEBUG  ] ops.weighted_average_wirelength.weighted_average_wirelength - wirelength backward 2.841 ms
[INFO   ] DREAMPlacePCB - optimizer step 7.444 ms
[DEBUG  ] ops.weighted_average_wirelength.weighted_average_wirelength - wirelength forward 297.851 ms
[DEBUG  ] ops.electric_potential.electric_potential - density forward 7.494 ms
[DEBUG  ] ops.electric_potential.electric_potential - density backward 28.701 ms
[DEBUG  ] ops.weighted_average_wirelength.weighted_average_wirelength - wirelength backward 106.801 ms
[INFO   ] DREAMPlacePCB - iteration    7, DensityWeight 4.6203E-04
, wHPWL 2.6459E+03, Overflow 5.3854E-01
, RouteOverflow 7.5581E-02, PinOverflow 6.3764E-01
, gamma 1.6290E-01, time 6.8882ms

[INFO   ] DREAMPlacePCB - full step 659.483 ms

[DEBUG  ] ops.weighted_average_wirelength.weighted_average_wirelength - wirelength forward 72.187 ms
[DEBUG  ] ops.electric_potential.electric_potential - density forward 37.530 ms
[DEBUG  ] ops.electric_potential.electric_potential - density backward 23.195 ms
[DEBUG  ] ops.weighted_average_wirelength.weighted_average_wirelength - wirelength backward 94.232 ms
[INFO   ] DREAMPlacePCB - optimizer step 7.733 ms
[DEBUG  ] ops.weighted_average_wirelength.weighted_average_wirelength - wirelength forward 152.491 ms
[DEBUG  ] ops.electric_potential.electric_potential - density forward 17.936 ms
[DEBUG  ] ops.electric_potential.electric_potential - density backward 18.775 ms
[DEBUG  ] ops.weighted_average_wirelength.weighted_average_wirelength - wirelength backward 70.776 ms
[INFO   ] DREAMPlacePCB - iteration    8, DensityWeight 4.6203E-04
, wHPWL 3.2014E+03, Overflow 4.5781E-01
, RouteOverflow 1.6718E-01, PinOverflow 6.2997E-01
, gamma 2.5141E+00, time 0.8457ms

[INFO   ] DREAMPlacePCB - full step 535.148 ms

[DEBUG  ] ops.weighted_average_wirelength.weighted_average_wirelength - wirelength forward 38.184 ms
[DEBUG  ] ops.electric_potential.electric_potential - density forward 15.348 ms
[DEBUG  ] ops.electric_potential.electric_potential - density backward 11.857 ms
[DEBUG  ] ops.weighted_average_wirelength.weighted_average_wirelength - wirelength backward 88.484 ms
[INFO   ] DREAMPlacePCB - optimizer step 6.300 ms
[DEBUG  ] ops.weighted_average_wirelength.weighted_average_wirelength - wirelength forward 299.240 ms
[DEBUG  ] ops.electric_potential.electric_potential - density forward 6.932 ms
[DEBUG  ] ops.electric_potential.electric_potential - density backward 6.338 ms
[DEBUG  ] ops.weighted_average_wirelength.weighted_average_wirelength - wirelength backward 135.981 ms
[INFO   ] DREAMPlacePCB - iteration    9, DensityWeight 4.6203E-04
, wHPWL 2.7915E+03, Overflow 3.5200E-01
, RouteOverflow 2.5626E-02, PinOverflow 6.1881E-01
, gamma 1.6633E+00, time 0.8719ms

[INFO   ] DREAMPlacePCB - full step 704.525 ms

[DEBUG  ] ops.weighted_average_wirelength.weighted_average_wirelength - wirelength forward 11.612 ms
[DEBUG  ] ops.electric_potential.electric_potential - density forward 16.081 ms
[DEBUG  ] ops.electric_potential.electric_potential - density backward 14.713 ms
[DEBUG  ] ops.weighted_average_wirelength.weighted_average_wirelength - wirelength backward 75.148 ms
[INFO   ] DREAMPlacePCB - optimizer step 1.207 ms
[DEBUG  ] ops.weighted_average_wirelength.weighted_average_wirelength - wirelength forward 316.979 ms
[DEBUG  ] ops.electric_potential.electric_potential - density forward 4.794 ms
[DEBUG  ] ops.electric_potential.electric_potential - density backward 3.922 ms
[DEBUG  ] ops.weighted_average_wirelength.weighted_average_wirelength - wirelength backward 99.564 ms
[INFO   ] DREAMPlacePCB - iteration   10, DensityWeight 4.6203E-04
, wHPWL 2.8368E+03, Overflow 3.2921E-01
, RouteOverflow 3.5567E-02, PinOverflow 6.1598E-01
, gamma 9.6793E-01, time 0.8020ms

[INFO   ] DREAMPlacePCB - full step 744.989 ms

[DEBUG  ] ops.weighted_average_wirelength.weighted_average_wirelength - wirelength forward 46.285 ms
[DEBUG  ] ops.electric_potential.electric_potential - density forward 20.183 ms
[DEBUG  ] ops.electric_potential.electric_potential - density backward 3.746 ms
[DEBUG  ] ops.weighted_average_wirelength.weighted_average_wirelength - wirelength backward 68.683 ms
[INFO   ] DREAMPlacePCB - optimizer step 7.412 ms
[DEBUG  ] ops.weighted_average_wirelength.weighted_average_wirelength - wirelength forward 338.698 ms
[DEBUG  ] ops.electric_potential.electric_potential - density forward 12.010 ms
[DEBUG  ] ops.electric_potential.electric_potential - density backward 36.834 ms
[DEBUG  ] ops.weighted_average_wirelength.weighted_average_wirelength - wirelength backward 66.975 ms
[INFO   ] DREAMPlacePCB - iteration   11, DensityWeight 4.6203E-04
, wHPWL 2.6433E+03, Overflow 3.9891E-01
, RouteOverflow 5.8011E-02, PinOverflow 6.2408E-01
, gamma 8.6136E-01, time 1.2751ms

[INFO   ] DREAMPlacePCB - full step 695.550 ms

[DEBUG  ] ops.weighted_average_wirelength.weighted_average_wirelength - wirelength forward 7.609 ms
[DEBUG  ] ops.electric_potential.electric_potential - density forward 55.226 ms
[DEBUG  ] ops.electric_potential.electric_potential - density backward 3.806 ms
[DEBUG  ] ops.weighted_average_wirelength.weighted_average_wirelength - wirelength backward 128.558 ms
[INFO   ] DREAMPlacePCB - optimizer step 3.119 ms
[DEBUG  ] ops.weighted_average_wirelength.weighted_average_wirelength - wirelength forward 174.495 ms
[DEBUG  ] ops.electric_potential.electric_potential - density forward 2.616 ms
[DEBUG  ] ops.electric_potential.electric_potential - density backward 7.138 ms
[DEBUG  ] ops.weighted_average_wirelength.weighted_average_wirelength - wirelength backward 115.819 ms
[INFO   ] DREAMPlacePCB - iteration   12, DensityWeight 4.6203E-04
, wHPWL 3.5507E+03, Overflow 2.3705E-01
, RouteOverflow 5.1039E-02, PinOverflow 6.0868E-01
, gamma 1.2305E+00, time 0.6795ms

[INFO   ] DREAMPlacePCB - full step 556.273 ms

[DEBUG  ] ops.weighted_average_wirelength.weighted_average_wirelength - wirelength forward 0.381 ms
[DEBUG  ] ops.electric_potential.electric_potential - density forward 2.930 ms
[DEBUG  ] ops.electric_potential.electric_potential - density backward 6.593 ms
[DEBUG  ] ops.weighted_average_wirelength.weighted_average_wirelength - wirelength backward 51.535 ms
[INFO   ] DREAMPlacePCB - optimizer step 42.249 ms
[DEBUG  ] ops.weighted_average_wirelength.weighted_average_wirelength - wirelength forward 239.171 ms
[DEBUG  ] ops.electric_potential.electric_potential - density forward 44.032 ms
[DEBUG  ] ops.electric_potential.electric_potential - density backward 6.326 ms
[DEBUG  ] ops.weighted_average_wirelength.weighted_average_wirelength - wirelength backward 76.082 ms
[INFO   ] DREAMPlacePCB - iteration   13, DensityWeight 4.6203E-04
, wHPWL 2.6056E+03, Overflow 2.6439E-01
, RouteOverflow 5.3816E-02, PinOverflow 6.1041E-01
, gamma 5.3752E-01, time 0.8321ms

[INFO   ] DREAMPlacePCB - full step 521.924 ms

[DEBUG  ] ops.weighted_average_wirelength.weighted_average_wirelength - wirelength forward 7.313 ms
[DEBUG  ] ops.electric_potential.electric_potential - density forward 9.615 ms
[DEBUG  ] ops.electric_potential.electric_potential - density backward 4.205 ms
[DEBUG  ] ops.weighted_average_wirelength.weighted_average_wirelength - wirelength backward 86.473 ms
[INFO   ] DREAMPlacePCB - optimizer step 2.815 ms
[DEBUG  ] ops.weighted_average_wirelength.weighted_average_wirelength - wirelength forward 163.337 ms
[DEBUG  ] ops.electric_potential.electric_potential - density forward 12.539 ms
[DEBUG  ] ops.electric_potential.electric_potential - density backward 6.428 ms
[DEBUG  ] ops.weighted_average_wirelength.weighted_average_wirelength - wirelength backward 119.937 ms
[INFO   ] DREAMPlacePCB - iteration   14, DensityWeight 4.6203E-04
, wHPWL 2.6660E+03, Overflow 2.9663E-01
, RouteOverflow 5.5467E-02, PinOverflow 6.1409E-01
, gamma 6.1821E-01, time 0.7093ms

[INFO   ] DREAMPlacePCB - full step 500.549 ms

[DEBUG  ] ops.weighted_average_wirelength.weighted_average_wirelength - wirelength forward 7.621 ms
[DEBUG  ] ops.electric_potential.electric_potential - density forward 9.539 ms
[DEBUG  ] ops.electric_potential.electric_potential - density backward 11.231 ms
[DEBUG  ] ops.weighted_average_wirelength.weighted_average_wirelength - wirelength backward 102.432 ms
[INFO   ] DREAMPlacePCB - optimizer step 8.209 ms
[DEBUG  ] ops.weighted_average_wirelength.weighted_average_wirelength - wirelength forward 156.745 ms
[DEBUG  ] ops.electric_potential.electric_potential - density forward 294.077 ms
[DEBUG  ] ops.electric_potential.electric_potential - density backward 4.062 ms
[DEBUG  ] ops.weighted_average_wirelength.weighted_average_wirelength - wirelength backward 9.392 ms
[INFO   ] DREAMPlacePCB - iteration   15, DensityWeight 4.6203E-04
, wHPWL 3.4739E+03, Overflow 2.5664E-01
, RouteOverflow 3.8088E-02, PinOverflow 6.1033E-01
, gamma 7.2910E-01, time 0.9880ms

[INFO   ] DREAMPlacePCB - full step 54349.831 ms

[DEBUG  ] ops.weighted_average_wirelength.weighted_average_wirelength - wirelength forward 7.921 ms
[DEBUG  ] ops.electric_potential.electric_potential - density forward 9.533 ms
[DEBUG  ] ops.electric_potential.electric_potential - density backward 13.337 ms
[DEBUG  ] ops.weighted_average_wirelength.weighted_average_wirelength - wirelength backward 126.187 ms
[INFO   ] DREAMPlacePCB - optimizer step 2.520 ms
[DEBUG  ] ops.weighted_average_wirelength.weighted_average_wirelength - wirelength forward 329.147 ms
[DEBUG  ] ops.electric_potential.electric_potential - density forward 12.556 ms
[DEBUG  ] ops.electric_potential.electric_potential - density backward 3.732 ms
[DEBUG  ] ops.weighted_average_wirelength.weighted_average_wirelength - wirelength backward 142.553 ms
[INFO   ] DREAMPlacePCB - iteration   16, DensityWeight 4.6203E-04
, wHPWL 2.7468E+03, Overflow 3.0487E-01
, RouteOverflow 4.1955E-02, PinOverflow 6.1295E-01
, gamma 5.9417E-01, time 0.7861ms

[INFO   ] DREAMPlacePCB - full step 746.866 ms

[DEBUG  ] ops.weighted_average_wirelength.weighted_average_wirelength - wirelength forward 1.061 ms
[DEBUG  ] ops.electric_potential.electric_potential - density forward 4.759 ms
[DEBUG  ] ops.electric_potential.electric_potential - density backward 24.471 ms
[DEBUG  ] ops.weighted_average_wirelength.weighted_average_wirelength - wirelength backward 122.941 ms
[INFO   ] DREAMPlacePCB - optimizer step 7.562 ms
[DEBUG  ] ops.weighted_average_wirelength.weighted_average_wirelength - wirelength forward 316.418 ms
[DEBUG  ] ops.electric_potential.electric_potential - density forward 9.337 ms
[DEBUG  ] ops.electric_potential.electric_potential - density backward 74.087 ms
[DEBUG  ] ops.weighted_average_wirelength.weighted_average_wirelength - wirelength backward 74.962 ms
[INFO   ] DREAMPlacePCB - iteration   17, DensityWeight 4.6203E-04
, wHPWL 2.6459E+03, Overflow 5.3854E-01
, RouteOverflow 7.5581E-02, PinOverflow 6.3764E-01
, gamma 7.6050E-01, time 0.8748ms

[INFO   ] DREAMPlacePCB - full step 711.580 ms

[DEBUG  ] ops.weighted_average_wirelength.weighted_average_wirelength - wirelength forward 7.595 ms
[DEBUG  ] ops.electric_potential.electric_potential - density forward 9.558 ms
[DEBUG  ] ops.electric_potential.electric_potential - density backward 6.313 ms
[DEBUG  ] ops.weighted_average_wirelength.weighted_average_wirelength - wirelength backward 106.731 ms
[INFO   ] DREAMPlacePCB - optimizer step 7.613 ms
[DEBUG  ] ops.weighted_average_wirelength.weighted_average_wirelength - wirelength forward 218.054 ms
[DEBUG  ] ops.electric_potential.electric_potential - density forward 12.713 ms
[DEBUG  ] ops.electric_potential.electric_potential - density backward 3.759 ms
[DEBUG  ] ops.weighted_average_wirelength.weighted_average_wirelength - wirelength backward 136.602 ms
[INFO   ] DREAMPlacePCB - iteration   18, DensityWeight 4.6203E-04
, wHPWL 3.0695E+03, Overflow 2.9953E-01
, RouteOverflow 5.6205E-02, PinOverflow 6.1362E-01
, gamma 2.5141E+00, time 0.9465ms

[INFO   ] DREAMPlacePCB - full step 606.889 ms

[DEBUG  ] ops.weighted_average_wirelength.weighted_average_wirelength - wirelength forward 7.628 ms
[DEBUG  ] ops.electric_potential.electric_potential - density forward 2.663 ms
[DEBUG  ] ops.electric_potential.electric_potential - density backward 3.716 ms
[DEBUG  ] ops.weighted_average_wirelength.weighted_average_wirelength - wirelength backward 97.348 ms
[INFO   ] DREAMPlacePCB - optimizer step 2.083 ms
[DEBUG  ] ops.weighted_average_wirelength.weighted_average_wirelength - wirelength forward 364.334 ms
[DEBUG  ] ops.electric_potential.electric_potential - density forward 9.264 ms
[DEBUG  ] ops.electric_potential.electric_potential - density backward 79.907 ms
[DEBUG  ] ops.weighted_average_wirelength.weighted_average_wirelength - wirelength backward 91.335 ms
[INFO   ] DREAMPlacePCB - iteration   19, DensityWeight 4.6203E-04
, wHPWL 3.0745E+03, Overflow 3.2401E-01
, RouteOverflow 3.5542E-02, PinOverflow 6.1606E-01
, gamma 7.4002E-01, time 1.3006ms

[INFO   ] DREAMPlacePCB - full step 734.458 ms

[DEBUG  ] ops.weighted_average_wirelength.weighted_average_wirelength - wirelength forward 0.449 ms
[DEBUG  ] ops.electric_potential.electric_potential - density forward 29.162 ms
[DEBUG  ] ops.electric_potential.electric_potential - density backward 17.683 ms
[DEBUG  ] ops.weighted_average_wirelength.weighted_average_wirelength - wirelength backward 102.674 ms
[INFO   ] DREAMPlacePCB - optimizer step 17.280 ms
[DEBUG  ] ops.weighted_average_wirelength.weighted_average_wirelength - wirelength forward 275.301 ms
[DEBUG  ] ops.electric_potential.electric_potential - density forward 4.192 ms
[DEBUG  ] ops.electric_potential.electric_potential - density backward 6.467 ms
[DEBUG  ] ops.weighted_average_wirelength.weighted_average_wirelength - wirelength backward 131.727 ms
[INFO   ] DREAMPlacePCB - iteration   20, DensityWeight 4.6203E-04
, wHPWL 2.7053E+03, Overflow 3.4025E-01
, RouteOverflow 5.7146E-02, PinOverflow 6.1787E-01
, gamma 8.3874E-01, time 0.7901ms

[INFO   ] DREAMPlacePCB - full step 667.503 ms

[DEBUG  ] ops.weighted_average_wirelength.weighted_average_wirelength - wirelength forward 10.605 ms
[DEBUG  ] ops.electric_potential.electric_potential - density forward 6.082 ms
[DEBUG  ] ops.electric_potential.electric_potential - density backward 11.163 ms
[DEBUG  ] ops.weighted_average_wirelength.weighted_average_wirelength - wirelength backward 95.558 ms
[INFO   ] DREAMPlacePCB - optimizer step 7.434 ms
[DEBUG  ] ops.weighted_average_wirelength.weighted_average_wirelength - wirelength forward 352.998 ms
[DEBUG  ] ops.electric_potential.electric_potential - density forward 10.761 ms
[DEBUG  ] ops.electric_potential.electric_potential - density backward 3.716 ms
[DEBUG  ] ops.weighted_average_wirelength.weighted_average_wirelength - wirelength backward 112.504 ms
[INFO   ] DREAMPlacePCB - iteration   21, DensityWeight 4.6203E-04
, wHPWL 2.7326E+03, Overflow 3.5200E-01
, RouteOverflow 3.4295E-02, PinOverflow 6.1915E-01
, gamma 9.1145E-01, time 0.7043ms

[INFO   ] DREAMPlacePCB - full step 669.468 ms

[DEBUG  ] ops.weighted_average_wirelength.weighted_average_wirelength - wirelength forward 89.429 ms
[DEBUG  ] ops.electric_potential.electric_potential - density forward 31.927 ms
[DEBUG  ] ops.electric_potential.electric_potential - density backward 14.224 ms
[DEBUG  ] ops.weighted_average_wirelength.weighted_average_wirelength - wirelength backward 106.268 ms
[INFO   ] DREAMPlacePCB - optimizer step 7.485 ms
[DEBUG  ] ops.weighted_average_wirelength.weighted_average_wirelength - wirelength forward 258.126 ms
[DEBUG  ] ops.electric_potential.electric_potential - density forward 4.208 ms
[DEBUG  ] ops.electric_potential.electric_potential - density backward 3.803 ms
[DEBUG  ] ops.weighted_average_wirelength.weighted_average_wirelength - wirelength backward 7.048 ms
[INFO   ] DREAMPlacePCB - iteration   22, DensityWeight 4.6203E-04
, wHPWL 2.8509E+03, Overflow 3.1594E-01
, RouteOverflow 6.6937E-02, PinOverflow 6.1532E-01
, gamma 9.6791E-01, time 0.6680ms

[INFO   ] DREAMPlacePCB - full step 713.565 ms

[DEBUG  ] ops.weighted_average_wirelength.weighted_average_wirelength - wirelength forward 12.201 ms
[DEBUG  ] ops.electric_potential.electric_potential - density forward 27.421 ms
[DEBUG  ] ops.electric_potential.electric_potential - density backward 14.050 ms
[DEBUG  ] ops.weighted_average_wirelength.weighted_average_wirelength - wirelength backward 29.406 ms
[INFO   ] DREAMPlacePCB - optimizer step 11.176 ms
[DEBUG  ] ops.weighted_average_wirelength.weighted_average_wirelength - wirelength forward 233.247 ms
[DEBUG  ] ops.electric_potential.electric_potential - density forward 17.309 ms
[DEBUG  ] ops.electric_potential.electric_potential - density backward 3.693 ms
[DEBUG  ] ops.weighted_average_wirelength.weighted_average_wirelength - wirelength backward 2.786 ms
[INFO   ] DREAMPlacePCB - iteration   23, DensityWeight 4.6203E-04
, wHPWL 2.7459E+03, Overflow 3.2809E-01
, RouteOverflow 4.3979E-02, PinOverflow 6.1594E-01
, gamma 8.0482E-01, time 0.8509ms

[INFO   ] DREAMPlacePCB - full step 503.732 ms

[DEBUG  ] ops.weighted_average_wirelength.weighted_average_wirelength - wirelength forward 2.779 ms
[DEBUG  ] ops.electric_potential.electric_potential - density forward 9.498 ms
[DEBUG  ] ops.electric_potential.electric_potential - density backward 22.947 ms
[DEBUG  ] ops.weighted_average_wirelength.weighted_average_wirelength - wirelength backward 56.782 ms
[INFO   ] DREAMPlacePCB - optimizer step 1.765 ms
[DEBUG  ] ops.weighted_average_wirelength.weighted_average_wirelength - wirelength forward 542.369 ms
[DEBUG  ] ops.electric_potential.electric_potential - density forward 107.064 ms
[DEBUG  ] ops.electric_potential.electric_potential - density backward 3.790 ms
[DEBUG  ] ops.weighted_average_wirelength.weighted_average_wirelength - wirelength backward 40.025 ms
[INFO   ] DREAMPlacePCB - iteration   24, DensityWeight 4.6203E-04
, wHPWL 2.5994E+03, Overflow 3.9060E-01
, RouteOverflow 3.8150E-02, PinOverflow 6.2290E-01
, gamma 8.5644E-01, time 0.8376ms

[INFO   ] DREAMPlacePCB - full step 54249.545 ms

[DEBUG  ] ops.weighted_average_wirelength.weighted_average_wirelength - wirelength forward 9.460 ms
[DEBUG  ] ops.electric_potential.electric_potential - density forward 13.779 ms
[DEBUG  ] ops.electric_potential.electric_potential - density backward 3.937 ms
[DEBUG  ] ops.weighted_average_wirelength.weighted_average_wirelength - wirelength backward 78.535 ms
[INFO   ] DREAMPlacePCB - optimizer step 9.598 ms
[DEBUG  ] ops.weighted_average_wirelength.weighted_average_wirelength - wirelength forward 240.675 ms
[DEBUG  ] ops.electric_potential.electric_potential - density forward 10.292 ms
[DEBUG  ] ops.electric_potential.electric_potential - density backward 3.707 ms
[DEBUG  ] ops.weighted_average_wirelength.weighted_average_wirelength - wirelength backward 80.923 ms
[INFO   ] DREAMPlacePCB - iteration   25, DensityWeight 4.6203E-04
, wHPWL 2.7181E+03, Overflow 3.6353E-01
, RouteOverflow 3.4388E-02, PinOverflow 6.2068E-01
, gamma 1.1793E+00, time 1.1487ms

[INFO   ] DREAMPlacePCB - full step 500.011 ms

[DEBUG  ] ops.weighted_average_wirelength.weighted_average_wirelength - wirelength forward 0.331 ms
[DEBUG  ] ops.electric_potential.electric_potential - density forward 26.752 ms
[DEBUG  ] ops.electric_potential.electric_potential - density backward 5.839 ms
[DEBUG  ] ops.weighted_average_wirelength.weighted_average_wirelength - wirelength backward 110.669 ms
[INFO   ] DREAMPlacePCB - optimizer step 21.132 ms
[DEBUG  ] ops.weighted_average_wirelength.weighted_average_wirelength - wirelength forward 247.398 ms
[DEBUG  ] ops.electric_potential.electric_potential - density forward 16.154 ms
[DEBUG  ] ops.electric_potential.electric_potential - density backward 6.448 ms
[DEBUG  ] ops.weighted_average_wirelength.weighted_average_wirelength - wirelength backward 33.958 ms
[INFO   ] DREAMPlacePCB - iteration   26, DensityWeight 4.6203E-04
, wHPWL 2.9271E+03, Overflow 3.1340E-01
, RouteOverflow 5.7939E-02, PinOverflow 6.1546E-01
, gamma 1.0267E+00, time 0.8163ms

[INFO   ] DREAMPlacePCB - full step 594.904 ms

[DEBUG  ] ops.weighted_average_wirelength.weighted_average_wirelength - wirelength forward 6.356 ms
[DEBUG  ] ops.electric_potential.electric_potential - density forward 16.330 ms
[DEBUG  ] ops.electric_potential.electric_potential - density backward 10.447 ms
[DEBUG  ] ops.weighted_average_wirelength.weighted_average_wirelength - wirelength backward 79.609 ms
[INFO   ] DREAMPlacePCB - optimizer step 2.506 ms
[DEBUG  ] ops.weighted_average_wirelength.weighted_average_wirelength - wirelength forward 138.952 ms
[DEBUG  ] ops.electric_potential.electric_potential - density forward 9.445 ms
[DEBUG  ] ops.electric_potential.electric_potential - density backward 5.927 ms
[DEBUG  ] ops.weighted_average_wirelength.weighted_average_wirelength - wirelength backward 43.540 ms
[INFO   ] DREAMPlacePCB - iteration   27, DensityWeight 4.6203E-04
, wHPWL 2.6575E+03, Overflow 2.9587E-01
, RouteOverflow 4.0824E-02, PinOverflow 6.1260E-01
, gamma 7.9443E-01, time 0.7210ms

[INFO   ] DREAMPlacePCB - full step 407.994 ms

[DEBUG  ] ops.weighted_average_wirelength.weighted_average_wirelength - wirelength forward 0.387 ms
[DEBUG  ] ops.electric_potential.electric_potential - density forward 9.614 ms
[DEBUG  ] ops.electric_potential.electric_potential - density backward 3.773 ms
[DEBUG  ] ops.weighted_average_wirelength.weighted_average_wirelength - wirelength backward 131.977 ms
[INFO   ] DREAMPlacePCB - optimizer step 7.487 ms
[DEBUG  ] ops.weighted_average_wirelength.weighted_average_wirelength - wirelength forward 237.273 ms
[DEBUG  ] ops.electric_potential.electric_potential - density forward 9.727 ms
[DEBUG  ] ops.electric_potential.electric_potential - density backward 41.959 ms
[DEBUG  ] ops.weighted_average_wirelength.weighted_average_wirelength - wirelength backward 122.652 ms
[INFO   ] DREAMPlacePCB - iteration   28, DensityWeight 4.6203E-04
, wHPWL 2.5908E+03, Overflow 5.3159E-01
, RouteOverflow 5.0122E-02, PinOverflow 6.3658E-01
, gamma 7.2629E-01, time 0.9639ms

[INFO   ] DREAMPlacePCB - full step 704.036 ms

[DEBUG  ] ops.weighted_average_wirelength.weighted_average_wirelength - wirelength forward 0.367 ms
[DEBUG  ] ops.electric_potential.electric_potential - density forward 4.600 ms
[DEBUG  ] ops.electric_potential.electric_potential - density backward 3.671 ms
[DEBUG  ] ops.weighted_average_wirelength.weighted_average_wirelength - wirelength backward 58.139 ms
[INFO   ] DREAMPlacePCB - optimizer step 72.641 ms
[DEBUG  ] ops.weighted_average_wirelength.weighted_average_wirelength - wirelength forward 330.175 ms
[DEBUG  ] ops.electric_potential.electric_potential - density forward 2.736 ms
[DEBUG  ] ops.electric_potential.electric_potential - density backward 13.623 ms
[DEBUG  ] ops.weighted_average_wirelength.weighted_average_wirelength - wirelength backward 57.035 ms
[INFO   ] DREAMPlacePCB - iteration   29, DensityWeight 4.6203E-04
, wHPWL 2.8621E+03, Overflow 3.2921E-01
, RouteOverflow 6.0883E-02, PinOverflow 6.1630E-01
, gamma 2.4262E+00, time 1.2331ms

[INFO   ] DREAMPlacePCB - full step 619.316 ms

[DEBUG  ] ops.weighted_average_wirelength.weighted_average_wirelength - wirelength forward 0.370 ms
[DEBUG  ] ops.electric_potential.electric_potential - density forward 15.803 ms
[DEBUG  ] ops.electric_potential.electric_potential - density backward 3.847 ms
[DEBUG  ] ops.weighted_average_wirelength.weighted_average_wirelength - wirelength backward 135.760 ms
[INFO   ] DREAMPlacePCB - optimizer step 0.923 ms
[DEBUG  ] ops.weighted_average_wirelength.weighted_average_wirelength - wirelength forward 387.363 ms
[DEBUG  ] ops.electric_potential.electric_potential - density forward 3.270 ms
[DEBUG  ] ops.electric_potential.electric_potential - density backward 6.333 ms
[DEBUG  ] ops.weighted_average_wirelength.weighted_average_wirelength - wirelength backward 81.885 ms
[INFO   ] DREAMPlacePCB - iteration   30, DensityWeight 4.6203E-04
, wHPWL 2.9428E+03, Overflow 2.7913E-01
, RouteOverflow 5.0777E-02, PinOverflow 6.1154E-01
, gamma 8.6135E-01, time 0.6723ms

[INFO   ] DREAMPlacePCB - full step 730.456 ms

[DEBUG  ] ops.weighted_average_wirelength.weighted_average_wirelength - wirelength forward 5.165 ms
[DEBUG  ] ops.electric_potential.electric_potential - density forward 10.716 ms
[DEBUG  ] ops.electric_potential.electric_potential - density backward 16.780 ms
[DEBUG  ] ops.weighted_average_wirelength.weighted_average_wirelength - wirelength backward 124.722 ms
[INFO   ] DREAMPlacePCB - optimizer step 35.931 ms
[DEBUG  ] ops.weighted_average_wirelength.weighted_average_wirelength - wirelength forward 361.620 ms
[DEBUG  ] ops.electric_potential.electric_potential - density forward 9.550 ms
[DEBUG  ] ops.electric_potential.electric_potential - density backward 4.236 ms
[DEBUG  ] ops.weighted_average_wirelength.weighted_average_wirelength - wirelength backward 83.342 ms
[INFO   ] DREAMPlacePCB - iteration   31, DensityWeight 4.6203E-04
, wHPWL 2.6082E+03, Overflow 2.7199E-01
, RouteOverflow 5.1000E-02, PinOverflow 6.1187E-01
, gamma 6.6667E-01, time 0.8090ms

[INFO   ] DREAMPlacePCB - full step 773.460 ms

[DEBUG  ] ops.weighted_average_wirelength.weighted_average_wirelength - wirelength forward 15.784 ms
[DEBUG  ] ops.electric_potential.electric_potential - density forward 2.857 ms
[DEBUG  ] ops.electric_potential.electric_potential - density backward 6.338 ms
[DEBUG  ] ops.weighted_average_wirelength.weighted_average_wirelength - wirelength backward 101.645 ms
[INFO   ] DREAMPlacePCB - optimizer step 4.466 ms
[DEBUG  ] ops.weighted_average_wirelength.weighted_average_wirelength - wirelength forward 404.151 ms
[DEBUG  ] ops.electric_potential.electric_potential - density forward 10.203 ms
[DEBUG  ] ops.electric_potential.electric_potential - density backward 3.826 ms
[DEBUG  ] ops.weighted_average_wirelength.weighted_average_wirelength - wirelength backward 125.580 ms
[INFO   ] DREAMPlacePCB - iteration   32, DensityWeight 4.6203E-04
, wHPWL 2.6139E+03, Overflow 3.8412E-01
, RouteOverflow 4.5293E-02, PinOverflow 6.2235E-01
, gamma 6.4273E-01, time 0.7677ms

[INFO   ] DREAMPlacePCB - full step 838.064 ms

[DEBUG  ] ops.weighted_average_wirelength.weighted_average_wirelength - wirelength forward 3.119 ms
[DEBUG  ] ops.electric_potential.electric_potential - density forward 5.773 ms
[DEBUG  ] ops.electric_potential.electric_potential - density backward 3.661 ms
[DEBUG  ] ops.weighted_average_wirelength.weighted_average_wirelength - wirelength backward 111.088 ms
[INFO   ] DREAMPlacePCB - optimizer step 7.277 ms
[DEBUG  ] ops.weighted_average_wirelength.weighted_average_wirelength - wirelength forward 273.816 ms
[DEBUG  ] ops.electric_potential.electric_potential - density forward 4.655 ms
[DEBUG  ] ops.electric_potential.electric_potential - density backward 3.700 ms
[DEBUG  ] ops.weighted_average_wirelength.weighted_average_wirelength - wirelength backward 7.887 ms
[INFO   ] DREAMPlacePCB - iteration   33, DensityWeight 4.6203E-04
, wHPWL 2.7788E+03, Overflow 3.2921E-01
, RouteOverflow 4.8501E-02, PinOverflow 6.1626E-01
, gamma 1.1408E+00, time 0.7451ms

[INFO   ] DREAMPlacePCB - full step 581.605 ms

[DEBUG  ] ops.weighted_average_wirelength.weighted_average_wirelength - wirelength forward 7.511 ms
[DEBUG  ] ops.electric_potential.electric_potential - density forward 9.684 ms
[DEBUG  ] ops.electric_potential.electric_potential - density backward 3.806 ms
[DEBUG  ] ops.weighted_average_wirelength.weighted_average_wirelength - wirelength backward 92.756 ms
[INFO   ] DREAMPlacePCB - optimizer step 3.251 ms
[DEBUG  ] ops.weighted_average_wirelength.weighted_average_wirelength - wirelength forward 286.359 ms
[DEBUG  ] ops.electric_potential.electric_potential - density forward 9.380 ms
[DEBUG  ] ops.electric_potential.electric_potential - density backward 3.692 ms
[DEBUG  ] ops.weighted_average_wirelength.weighted_average_wirelength - wirelength backward 180.574 ms
[INFO   ] DREAMPlacePCB - iteration   34, DensityWeight 4.6203E-04
, wHPWL 2.8617E+03, Overflow 3.0413E-01
, RouteOverflow 7.5222E-02, PinOverflow 6.1397E-01
, gamma 8.6135E-01, time 0.9944ms

[INFO   ] DREAMPlacePCB - full step 52837.514 ms

[DEBUG  ] ops.weighted_average_wirelength.weighted_average_wirelength - wirelength forward 7.593 ms
[DEBUG  ] ops.electric_potential.electric_potential - density forward 3.483 ms
[DEBUG  ] ops.electric_potential.electric_potential - density backward 4.834 ms
[DEBUG  ] ops.weighted_average_wirelength.weighted_average_wirelength - wirelength backward 64.143 ms
[INFO   ] DREAMPlacePCB - optimizer step 44.954 ms
[DEBUG  ] ops.weighted_average_wirelength.weighted_average_wirelength - wirelength forward 171.708 ms
[DEBUG  ] ops.electric_potential.electric_potential - density forward 23.155 ms
[DEBUG  ] ops.electric_potential.electric_potential - density backward 11.519 ms
[DEBUG  ] ops.weighted_average_wirelength.weighted_average_wirelength - wirelength backward 2.504 ms
[INFO   ] DREAMPlacePCB - iteration   35, DensityWeight 4.6203E-04
, wHPWL 2.6331E+03, Overflow 3.0397E-01
, RouteOverflow 4.6829E-02, PinOverflow 6.1297E-01
, gamma 7.5764E-01, time 0.8879ms

[INFO   ] DREAMPlacePCB - full step 547.974 ms

[DEBUG  ] ops.weighted_average_wirelength.weighted_average_wirelength - wirelength forward 0.332 ms
[DEBUG  ] ops.electric_potential.electric_potential - density forward 3.102 ms
[DEBUG  ] ops.electric_potential.electric_potential - density backward 6.727 ms
[DEBUG  ] ops.weighted_average_wirelength.weighted_average_wirelength - wirelength backward 58.103 ms
[INFO   ] DREAMPlacePCB - optimizer step 0.734 ms
[DEBUG  ] ops.weighted_average_wirelength.weighted_average_wirelength - wirelength forward 242.266 ms
[DEBUG  ] ops.electric_potential.electric_potential - density forward 9.375 ms
[DEBUG  ] ops.electric_potential.electric_potential - density backward 11.287 ms
[DEBUG  ] ops.weighted_average_wirelength.weighted_average_wirelength - wirelength backward 13.313 ms
[INFO   ] DREAMPlacePCB - iteration   36, DensityWeight 4.6203E-04
, wHPWL 2.6191E+03, Overflow 4.8878E-01
, RouteOverflow 5.8737E-02, PinOverflow 6.3191E-01
, gamma 7.5699E-01, time 0.7656ms

[INFO   ] DREAMPlacePCB - full step 419.095 ms

[DEBUG  ] ops.weighted_average_wirelength.weighted_average_wirelength - wirelength forward 0.341 ms
[DEBUG  ] ops.electric_potential.electric_potential - density forward 18.229 ms
[DEBUG  ] ops.electric_potential.electric_potential - density backward 3.711 ms
[DEBUG  ] ops.weighted_average_wirelength.weighted_average_wirelength - wirelength backward 37.728 ms
[INFO   ] DREAMPlacePCB - optimizer step 1.109 ms
[DEBUG  ] ops.weighted_average_wirelength.weighted_average_wirelength - wirelength forward 382.335 ms
[DEBUG  ] ops.electric_potential.electric_potential - density forward 7.940 ms
[DEBUG  ] ops.electric_potential.electric_potential - density backward 5.635 ms
[DEBUG  ] ops.weighted_average_wirelength.weighted_average_wirelength - wirelength backward 125.894 ms
[INFO   ] DREAMPlacePCB - iteration   37, DensityWeight 4.6203E-04
, wHPWL 2.7280E+03, Overflow 3.2920E-01
, RouteOverflow 2.5366E-02, PinOverflow 6.1619E-01
, gamma 1.9489E+00, time 1.2660ms

[INFO   ] DREAMPlacePCB - full step 631.856 ms

[DEBUG  ] ops.weighted_average_wirelength.weighted_average_wirelength - wirelength forward 0.301 ms
[DEBUG  ] ops.electric_potential.electric_potential - density forward 16.841 ms
[DEBUG  ] ops.electric_potential.electric_potential - density backward 3.817 ms
[DEBUG  ] ops.weighted_average_wirelength.weighted_average_wirelength - wirelength backward 33.937 ms
[INFO   ] DREAMPlacePCB - optimizer step 6.506 ms
[DEBUG  ] ops.weighted_average_wirelength.weighted_average_wirelength - wirelength forward 264.915 ms
[DEBUG  ] ops.electric_potential.electric_potential - density forward 9.558 ms
[DEBUG  ] ops.electric_potential.electric_potential - density backward 42.613 ms
[DEBUG  ] ops.weighted_average_wirelength.weighted_average_wirelength - wirelength backward 23.463 ms
[INFO   ] DREAMPlacePCB - iteration   38, DensityWeight 4.6203E-04
, wHPWL 2.9206E+03, Overflow 3.1160E-01
, RouteOverflow 6.5582E-02, PinOverflow 6.1535E-01
, gamma 8.6135E-01, time 1.5142ms

[INFO   ] DREAMPlacePCB - full step 524.992 ms

[DEBUG  ] ops.weighted_average_wirelength.weighted_average_wirelength - wirelength forward 0.309 ms
[DEBUG  ] ops.electric_potential.electric_potential - density forward 16.057 ms
[DEBUG  ] ops.electric_potential.electric_potential - density backward 14.237 ms
[DEBUG  ] ops.weighted_average_wirelength.weighted_average_wirelength - wirelength backward 69.738 ms
[INFO   ] DREAMPlacePCB - optimizer step 80.642 ms
[DEBUG  ] ops.weighted_average_wirelength.weighted_average_wirelength - wirelength forward 313.332 ms
[DEBUG  ] ops.electric_potential.electric_potential - density forward 6.017 ms
[DEBUG  ] ops.electric_potential.electric_potential - density backward 11.255 ms
[DEBUG  ] ops.weighted_average_wirelength.weighted_average_wirelength - wirelength backward 85.481 ms
[INFO   ] DREAMPlacePCB - iteration   39, DensityWeight 4.6203E-04
, wHPWL 2.7103E+03, Overflow 3.2921E-01
, RouteOverflow 5.4861E-02, PinOverflow 6.1523E-01
, gamma 7.8716E-01, time 0.8044ms

[INFO   ] DREAMPlacePCB - full step 714.370 ms

[DEBUG  ] ops.weighted_average_wirelength.weighted_average_wirelength - wirelength forward 2.914 ms
[DEBUG  ] ops.electric_potential.electric_potential - density forward 9.635 ms
[DEBUG  ] ops.electric_potential.electric_potential - density backward 3.735 ms
[DEBUG  ] ops.weighted_average_wirelength.weighted_average_wirelength - wirelength backward 106.272 ms
[INFO   ] DREAMPlacePCB - optimizer step 5.808 ms
[DEBUG  ] ops.weighted_average_wirelength.weighted_average_wirelength - wirelength forward 263.672 ms
[DEBUG  ] ops.electric_potential.electric_potential - density forward 29.249 ms
[DEBUG  ] ops.electric_potential.electric_potential - density backward 3.755 ms
[DEBUG  ] ops.weighted_average_wirelength.weighted_average_wirelength - wirelength backward 106.742 ms
[INFO   ] DREAMPlacePCB - iteration   40, DensityWeight 4.6203E-04
, wHPWL 2.6189E+03, Overflow 3.8513E-01
, RouteOverflow 4.8104E-02, PinOverflow 6.2205E-01
, gamma 8.6135E-01, time 0.7372ms

[INFO   ] DREAMPlacePCB - full step 579.945 ms

[DEBUG  ] ops.weighted_average_wirelength.weighted_average_wirelength - wirelength forward 3.002 ms
[DEBUG  ] ops.electric_potential.electric_potential - density forward 48.271 ms
[DEBUG  ] ops.electric_potential.electric_potential - density backward 3.702 ms
[DEBUG  ] ops.weighted_average_wirelength.weighted_average_wirelength - wirelength backward 163.802 ms
[INFO   ] DREAMPlacePCB - optimizer step 43.593 ms
[DEBUG  ] ops.weighted_average_wirelength.weighted_average_wirelength - wirelength forward 350.406 ms
[DEBUG  ] ops.electric_potential.electric_potential - density forward 43.776 ms
[DEBUG  ] ops.electric_potential.electric_potential - density backward 12.267 ms
[DEBUG  ] ops.weighted_average_wirelength.weighted_average_wirelength - wirelength backward 46.996 ms
[INFO   ] DREAMPlacePCB - iteration   41, DensityWeight 4.6203E-04
, wHPWL 2.6437E+03, Overflow 3.3016E-01
, RouteOverflow 4.2880E-02, PinOverflow 6.1643E-01
, gamma 1.1467E+00, time 1.0722ms

[INFO   ] DREAMPlacePCB - full step 850.965 ms

[DEBUG  ] ops.weighted_average_wirelength.weighted_average_wirelength - wirelength forward 7.618 ms
[DEBUG  ] ops.electric_potential.electric_potential - density forward 17.917 ms
[DEBUG  ] ops.electric_potential.electric_potential - density backward 27.523 ms
[DEBUG  ] ops.weighted_average_wirelength.weighted_average_wirelength - wirelength backward 42.935 ms
[INFO   ] DREAMPlacePCB - optimizer step 3.770 ms
[DEBUG  ] ops.weighted_average_wirelength.weighted_average_wirelength - wirelength forward 255.015 ms
[DEBUG  ] ops.electric_potential.electric_potential - density forward 12.743 ms
[DEBUG  ] ops.electric_potential.electric_potential - density backward 5.558 ms
[DEBUG  ] ops.weighted_average_wirelength.weighted_average_wirelength - wirelength backward 122.900 ms
[INFO   ] DREAMPlacePCB - iteration   42, DensityWeight 4.6203E-04
, wHPWL 2.7950E+03, Overflow 3.2920E-01
, RouteOverflow 3.1302E-02, PinOverflow 6.1523E-01
, gamma 8.6557E-01, time 0.6909ms

[INFO   ] DREAMPlacePCB - full step 588.352 ms

[DEBUG  ] ops.weighted_average_wirelength.weighted_average_wirelength - wirelength forward 8.350 ms
[DEBUG  ] ops.electric_potential.electric_potential - density forward 8.122 ms
[DEBUG  ] ops.electric_potential.electric_potential - density backward 9.187 ms
[DEBUG  ] ops.weighted_average_wirelength.weighted_average_wirelength - wirelength backward 110.362 ms
[INFO   ] DREAMPlacePCB - optimizer step 0.639 ms
[DEBUG  ] ops.weighted_average_wirelength.weighted_average_wirelength - wirelength forward 375.434 ms
[DEBUG  ] ops.electric_potential.electric_potential - density forward 13.194 ms
[DEBUG  ] ops.electric_potential.electric_potential - density backward 4.171 ms
[DEBUG  ] ops.weighted_average_wirelength.weighted_average_wirelength - wirelength backward 79.304 ms
[INFO   ] DREAMPlacePCB - iteration   43, DensityWeight 4.6203E-04
, wHPWL 2.7463E+03, Overflow 3.2921E-01
, RouteOverflow 4.0374E-02, PinOverflow 6.1659E-01
, gamma 8.6135E-01, time 0.7076ms

[INFO   ] DREAMPlacePCB - full step 705.068 ms

[DEBUG  ] ops.weighted_average_wirelength.weighted_average_wirelength - wirelength forward 74.308 ms
[DEBUG  ] ops.electric_potential.electric_potential - density forward 3.046 ms
[DEBUG  ] ops.electric_potential.electric_potential - density backward 3.667 ms
[DEBUG  ] ops.weighted_average_wirelength.weighted_average_wirelength - wirelength backward 80.070 ms
[INFO   ] DREAMPlacePCB - optimizer step 31.042 ms
[DEBUG  ] ops.weighted_average_wirelength.weighted_average_wirelength - wirelength forward 377.689 ms
[DEBUG  ] ops.electric_potential.electric_potential - density forward 6.638 ms
[DEBUG  ] ops.electric_potential.electric_potential - density backward 11.092 ms
[DEBUG  ] ops.weighted_average_wirelength.weighted_average_wirelength - wirelength backward 85.181 ms
[INFO   ] DREAMPlacePCB - iteration   44, DensityWeight 4.6203E-04
, wHPWL 2.6158E+03, Overflow 2.3629E-01
, RouteOverflow 4.1826E-02, PinOverflow 6.0658E-01
, gamma 8.6135E-01, time 0.8469ms

[INFO   ] DREAMPlacePCB - full step 717.511 ms

[DEBUG  ] ops.weighted_average_wirelength.weighted_average_wirelength - wirelength forward 10.946 ms
[DEBUG  ] ops.electric_potential.electric_potential - density forward 7.203 ms
[DEBUG  ] ops.electric_potential.electric_potential - density backward 24.217 ms
[DEBUG  ] ops.weighted_average_wirelength.weighted_average_wirelength - wirelength backward 92.292 ms
[INFO   ] DREAMPlacePCB - optimizer step 5.906 ms
[DEBUG  ] ops.weighted_average_wirelength.weighted_average_wirelength - wirelength forward 315.829 ms
[DEBUG  ] ops.electric_potential.electric_potential - density forward 4.349 ms
[DEBUG  ] ops.electric_potential.electric_potential - density backward 36.392 ms
[DEBUG  ] ops.weighted_average_wirelength.weighted_average_wirelength - wirelength backward 202.643 ms
[INFO   ] DREAMPlacePCB - iteration   45, DensityWeight 4.6203E-04
, wHPWL 2.6190E+03, Overflow 2.7717E-01
, RouteOverflow 4.1816E-02, PinOverflow 6.1184E-01
, gamma 5.3544E-01, time 0.6714ms

[INFO   ] DREAMPlacePCB - full step 53110.888 ms

[DEBUG  ] ops.weighted_average_wirelength.weighted_average_wirelength - wirelength forward 13.597 ms
[DEBUG  ] ops.electric_potential.electric_potential - density forward 4.615 ms
[DEBUG  ] ops.electric_potential.electric_potential - density backward 3.843 ms
[DEBUG  ] ops.weighted_average_wirelength.weighted_average_wirelength - wirelength backward 62.283 ms
[INFO   ] DREAMPlacePCB - optimizer step 7.155 ms
[DEBUG  ] ops.weighted_average_wirelength.weighted_average_wirelength - wirelength forward 249.842 ms
[DEBUG  ] ops.electric_potential.electric_potential - density forward 3.795 ms
[DEBUG  ] ops.electric_potential.electric_potential - density backward 3.770 ms
[DEBUG  ] ops.weighted_average_wirelength.weighted_average_wirelength - wirelength backward 138.197 ms
[INFO   ] DREAMPlacePCB - iteration   46, DensityWeight 4.6203E-04
, wHPWL 2.7407E+03, Overflow 3.2920E-01
, RouteOverflow 2.5691E-02, PinOverflow 6.1661E-01
, gamma 6.6000E-01, time 0.7761ms

[INFO   ] DREAMPlacePCB - full step 529.651 ms

[DEBUG  ] ops.weighted_average_wirelength.weighted_average_wirelength - wirelength forward 4.330 ms
[DEBUG  ] ops.electric_potential.electric_potential - density forward 9.638 ms
[DEBUG  ] ops.electric_potential.electric_potential - density backward 15.607 ms
[DEBUG  ] ops.weighted_average_wirelength.weighted_average_wirelength - wirelength backward 78.081 ms
[INFO   ] DREAMPlacePCB - optimizer step 10.069 ms
[DEBUG  ] ops.weighted_average_wirelength.weighted_average_wirelength - wirelength forward 498.158 ms
[DEBUG  ] ops.electric_potential.electric_potential - density forward 2.977 ms
[DEBUG  ] ops.electric_potential.electric_potential - density backward 3.618 ms
[DEBUG  ] ops.weighted_average_wirelength.weighted_average_wirelength - wirelength backward 15.566 ms
[INFO   ] DREAMPlacePCB - iteration   47, DensityWeight 4.6203E-04
, wHPWL 2.7588E+03, Overflow 3.2921E-01
, RouteOverflow 2.8775E-02, PinOverflow 6.1523E-01
, gamma 8.6135E-01, time 1.0471ms

[INFO   ] DREAMPlacePCB - full step 681.234 ms

[DEBUG  ] ops.weighted_average_wirelength.weighted_average_wirelength - wirelength forward 7.993 ms
[DEBUG  ] ops.electric_potential.electric_potential - density forward 4.625 ms
[DEBUG  ] ops.electric_potential.electric_potential - density backward 18.059 ms
[DEBUG  ] ops.weighted_average_wirelength.weighted_average_wirelength - wirelength backward 99.976 ms
[INFO   ] DREAMPlacePCB - optimizer step 0.733 ms
[DEBUG  ] ops.weighted_average_wirelength.weighted_average_wirelength - wirelength forward 256.482 ms
[DEBUG  ] ops.electric_potential.electric_potential - density forward 47.686 ms
[DEBUG  ] ops.electric_potential.electric_potential - density backward 11.424 ms
[DEBUG  ] ops.weighted_average_wirelength.weighted_average_wirelength - wirelength backward 102.609 ms
[INFO   ] DREAMPlacePCB - iteration   48, DensityWeight 4.6203E-04
, wHPWL 2.6375E+03, Overflow 2.9429E-01
, RouteOverflow 4.1754E-02, PinOverflow 6.1204E-01
, gamma 8.6135E-01, time 0.7427ms

[INFO   ] DREAMPlacePCB - full step 590.436 ms

[DEBUG  ] ops.weighted_average_wirelength.weighted_average_wirelength - wirelength forward 0.274 ms
[DEBUG  ] ops.electric_potential.electric_potential - density forward 2.790 ms
[DEBUG  ] ops.electric_potential.electric_potential - density backward 3.791 ms
[DEBUG  ] ops.weighted_average_wirelength.weighted_average_wirelength - wirelength backward 148.376 ms
[INFO   ] DREAMPlacePCB - optimizer step 9.338 ms
[DEBUG  ] ops.weighted_average_wirelength.weighted_average_wirelength - wirelength forward 226.963 ms
[DEBUG  ] ops.electric_potential.electric_potential - density forward 180.521 ms
[DEBUG  ] ops.electric_potential.electric_potential - density backward 5.068 ms
[DEBUG  ] ops.weighted_average_wirelength.weighted_average_wirelength - wirelength backward 26.657 ms
[INFO   ] DREAMPlacePCB - iteration   49, DensityWeight 4.6203E-04
, wHPWL 2.6109E+03, Overflow 2.5963E-01
, RouteOverflow 3.9413E-02, PinOverflow 6.0980E-01
, gamma 7.2043E-01, time 0.9184ms

[INFO   ] DREAMPlacePCB - full step 736.370 ms

[DEBUG  ] ops.weighted_average_wirelength.weighted_average_wirelength - wirelength forward 17.954 ms
[DEBUG  ] ops.electric_potential.electric_potential - density forward 9.238 ms
[DEBUG  ] ops.electric_potential.electric_potential - density backward 11.247 ms
[DEBUG  ] ops.weighted_average_wirelength.weighted_average_wirelength - wirelength backward 63.335 ms
[INFO   ] DREAMPlacePCB - optimizer step 4.766 ms
[DEBUG  ] ops.weighted_average_wirelength.weighted_average_wirelength - wirelength forward 373.386 ms
[DEBUG  ] ops.electric_potential.electric_potential - density forward 60.487 ms
[DEBUG  ] ops.electric_potential.electric_potential - density backward 6.413 ms
[DEBUG  ] ops.weighted_average_wirelength.weighted_average_wirelength - wirelength backward 39.098 ms
[INFO   ] DREAMPlacePCB - iteration   50, DensityWeight 4.6203E-04
, wHPWL 2.6934E+03, Overflow 3.2920E-01
, RouteOverflow 2.5706E-02, PinOverflow 6.1523E-01
, gamma 6.0336E-01, time 1.1830ms

[INFO   ] DREAMPlacePCB - full step 668.950 ms

[DEBUG  ] ops.weighted_average_wirelength.weighted_average_wirelength - wirelength forward 0.315 ms
[DEBUG  ] ops.electric_potential.electric_potential - density forward 10.013 ms
[DEBUG  ] ops.electric_potential.electric_potential - density backward 23.821 ms
[DEBUG  ] ops.weighted_average_wirelength.weighted_average_wirelength - wirelength backward 107.702 ms
[INFO   ] DREAMPlacePCB - optimizer step 8.984 ms
[DEBUG  ] ops.weighted_average_wirelength.weighted_average_wirelength - wirelength forward 391.205 ms
[DEBUG  ] ops.electric_potential.electric_potential - density forward 7.173 ms
[DEBUG  ] ops.electric_potential.electric_potential - density backward 4.721 ms
[DEBUG  ] ops.weighted_average_wirelength.weighted_average_wirelength - wirelength backward 115.553 ms
[INFO   ] DREAMPlacePCB - iteration   51, DensityWeight 4.6203E-04
, wHPWL 2.8021E+03, Overflow 3.2921E-01
, RouteOverflow 3.6847E-02, PinOverflow 6.1607E-01
, gamma 8.6135E-01, time 1.2212ms

[INFO   ] DREAMPlacePCB - full step 738.684 ms

[DEBUG  ] ops.weighted_average_wirelength.weighted_average_wirelength - wirelength forward 2.204 ms
[DEBUG  ] ops.electric_potential.electric_potential - density forward 9.177 ms
[DEBUG  ] ops.electric_potential.electric_potential - density backward 4.709 ms
[DEBUG  ] ops.weighted_average_wirelength.weighted_average_wirelength - wirelength backward 69.082 ms
[INFO   ] DREAMPlacePCB - optimizer step 2.212 ms
[DEBUG  ] ops.weighted_average_wirelength.weighted_average_wirelength - wirelength forward 180.669 ms
[DEBUG  ] ops.electric_potential.electric_potential - density forward 18.153 ms
[DEBUG  ] ops.electric_potential.electric_potential - density backward 16.954 ms
[DEBUG  ] ops.weighted_average_wirelength.weighted_average_wirelength - wirelength backward 48.299 ms
[INFO   ] DREAMPlacePCB - iteration   52, DensityWeight 4.6203E-04
, wHPWL 2.6794E+03, Overflow 3.2920E-01
, RouteOverflow 2.9867E-02, PinOverflow 6.1621E-01
, gamma 8.6135E-01, time 0.8440ms

[INFO   ] DREAMPlacePCB - full step 410.458 ms

[WARNING] DREAMPlacePCB - Divergence detected: overflow plateau (0.0000 < 0.0329)
[ERROR  ] DREAMPlacePCB - possible DIVERGENCE detected, roll back to the best position recorded
[DEBUG  ] ops.weighted_average_wirelength.weighted_average_wirelength - wirelength forward 22.235 ms
[DEBUG  ] ops.electric_potential.electric_potential - density forward 22.413 ms
[DEBUG  ] ops.electric_potential.electric_potential - density backward 3.690 ms
[DEBUG  ] ops.weighted_average_wirelength.weighted_average_wirelength - wirelength backward 51.914 ms
[INFO   ] DREAMPlacePCB - optimizer step 4.978 ms
[DEBUG  ] ops.weighted_average_wirelength.weighted_average_wirelength - wirelength forward 255.573 ms
[DEBUG  ] ops.electric_potential.electric_potential - density forward 5.083 ms
[DEBUG  ] ops.electric_potential.electric_potential - density backward 3.857 ms
[DEBUG  ] ops.weighted_average_wirelength.weighted_average_wirelength - wirelength backward 97.142 ms
[INFO   ] DREAMPlacePCB - iteration   53, DensityWeight 4.6203E-04
, wHPWL 2.6392E+03, Overflow 3.1442E-01
, RouteOverflow 3.8281E-02, PinOverflow 6.1402E-01
, gamma 8.6135E-01, time 0.6857ms

[INFO   ] DREAMPlacePCB - full step 579.248 ms

[INFO   ] DREAMPlacePCB - optimizer adam takes 305.799 seconds
[INFO   ] DREAMPlacePCB - Start legalization
[INFO   ] DREAMPlacePCB - legalization takes 0.025 seconds
[INFO   ] DREAMPlacePCB - iteration   54, DensityWeight 4.6203E-04
, wHPWL 2.6760E+03, Overflow 1.9708E-01
, RouteOverflow 5.1865E-02, PinOverflow 6.1808E-01
, gamma 7.9859E-01, time 0.7267ms

[INFO   ] DREAMPlacePCB - non-linear placement takes 306.11 seconds
[INFO   ] DREAMPlacePCB - writing to ././mobohb_log/run-172_0_0/bm1/bm1.unrouted.kicad_pcb
[INFO   ] DREAMPlacePCB - write placement solution takes 0.008 seconds
[DEBUG  ] hpbandster.run_0.worker.56aac6d1e540.2555 - WORKER: done with job (172, 0, 0), trying to register it.
[INFO   ] hpbandster.run_0.worker.56aac6d1e540.2555 - WORKER: registered result for job (172, 0, 0) with dispatcher
[INFO   ] hpbandster.run_0.worker.56aac6d1e540.2555 - WORKER: start processing job (174, 0, 0)
[DEBUG  ] hpbandster.run_0.worker.56aac6d1e540.2555 - WORKER: args: ()
[DEBUG  ] hpbandster.run_0.worker.56aac6d1e540.2555 - WORKER: kwargs: {'config': {'GP_learning_rate': 0.865, 'GP_learning_rate_decay': 0.99, 'GP_num_bins_x': 2048, 'GP_num_bins_y': 2048, 'GP_optimizer': 'nesterov', 'GP_wirelength': 'weighted_average', 'RePlAce_LOWER_PCOF': 0.93, 'RePlAce_UPPER_PCOF': 1.02, 'RePlAce_ref_hpwl': 3200, 'density_weight': 0.0006100000000000001, 'gamma': 3.8000000000000003, 'stop_overflow': 0.06999999999999999}, 'budget': 1.0, 'working_directory': '.'}
