[INFO   ] DREAMPlacePCB - parameters = {'pcb_input': '../../../examples/test_data/bm1/bm1.unrouted.kicad_pcb', 'result_dir': './mobohb_log/run-133_0_0', 'gpu': 1, 'num_bins_x': 1024, 'num_bins_y': 1024, 'global_place_stages': [{'num_bins_x': 512, 'num_bins_y': 1024, 'iteration': 1000, 'learning_rate': 0.524, 'learning_rate_decay': 0.99, 'wirelength': 'logsumexp', 'optimizer': 'nesterov', 'Llambda_density_weight_iteration': 1, 'Lsub_iteration': 1, 'routability_Lsub_iteration': 1}], 'target_density': 1.0, 'density_weight': 0.00013000000000000002, 'update_density_weight': 0, 'random_seed': 1000, 'scale_factor': 1.0, 'shift_factor': [97.6411, 78.2736], 'ignore_net_degree': 100, 'enable_fillers': 0, 'global_place_flag': 1, 'legalize_flag': 1, 'detailed_place_flag': 0, 'stop_overflow': 0.06999999999999999, 'dtype': 'float32', 'plot_flag': 0, 'gif_flag': 0, 'metric_plot_flag': 0, 'RePlAce_ref_hpwl': 3900, 'RePlAce_LOWER_PCOF': 0.91, 'RePlAce_UPPER_PCOF': 1.15, 'gamma': 3.5, 'RePlAce_skip_energy_flag': 0, 'random_center_init_flag': 1, 'sort_nets_by_degree': 0, 'num_threads': 8, 'routability_opt_flag': 1, 'route_num_bins_x': 512, 'route_num_bins_y': 512, 'node_area_adjust_overflow': 0.15, 'max_num_area_adjust': 3, 'adjust_rudy_area_flag': 1, 'adjust_pin_area_flag': 0, 'area_adjust_stop_ratio': 0.01, 'route_area_adjust_stop_ratio': 0.01, 'pin_area_adjust_stop_ratio': 0.05, 'unit_horizontal_capacity': 1.5625, 'unit_vertical_capacity': 1.45, 'unit_pin_capacity': 0.058, 'max_route_opt_adjust_rate': 2.0, 'route_opt_adjust_exponent': 2.0, 'pin_stretch_ratio': 1.414213562, 'max_pin_opt_adjust_rate': 1.5, 'deterministic_flag': 0, 'row_height': 0.01, 'site_width': 0.01, 'test_hpwl_flag': 0, 'write_back_flag': 1}
[INFO   ] DREAMPlacePCB - node name = U7
[INFO   ] DREAMPlacePCB - add a FpPoly point, X = 165.098, Y = 99.8836, width = 0.1
[INFO   ] DREAMPlacePCB - add a FpPoly point, X = 165.173, Y = 107.559, width = 0.1
[INFO   ] DREAMPlacePCB - add a FpPoly point, X = 160.086, Y = 107.584, width = 0.1
[INFO   ] DREAMPlacePCB - add a FpPoly point, X = 160.111, Y = 99.8836, width = 0.1
[INFO   ] DREAMPlacePCB - node name:U7, pad number:1, node_center = (162.598, 103.734), offset = (-1.27, -2.54), pad_size = (1.524, 1.524)
[INFO   ] DREAMPlacePCB - node name:U7, pad number:2, node_center = (162.598, 103.734), offset = (1.27, -2.54), pad_size = (1.524, 1.524)
[INFO   ] DREAMPlacePCB - node name:U7, pad number:3, node_center = (162.598, 103.734), offset = (-1.27, 0), pad_size = (1.524, 1.524)
[INFO   ] DREAMPlacePCB - node name:U7, pad number:4, node_center = (162.598, 103.734), offset = (1.27, 0), pad_size = (1.524, 1.524)
[INFO   ] DREAMPlacePCB - node name:U7, pad number:5, node_center = (162.598, 103.734), offset = (-1.27, 2.54), pad_size = (1.524, 1.524)
[INFO   ] DREAMPlacePCB - node name:U7, pad number:6, node_center = (162.598, 103.734), offset = (1.27, 2.54), pad_size = (1.524, 1.524)
[INFO   ] DREAMPlacePCB - node name:U7, width, height = (5.1875, 7.8), fp_x_left = 160.036, fp_y_bottom = 99.8336
[INFO   ] DREAMPlacePCB - node name = U14
[INFO   ] DREAMPlacePCB - add a FpPoly point, X = 162.461, Y = 82.2236, width = 0.1
[INFO   ] DREAMPlacePCB - add a FpPoly point, X = 142.211, Y = 82.1736, width = 0.1
[INFO   ] DREAMPlacePCB - add a FpPoly point, X = 142.161, Y = 79.5236, width = 0.1
[INFO   ] DREAMPlacePCB - add a FpPoly point, X = 162.461, Y = 79.5236, width = 0.1
[INFO   ] DREAMPlacePCB - node name:U14, pad number:1, node_center = (152.311, 80.8736), offset = (8.89, 0), pad_size = (1.524, 3.048)
[INFO   ] DREAMPlacePCB - node name:U14, pad number:2, node_center = (152.311, 80.8736), offset = (6.35, 0), pad_size = (1.524, 3.048)
[INFO   ] DREAMPlacePCB - node name:U14, pad number:3, node_center = (152.311, 80.8736), offset = (3.81, 0), pad_size = (1.524, 3.048)
[INFO   ] DREAMPlacePCB - node name:U14, pad number:4, node_center = (152.311, 80.8736), offset = (1.27, 0), pad_size = (1.524, 3.048)
[INFO   ] DREAMPlacePCB - node name:U14, pad number:5, node_center = (152.311, 80.8736), offset = (-1.27, 0), pad_size = (1.524, 3.048)
[INFO   ] DREAMPlacePCB - node name:U14, pad number:6, node_center = (152.311, 80.8736), offset = (-3.81, 0), pad_size = (1.524, 3.048)
[INFO   ] DREAMPlacePCB - node name:U14, pad number:7, node_center = (152.311, 80.8736), offset = (-6.35, 0), pad_size = (1.524, 3.048)
[INFO   ] DREAMPlacePCB - node name:U14, pad number:8, node_center = (152.311, 80.8736), offset = (-8.89, 0), pad_size = (1.524, 3.048)
[INFO   ] DREAMPlacePCB - node name:U14, width, height = (20.4, 3.048), fp_x_left = 142.111, fp_y_bottom = 79.3496
[INFO   ] DREAMPlacePCB - node name = U15
[INFO   ] DREAMPlacePCB - add a FpPoly point, X = 140.821, Y = 82.3236, width = 0.1
[INFO   ] DREAMPlacePCB - add a FpPoly point, X = 120.571, Y = 82.2736, width = 0.1
[INFO   ] DREAMPlacePCB - add a FpPoly point, X = 120.521, Y = 79.6236, width = 0.1
[INFO   ] DREAMPlacePCB - add a FpPoly point, X = 140.821, Y = 79.6236, width = 0.1
[INFO   ] DREAMPlacePCB - node name:U15, pad number:1, node_center = (130.721, 80.8736), offset = (8.89, 0), pad_size = (1.524, 3.048)
[INFO   ] DREAMPlacePCB - node name:U15, pad number:2, node_center = (130.721, 80.8736), offset = (6.35, 0), pad_size = (1.524, 3.048)
[INFO   ] DREAMPlacePCB - node name:U15, pad number:3, node_center = (130.721, 80.8736), offset = (3.81, 0), pad_size = (1.524, 3.048)
[INFO   ] DREAMPlacePCB - node name:U15, pad number:4, node_center = (130.721, 80.8736), offset = (1.27, 0), pad_size = (1.524, 3.048)
[INFO   ] DREAMPlacePCB - node name:U15, pad number:5, node_center = (130.721, 80.8736), offset = (-1.27, 0), pad_size = (1.524, 3.048)
[INFO   ] DREAMPlacePCB - node name:U15, pad number:6, node_center = (130.721, 80.8736), offset = (-3.81, 0), pad_size = (1.524, 3.048)
[INFO   ] DREAMPlacePCB - node name:U15, pad number:7, node_center = (130.721, 80.8736), offset = (-6.35, 0), pad_size = (1.524, 3.048)
[INFO   ] DREAMPlacePCB - node name:U15, pad number:8, node_center = (130.721, 80.8736), offset = (-8.89, 0), pad_size = (1.524, 3.048)
[INFO   ] DREAMPlacePCB - node name:U15, width, height = (20.4, 3.048), fp_x_left = 120.471, fp_y_bottom = 79.3496
[INFO   ] DREAMPlacePCB - node name = U6
[INFO   ] DREAMPlacePCB - add a FpPoly point, X = 175.319, Y = 106.834, width = 0.1
[INFO   ] DREAMPlacePCB - add a FpPoly point, X = 168.519, Y = 106.834, width = 0.1
[INFO   ] DREAMPlacePCB - add a FpPoly point, X = 168.569, Y = 100.734, width = 0.1
[INFO   ] DREAMPlacePCB - add a FpPoly point, X = 175.369, Y = 100.734, width = 0.1
[INFO   ] DREAMPlacePCB - node name:U6, pad number:1, node_center = (171.869, 103.734), offset = (3.2512, 2.2606), pad_size = (3.048, 1.524)
[INFO   ] DREAMPlacePCB - node name:U6, pad number:2, node_center = (171.869, 103.734), offset = (-3.2512, 2.2606), pad_size = (3.048, 1.524)
[INFO   ] DREAMPlacePCB - node name:U6, pad number:3, node_center = (171.869, 103.734), offset = (3.2512, -2.2606), pad_size = (3.048, 1.524)
[INFO   ] DREAMPlacePCB - node name:U6, pad number:4, node_center = (171.869, 103.734), offset = (-3.2512, -2.2606), pad_size = (3.048, 1.524)
[INFO   ] DREAMPlacePCB - node name:U6, width, height = (9.5504, 6.2), fp_x_left = 167.094, fp_y_bottom = 100.684
[INFO   ] DREAMPlacePCB - node name = U55
[INFO   ] DREAMPlacePCB - add a FpPoly point, X = 95.1501, Y = 128.542, width = 0.1
[INFO   ] DREAMPlacePCB - add a FpPoly point, X = 95.1501, Y = 119.292, width = 0.1
[INFO   ] DREAMPlacePCB - add a FpPoly point, X = 108.9, Y = 119.292, width = 0.1
[INFO   ] DREAMPlacePCB - add a FpPoly point, X = 108.9, Y = 128.542, width = 0.1
[INFO   ] DREAMPlacePCB - node name:U55, pad number:1, node_center = (103.035, 123.292), offset = (2.7178, 5.08), pad_size = (4.826, 4.826)
[INFO   ] DREAMPlacePCB - node name:U55, pad number:2, node_center = (103.035, 123.292), offset = (5.715, 0.0762), pad_size = (4.826, 4.826)
[INFO   ] DREAMPlacePCB - node name:U55, pad number:3, node_center = (103.035, 123.292), offset = (-0.2794, 0.0762), pad_size = (4.826, 4.826)
[INFO   ] DREAMPlacePCB - node name:U55, width, height = (16.063, 11.543), fp_x_left = 95.1001, fp_y_bottom = 119.242
[INFO   ] DREAMPlacePCB - node name = U5
[INFO   ] DREAMPlacePCB - add a FpPoly point, X = 129.471, Y = 127.884, width = 0.1
[INFO   ] DREAMPlacePCB - add a FpPoly point, X = 144.671, Y = 127.884, width = 0.1
[INFO   ] DREAMPlacePCB - add a FpPoly point, X = 144.671, Y = 130.384, width = 0.1
[INFO   ] DREAMPlacePCB - add a FpPoly point, X = 129.471, Y = 130.384, width = 0.1
[INFO   ] DREAMPlacePCB - node name:U5, pad number:1, node_center = (137.071, 129.134), offset = (-6.35, 0), pad_size = (1.524, 3.048)
[INFO   ] DREAMPlacePCB - node name:U5, pad number:2, node_center = (137.071, 129.134), offset = (-3.81, 0), pad_size = (1.524, 3.048)
[INFO   ] DREAMPlacePCB - node name:U5, pad number:3, node_center = (137.071, 129.134), offset = (-1.27, 0), pad_size = (1.524, 3.048)
[INFO   ] DREAMPlacePCB - node name:U5, pad number:4, node_center = (137.071, 129.134), offset = (1.27, 0), pad_size = (1.524, 3.048)
[INFO   ] DREAMPlacePCB - node name:U5, pad number:5, node_center = (137.071, 129.134), offset = (3.81, 0), pad_size = (1.524, 3.048)
[INFO   ] DREAMPlacePCB - node name:U5, pad number:6, node_center = (137.071, 129.134), offset = (6.35, 0), pad_size = (1.524, 3.048)
[INFO   ] DREAMPlacePCB - node name:U5, width, height = (15.3, 3.048), fp_x_left = 129.421, fp_y_bottom = 127.61
[INFO   ] DREAMPlacePCB - node name = U11
[INFO   ] DREAMPlacePCB - add a FpPoly point, X = 147.241, Y = 127.684, width = 0.1
[INFO   ] DREAMPlacePCB - add a FpPoly point, X = 167.491, Y = 127.734, width = 0.1
[INFO   ] DREAMPlacePCB - add a FpPoly point, X = 167.541, Y = 130.384, width = 0.1
[INFO   ] DREAMPlacePCB - add a FpPoly point, X = 147.241, Y = 130.384, width = 0.1
[INFO   ] DREAMPlacePCB - node name:U11, pad number:1, node_center = (157.391, 129.134), offset = (-8.89, 0), pad_size = (1.524, 3.048)
[INFO   ] DREAMPlacePCB - node name:U11, pad number:2, node_center = (157.391, 129.134), offset = (-6.35, 0), pad_size = (1.524, 3.048)
[INFO   ] DREAMPlacePCB - node name:U11, pad number:3, node_center = (157.391, 129.134), offset = (-3.81, 0), pad_size = (1.524, 3.048)
[INFO   ] DREAMPlacePCB - node name:U11, pad number:4, node_center = (157.391, 129.134), offset = (-1.27, 0), pad_size = (1.524, 3.048)
[INFO   ] DREAMPlacePCB - node name:U11, pad number:5, node_center = (157.391, 129.134), offset = (1.27, 0), pad_size = (1.524, 3.048)
[INFO   ] DREAMPlacePCB - node name:U11, pad number:6, node_center = (157.391, 129.134), offset = (3.81, 0), pad_size = (1.524, 3.048)
[INFO   ] DREAMPlacePCB - node name:U11, pad number:7, node_center = (157.391, 129.134), offset = (6.35, 0), pad_size = (1.524, 3.048)
[INFO   ] DREAMPlacePCB - node name:U11, pad number:8, node_center = (157.391, 129.134), offset = (8.89, 0), pad_size = (1.524, 3.048)
[INFO   ] DREAMPlacePCB - node name:U11, width, height = (20.4, 3.048), fp_x_left = 147.191, fp_y_bottom = 127.61
[INFO   ] DREAMPlacePCB - node name = U13
[INFO   ] DREAMPlacePCB - add a FpPoly point, X = 185.371, Y = 82.2736, width = 0.1
[INFO   ] DREAMPlacePCB - add a FpPoly point, X = 165.121, Y = 82.2236, width = 0.1
[INFO   ] DREAMPlacePCB - add a FpPoly point, X = 165.071, Y = 79.5736, width = 0.1
[INFO   ] DREAMPlacePCB - add a FpPoly point, X = 185.371, Y = 79.5736, width = 0.1
[INFO   ] DREAMPlacePCB - node name:U13, pad number:1, node_center = (175.171, 80.8736), offset = (8.89, 0), pad_size = (1.524, 3.048)
[INFO   ] DREAMPlacePCB - node name:U13, pad number:2, node_center = (175.171, 80.8736), offset = (6.35, 0), pad_size = (1.524, 3.048)
[INFO   ] DREAMPlacePCB - node name:U13, pad number:3, node_center = (175.171, 80.8736), offset = (3.81, 0), pad_size = (1.524, 3.048)
[INFO   ] DREAMPlacePCB - node name:U13, pad number:4, node_center = (175.171, 80.8736), offset = (1.27, 0), pad_size = (1.524, 3.048)
[INFO   ] DREAMPlacePCB - node name:U13, pad number:5, node_center = (175.171, 80.8736), offset = (-1.27, 0), pad_size = (1.524, 3.048)
[INFO   ] DREAMPlacePCB - node name:U13, pad number:6, node_center = (175.171, 80.8736), offset = (-3.81, 0), pad_size = (1.524, 3.048)
[INFO   ] DREAMPlacePCB - node name:U13, pad number:7, node_center = (175.171, 80.8736), offset = (-6.35, 0), pad_size = (1.524, 3.048)
[INFO   ] DREAMPlacePCB - node name:U13, pad number:8, node_center = (175.171, 80.8736), offset = (-8.89, 0), pad_size = (1.524, 3.048)
[INFO   ] DREAMPlacePCB - node name:U13, width, height = (20.4, 3.048), fp_x_left = 165.021, fp_y_bottom = 79.3496
[INFO   ] DREAMPlacePCB - node name = U56
[INFO   ] DREAMPlacePCB - add a FpPoly point, X = 141.351, Y = 96.2272, width = 0.1
[INFO   ] DREAMPlacePCB - add a FpPoly point, X = 155.601, Y = 96.2272, width = 0.1
[INFO   ] DREAMPlacePCB - add a FpPoly point, X = 155.601, Y = 110.477, width = 0.1
[INFO   ] DREAMPlacePCB - add a FpPoly point, X = 141.351, Y = 110.477, width = 0.1
[INFO   ] DREAMPlacePCB - node name:U56, pad number:1, node_center = (148.501, 103.327), offset = (-8, -6), pad_size = (1.5, 0.35)
[INFO   ] DREAMPlacePCB - node name:U56, pad number:2, node_center = (148.501, 103.327), offset = (-8, -5.5), pad_size = (1.5, 0.35)
[INFO   ] DREAMPlacePCB - node name:U56, pad number:3, node_center = (148.501, 103.327), offset = (-8, -5), pad_size = (1.5, 0.35)
[INFO   ] DREAMPlacePCB - node name:U56, pad number:4, node_center = (148.501, 103.327), offset = (-8, -4.5), pad_size = (1.5, 0.35)
[INFO   ] DREAMPlacePCB - node name:U56, pad number:5, node_center = (148.501, 103.327), offset = (-8, -4), pad_size = (1.5, 0.35)
[INFO   ] DREAMPlacePCB - node name:U56, pad number:6, node_center = (148.501, 103.327), offset = (-8, -3.5), pad_size = (1.5, 0.35)
[INFO   ] DREAMPlacePCB - node name:U56, pad number:7, node_center = (148.501, 103.327), offset = (-8, -3), pad_size = (1.5, 0.35)
[INFO   ] DREAMPlacePCB - node name:U56, pad number:8, node_center = (148.501, 103.327), offset = (-8, -2.5), pad_size = (1.5, 0.35)
[INFO   ] DREAMPlacePCB - node name:U56, pad number:9, node_center = (148.501, 103.327), offset = (-8, -2), pad_size = (1.5, 0.35)
[INFO   ] DREAMPlacePCB - node name:U56, pad number:10, node_center = (148.501, 103.327), offset = (-8, -1.5), pad_size = (1.5, 0.35)
[INFO   ] DREAMPlacePCB - node name:U56, pad number:11, node_center = (148.501, 103.327), offset = (-8, -1), pad_size = (1.5, 0.35)
[INFO   ] DREAMPlacePCB - node name:U56, pad number:12, node_center = (148.501, 103.327), offset = (-8, -0.5), pad_size = (1.5, 0.35)
[INFO   ] DREAMPlacePCB - node name:U56, pad number:13, node_center = (148.501, 103.327), offset = (-8, 0), pad_size = (1.5, 0.35)
[INFO   ] DREAMPlacePCB - node name:U56, pad number:14, node_center = (148.501, 103.327), offset = (-8, 0.5), pad_size = (1.5, 0.35)
[INFO   ] DREAMPlacePCB - node name:U56, pad number:15, node_center = (148.501, 103.327), offset = (-8, 1), pad_size = (1.5, 0.35)
[INFO   ] DREAMPlacePCB - node name:U56, pad number:16, node_center = (148.501, 103.327), offset = (-8, 1.5), pad_size = (1.5, 0.35)
[INFO   ] DREAMPlacePCB - node name:U56, pad number:17, node_center = (148.501, 103.327), offset = (-8, 2), pad_size = (1.5, 0.35)
[INFO   ] DREAMPlacePCB - node name:U56, pad number:18, node_center = (148.501, 103.327), offset = (-8, 2.5), pad_size = (1.5, 0.35)
[INFO   ] DREAMPlacePCB - node name:U56, pad number:19, node_center = (148.501, 103.327), offset = (-8, 3), pad_size = (1.5, 0.35)
[INFO   ] DREAMPlacePCB - node name:U56, pad number:20, node_center = (148.501, 103.327), offset = (-8, 3.5), pad_size = (1.5, 0.35)
[INFO   ] DREAMPlacePCB - node name:U56, pad number:21, node_center = (148.501, 103.327), offset = (-8, 4), pad_size = (1.5, 0.35)
[INFO   ] DREAMPlacePCB - node name:U56, pad number:22, node_center = (148.501, 103.327), offset = (-8, 4.5), pad_size = (1.5, 0.35)
[INFO   ] DREAMPlacePCB - node name:U56, pad number:23, node_center = (148.501, 103.327), offset = (-8, 5), pad_size = (1.5, 0.35)
[INFO   ] DREAMPlacePCB - node name:U56, pad number:24, node_center = (148.501, 103.327), offset = (-8, 5.5), pad_size = (1.5, 0.35)
[INFO   ] DREAMPlacePCB - node name:U56, pad number:25, node_center = (148.501, 103.327), offset = (-8, 6), pad_size = (1.5, 0.35)
[INFO   ] DREAMPlacePCB - node name:U56, pad number:26, node_center = (148.501, 103.327), offset = (-6, 8), pad_size = (0.35, 1.5)
[INFO   ] DREAMPlacePCB - node name:U56, pad number:27, node_center = (148.501, 103.327), offset = (-5.5, 8), pad_size = (0.35, 1.5)
[INFO   ] DREAMPlacePCB - node name:U56, pad number:28, node_center = (148.501, 103.327), offset = (-5, 8), pad_size = (0.35, 1.5)
[INFO   ] DREAMPlacePCB - node name:U56, pad number:29, node_center = (148.501, 103.327), offset = (-4.5, 8), pad_size = (0.35, 1.5)
[INFO   ] DREAMPlacePCB - node name:U56, pad number:30, node_center = (148.501, 103.327), offset = (-4, 8), pad_size = (0.35, 1.5)
[INFO   ] DREAMPlacePCB - node name:U56, pad number:31, node_center = (148.501, 103.327), offset = (-3.5, 8), pad_size = (0.35, 1.5)
[INFO   ] DREAMPlacePCB - node name:U56, pad number:32, node_center = (148.501, 103.327), offset = (-3, 8), pad_size = (0.35, 1.5)
[INFO   ] DREAMPlacePCB - node name:U56, pad number:33, node_center = (148.501, 103.327), offset = (-2.5, 8), pad_size = (0.35, 1.5)
[INFO   ] DREAMPlacePCB - node name:U56, pad number:34, node_center = (148.501, 103.327), offset = (-2, 8), pad_size = (0.35, 1.5)
[INFO   ] DREAMPlacePCB - node name:U56, pad number:35, node_center = (148.501, 103.327), offset = (-1.5, 8), pad_size = (0.35, 1.5)
[INFO   ] DREAMPlacePCB - node name:U56, pad number:36, node_center = (148.501, 103.327), offset = (-1, 8), pad_size = (0.35, 1.5)
[INFO   ] DREAMPlacePCB - node name:U56, pad number:37, node_center = (148.501, 103.327), offset = (-0.5, 8), pad_size = (0.35, 1.5)
[INFO   ] DREAMPlacePCB - node name:U56, pad number:38, node_center = (148.501, 103.327), offset = (0, 8), pad_size = (0.35, 1.5)
[INFO   ] DREAMPlacePCB - node name:U56, pad number:39, node_center = (148.501, 103.327), offset = (0.5, 8), pad_size = (0.35, 1.5)
[INFO   ] DREAMPlacePCB - node name:U56, pad number:40, node_center = (148.501, 103.327), offset = (1, 8), pad_size = (0.35, 1.5)
[INFO   ] DREAMPlacePCB - node name:U56, pad number:41, node_center = (148.501, 103.327), offset = (1.5, 8), pad_size = (0.35, 1.5)
[INFO   ] DREAMPlacePCB - node name:U56, pad number:42, node_center = (148.501, 103.327), offset = (2, 8), pad_size = (0.35, 1.5)
[INFO   ] DREAMPlacePCB - node name:U56, pad number:43, node_center = (148.501, 103.327), offset = (2.5, 8), pad_size = (0.35, 1.5)
[INFO   ] DREAMPlacePCB - node name:U56, pad number:44, node_center = (148.501, 103.327), offset = (3, 8), pad_size = (0.35, 1.5)
[INFO   ] DREAMPlacePCB - node name:U56, pad number:45, node_center = (148.501, 103.327), offset = (3.5, 8), pad_size = (0.35, 1.5)
[INFO   ] DREAMPlacePCB - node name:U56, pad number:46, node_center = (148.501, 103.327), offset = (4, 8), pad_size = (0.35, 1.5)
[INFO   ] DREAMPlacePCB - node name:U56, pad number:47, node_center = (148.501, 103.327), offset = (4.5, 8), pad_size = (0.35, 1.5)
[INFO   ] DREAMPlacePCB - node name:U56, pad number:48, node_center = (148.501, 103.327), offset = (5, 8), pad_size = (0.35, 1.5)
[INFO   ] DREAMPlacePCB - node name:U56, pad number:49, node_center = (148.501, 103.327), offset = (5.5, 8), pad_size = (0.35, 1.5)
[INFO   ] DREAMPlacePCB - node name:U56, pad number:50, node_center = (148.501, 103.327), offset = (6, 8), pad_size = (0.35, 1.5)
[INFO   ] DREAMPlacePCB - node name:U56, pad number:51, node_center = (148.501, 103.327), offset = (8, 6), pad_size = (1.5, 0.35)
[INFO   ] DREAMPlacePCB - node name:U56, pad number:52, node_center = (148.501, 103.327), offset = (8, 5.5), pad_size = (1.5, 0.35)
[INFO   ] DREAMPlacePCB - node name:U56, pad number:53, node_center = (148.501, 103.327), offset = (8, 5), pad_size = (1.5, 0.35)
[INFO   ] DREAMPlacePCB - node name:U56, pad number:54, node_center = (148.501, 103.327), offset = (8, 4.5), pad_size = (1.5, 0.35)
[INFO   ] DREAMPlacePCB - node name:U56, pad number:55, node_center = (148.501, 103.327), offset = (8, 4), pad_size = (1.5, 0.35)
[INFO   ] DREAMPlacePCB - node name:U56, pad number:56, node_center = (148.501, 103.327), offset = (8, 3.5), pad_size = (1.5, 0.35)
[INFO   ] DREAMPlacePCB - node name:U56, pad number:57, node_center = (148.501, 103.327), offset = (8, 3), pad_size = (1.5, 0.35)
[INFO   ] DREAMPlacePCB - node name:U56, pad number:58, node_center = (148.501, 103.327), offset = (8, 2.5), pad_size = (1.5, 0.35)
[INFO   ] DREAMPlacePCB - node name:U56, pad number:59, node_center = (148.501, 103.327), offset = (8, 2), pad_size = (1.5, 0.35)
[INFO   ] DREAMPlacePCB - node name:U56, pad number:60, node_center = (148.501, 103.327), offset = (8, 1.5), pad_size = (1.5, 0.35)
[INFO   ] DREAMPlacePCB - node name:U56, pad number:61, node_center = (148.501, 103.327), offset = (8, 1), pad_size = (1.5, 0.35)
[INFO   ] DREAMPlacePCB - node name:U56, pad number:62, node_center = (148.501, 103.327), offset = (8, 0.5), pad_size = (1.5, 0.35)
[INFO   ] DREAMPlacePCB - node name:U56, pad number:63, node_center = (148.501, 103.327), offset = (8, 0), pad_size = (1.5, 0.35)
[INFO   ] DREAMPlacePCB - node name:U56, pad number:64, node_center = (148.501, 103.327), offset = (8, -0.5), pad_size = (1.5, 0.35)
[INFO   ] DREAMPlacePCB - node name:U56, pad number:65, node_center = (148.501, 103.327), offset = (8, -1), pad_size = (1.5, 0.35)
[INFO   ] DREAMPlacePCB - node name:U56, pad number:66, node_center = (148.501, 103.327), offset = (8, -1.5), pad_size = (1.5, 0.35)
[INFO   ] DREAMPlacePCB - node name:U56, pad number:67, node_center = (148.501, 103.327), offset = (8, -2), pad_size = (1.5, 0.35)
[INFO   ] DREAMPlacePCB - node name:U56, pad number:68, node_center = (148.501, 103.327), offset = (8, -2.5), pad_size = (1.5, 0.35)
[INFO   ] DREAMPlacePCB - node name:U56, pad number:69, node_center = (148.501, 103.327), offset = (8, -3), pad_size = (1.5, 0.35)
[INFO   ] DREAMPlacePCB - node name:U56, pad number:70, node_center = (148.501, 103.327), offset = (8, -3.5), pad_size = (1.5, 0.35)
[INFO   ] DREAMPlacePCB - node name:U56, pad number:71, node_center = (148.501, 103.327), offset = (8, -4), pad_size = (1.5, 0.35)
[INFO   ] DREAMPlacePCB - node name:U56, pad number:72, node_center = (148.501, 103.327), offset = (8, -4.5), pad_size = (1.5, 0.35)
[INFO   ] DREAMPlacePCB - node name:U56, pad number:73, node_center = (148.501, 103.327), offset = (8, -5), pad_size = (1.5, 0.35)
[INFO   ] DREAMPlacePCB - node name:U56, pad number:74, node_center = (148.501, 103.327), offset = (8, -5.5), pad_size = (1.5, 0.35)
[INFO   ] DREAMPlacePCB - node name:U56, pad number:75, node_center = (148.501, 103.327), offset = (8, -6), pad_size = (1.5, 0.35)
[INFO   ] DREAMPlacePCB - node name:U56, pad number:76, node_center = (148.501, 103.327), offset = (6, -8), pad_size = (0.35, 1.5)
[INFO   ] DREAMPlacePCB - node name:U56, pad number:77, node_center = (148.501, 103.327), offset = (5.5, -8), pad_size = (0.35, 1.5)
[INFO   ] DREAMPlacePCB - node name:U56, pad number:78, node_center = (148.501, 103.327), offset = (5, -8), pad_size = (0.35, 1.5)
[INFO   ] DREAMPlacePCB - node name:U56, pad number:79, node_center = (148.501, 103.327), offset = (4.5, -8), pad_size = (0.35, 1.5)
[INFO   ] DREAMPlacePCB - node name:U56, pad number:80, node_center = (148.501, 103.327), offset = (4, -8), pad_size = (0.35, 1.5)
[INFO   ] DREAMPlacePCB - node name:U56, pad number:81, node_center = (148.501, 103.327), offset = (3.5, -8), pad_size = (0.35, 1.5)
[INFO   ] DREAMPlacePCB - node name:U56, pad number:82, node_center = (148.501, 103.327), offset = (3, -8), pad_size = (0.35, 1.5)
[INFO   ] DREAMPlacePCB - node name:U56, pad number:83, node_center = (148.501, 103.327), offset = (2.5, -8), pad_size = (0.35, 1.5)
[INFO   ] DREAMPlacePCB - node name:U56, pad number:84, node_center = (148.501, 103.327), offset = (2, -8), pad_size = (0.35, 1.5)
[INFO   ] DREAMPlacePCB - node name:U56, pad number:85, node_center = (148.501, 103.327), offset = (1.5, -8), pad_size = (0.35, 1.5)
[INFO   ] DREAMPlacePCB - node name:U56, pad number:86, node_center = (148.501, 103.327), offset = (1, -8), pad_size = (0.35, 1.5)
[INFO   ] DREAMPlacePCB - node name:U56, pad number:87, node_center = (148.501, 103.327), offset = (0.5, -8), pad_size = (0.35, 1.5)
[INFO   ] DREAMPlacePCB - node name:U56, pad number:88, node_center = (148.501, 103.327), offset = (0, -8), pad_size = (0.35, 1.5)
[INFO   ] DREAMPlacePCB - node name:U56, pad number:89, node_center = (148.501, 103.327), offset = (-0.5, -8), pad_size = (0.35, 1.5)
[INFO   ] DREAMPlacePCB - node name:U56, pad number:90, node_center = (148.501, 103.327), offset = (-1, -8), pad_size = (0.35, 1.5)
[INFO   ] DREAMPlacePCB - node name:U56, pad number:91, node_center = (148.501, 103.327), offset = (-1.5, -8), pad_size = (0.35, 1.5)
[INFO   ] DREAMPlacePCB - node name:U56, pad number:92, node_center = (148.501, 103.327), offset = (-2, -8), pad_size = (0.35, 1.5)
[INFO   ] DREAMPlacePCB - node name:U56, pad number:93, node_center = (148.501, 103.327), offset = (-2.5, -8), pad_size = (0.35, 1.5)
[INFO   ] DREAMPlacePCB - node name:U56, pad number:94, node_center = (148.501, 103.327), offset = (-3, -8), pad_size = (0.35, 1.5)
[INFO   ] DREAMPlacePCB - node name:U56, pad number:95, node_center = (148.501, 103.327), offset = (-3.5, -8), pad_size = (0.35, 1.5)
[INFO   ] DREAMPlacePCB - node name:U56, pad number:96, node_center = (148.501, 103.327), offset = (-4, -8), pad_size = (0.35, 1.5)
[INFO   ] DREAMPlacePCB - node name:U56, pad number:97, node_center = (148.501, 103.327), offset = (-4.5, -8), pad_size = (0.35, 1.5)
[INFO   ] DREAMPlacePCB - node name:U56, pad number:98, node_center = (148.501, 103.327), offset = (-5, -8), pad_size = (0.35, 1.5)
[INFO   ] DREAMPlacePCB - node name:U56, pad number:99, node_center = (148.501, 103.327), offset = (-5.5, -8), pad_size = (0.35, 1.5)
[INFO   ] DREAMPlacePCB - node name:U56, pad number:100, node_center = (148.501, 103.327), offset = (-6, -8), pad_size = (0.35, 1.5)
[INFO   ] DREAMPlacePCB - node name:U56, width, height = (17.5, 17.5), fp_x_left = 139.751, fp_y_bottom = 94.5772
[INFO   ] DREAMPlacePCB - node name = U12
[INFO   ] DREAMPlacePCB - add a FpPoly point, X = 170.051, Y = 127.734, width = 0.1
[INFO   ] DREAMPlacePCB - add a FpPoly point, X = 190.301, Y = 127.784, width = 0.1
[INFO   ] DREAMPlacePCB - add a FpPoly point, X = 190.351, Y = 130.434, width = 0.1
[INFO   ] DREAMPlacePCB - add a FpPoly point, X = 170.051, Y = 130.434, width = 0.1
[INFO   ] DREAMPlacePCB - node name:U12, pad number:1, node_center = (180.251, 129.134), offset = (-8.89, 0), pad_size = (1.524, 3.048)
[INFO   ] DREAMPlacePCB - node name:U12, pad number:2, node_center = (180.251, 129.134), offset = (-6.35, 0), pad_size = (1.524, 3.048)
[INFO   ] DREAMPlacePCB - node name:U12, pad number:3, node_center = (180.251, 129.134), offset = (-3.81, 0), pad_size = (1.524, 3.048)
[INFO   ] DREAMPlacePCB - node name:U12, pad number:4, node_center = (180.251, 129.134), offset = (-1.27, 0), pad_size = (1.524, 3.048)
[INFO   ] DREAMPlacePCB - node name:U12, pad number:5, node_center = (180.251, 129.134), offset = (1.27, 0), pad_size = (1.524, 3.048)
[INFO   ] DREAMPlacePCB - node name:U12, pad number:6, node_center = (180.251, 129.134), offset = (3.81, 0), pad_size = (1.524, 3.048)
[INFO   ] DREAMPlacePCB - node name:U12, pad number:7, node_center = (180.251, 129.134), offset = (6.35, 0), pad_size = (1.524, 3.048)
[INFO   ] DREAMPlacePCB - node name:U12, pad number:8, node_center = (180.251, 129.134), offset = (8.89, 0), pad_size = (1.524, 3.048)
[INFO   ] DREAMPlacePCB - node name:U12, width, height = (20.4, 3.048), fp_x_left = 170.001, fp_y_bottom = 127.61
[INFO   ] DREAMPlacePCB - node name = U52
[INFO   ] DREAMPlacePCB - add a FpPoly point, X = 190.201, Y = 102.454, width = 0.1
[INFO   ] DREAMPlacePCB - add a FpPoly point, X = 190.151, Y = 82.1536, width = 0.1
[INFO   ] DREAMPlacePCB - add a FpPoly point, X = 195.651, Y = 82.1536, width = 0.1
[INFO   ] DREAMPlacePCB - add a FpPoly point, X = 195.701, Y = 102.454, width = 0.1
[INFO   ] DREAMPlacePCB - node name:U52, pad number:1, node_center = (192.951, 92.3036), offset = (1.27, 8.89), pad_size = (1.524, 1.524)
[INFO   ] DREAMPlacePCB - node name:U52, pad number:2, node_center = (192.951, 92.3036), offset = (-1.27, 8.89), pad_size = (1.524, 1.524)
[INFO   ] DREAMPlacePCB - node name:U52, pad number:3, node_center = (192.951, 92.3036), offset = (1.27, 6.35), pad_size = (1.524, 1.524)
[INFO   ] DREAMPlacePCB - node name:U52, pad number:4, node_center = (192.951, 92.3036), offset = (-1.27, 6.35), pad_size = (1.524, 1.524)
[INFO   ] DREAMPlacePCB - node name:U52, pad number:5, node_center = (192.951, 92.3036), offset = (1.27, 3.81), pad_size = (1.524, 1.524)
[INFO   ] DREAMPlacePCB - node name:U52, pad number:6, node_center = (192.951, 92.3036), offset = (-1.27, 3.81), pad_size = (1.524, 1.524)
[INFO   ] DREAMPlacePCB - node name:U52, pad number:7, node_center = (192.951, 92.3036), offset = (1.27, 1.27), pad_size = (1.524, 1.524)
[INFO   ] DREAMPlacePCB - node name:U52, pad number:8, node_center = (192.951, 92.3036), offset = (-1.27, 1.27), pad_size = (1.524, 1.524)
[INFO   ] DREAMPlacePCB - node name:U52, pad number:9, node_center = (192.951, 92.3036), offset = (1.27, -1.27), pad_size = (1.524, 1.524)
[INFO   ] DREAMPlacePCB - node name:U52, pad number:10, node_center = (192.951, 92.3036), offset = (-1.27, -1.27), pad_size = (1.524, 1.524)
[INFO   ] DREAMPlacePCB - node name:U52, pad number:11, node_center = (192.951, 92.3036), offset = (1.27, -3.81), pad_size = (1.524, 1.524)
[INFO   ] DREAMPlacePCB - node name:U52, pad number:12, node_center = (192.951, 92.3036), offset = (-1.27, -3.81), pad_size = (1.524, 1.524)
[INFO   ] DREAMPlacePCB - node name:U52, pad number:13, node_center = (192.951, 92.3036), offset = (1.27, -6.35), pad_size = (1.524, 1.524)
[INFO   ] DREAMPlacePCB - node name:U52, pad number:14, node_center = (192.951, 92.3036), offset = (-1.27, -6.35), pad_size = (1.524, 1.524)
[INFO   ] DREAMPlacePCB - node name:U52, pad number:15, node_center = (192.951, 92.3036), offset = (1.27, -8.89), pad_size = (1.524, 1.524)
[INFO   ] DREAMPlacePCB - node name:U52, pad number:16, node_center = (192.951, 92.3036), offset = (-1.27, -8.89), pad_size = (1.524, 1.524)
[INFO   ] DREAMPlacePCB - node name:U52, width, height = (5.65, 20.4), fp_x_left = 190.101, fp_y_bottom = 82.1036
[INFO   ] DREAMPlacePCB - node name = U51
[INFO   ] DREAMPlacePCB - add a FpPoly point, X = 190.201, Y = 102.474, width = 0.1
[INFO   ] DREAMPlacePCB - add a FpPoly point, X = 190.201, Y = 122.774, width = 0.1
[INFO   ] DREAMPlacePCB - add a FpPoly point, X = 195.701, Y = 122.774, width = 0.1
[INFO   ] DREAMPlacePCB - add a FpPoly point, X = 195.701, Y = 102.474, width = 0.1
[INFO   ] DREAMPlacePCB - node name:U51, pad number:1, node_center = (192.951, 112.624), offset = (1.27, 8.89), pad_size = (1.524, 1.524)
[INFO   ] DREAMPlacePCB - node name:U51, pad number:2, node_center = (192.951, 112.624), offset = (-1.27, 8.89), pad_size = (1.524, 1.524)
[INFO   ] DREAMPlacePCB - node name:U51, pad number:3, node_center = (192.951, 112.624), offset = (1.27, 6.35), pad_size = (1.524, 1.524)
[INFO   ] DREAMPlacePCB - node name:U51, pad number:4, node_center = (192.951, 112.624), offset = (-1.27, 6.35), pad_size = (1.524, 1.524)
[INFO   ] DREAMPlacePCB - node name:U51, pad number:5, node_center = (192.951, 112.624), offset = (1.27, 3.81), pad_size = (1.524, 1.524)
[INFO   ] DREAMPlacePCB - node name:U51, pad number:6, node_center = (192.951, 112.624), offset = (-1.27, 3.81), pad_size = (1.524, 1.524)
[INFO   ] DREAMPlacePCB - node name:U51, pad number:7, node_center = (192.951, 112.624), offset = (1.27, 1.27), pad_size = (1.524, 1.524)
[INFO   ] DREAMPlacePCB - node name:U51, pad number:8, node_center = (192.951, 112.624), offset = (-1.27, 1.27), pad_size = (1.524, 1.524)
[INFO   ] DREAMPlacePCB - node name:U51, pad number:9, node_center = (192.951, 112.624), offset = (1.27, -1.27), pad_size = (1.524, 1.524)
[INFO   ] DREAMPlacePCB - node name:U51, pad number:10, node_center = (192.951, 112.624), offset = (-1.27, -1.27), pad_size = (1.524, 1.524)
[INFO   ] DREAMPlacePCB - node name:U51, pad number:11, node_center = (192.951, 112.624), offset = (1.27, -3.81), pad_size = (1.524, 1.524)
[INFO   ] DREAMPlacePCB - node name:U51, pad number:12, node_center = (192.951, 112.624), offset = (-1.27, -3.81), pad_size = (1.524, 1.524)
[INFO   ] DREAMPlacePCB - node name:U51, pad number:13, node_center = (192.951, 112.624), offset = (1.27, -6.35), pad_size = (1.524, 1.524)
[INFO   ] DREAMPlacePCB - node name:U51, pad number:14, node_center = (192.951, 112.624), offset = (-1.27, -6.35), pad_size = (1.524, 1.524)
[INFO   ] DREAMPlacePCB - node name:U51, pad number:15, node_center = (192.951, 112.624), offset = (1.27, -8.89), pad_size = (1.524, 1.524)
[INFO   ] DREAMPlacePCB - node name:U51, pad number:16, node_center = (192.951, 112.624), offset = (-1.27, -8.89), pad_size = (1.524, 1.524)
[INFO   ] DREAMPlacePCB - node name:U51, width, height = (5.6, 20.4), fp_x_left = 190.151, fp_y_bottom = 102.424
[INFO   ] DREAMPlacePCB - node name = U10
[INFO   ] DREAMPlacePCB - add a FpPoly point, X = 190.431, Y = 79.6236, width = 0.1
[INFO   ] DREAMPlacePCB - add a FpPoly point, X = 192.931, Y = 79.6236, width = 0.1
[INFO   ] DREAMPlacePCB - add a FpPoly point, X = 192.931, Y = 82.1236, width = 0.1
[INFO   ] DREAMPlacePCB - add a FpPoly point, X = 190.431, Y = 82.1236, width = 0.1
[INFO   ] DREAMPlacePCB - node name:U10, pad number:1, node_center = (191.681, 80.8736), offset = (0, 0), pad_size = (1.524, 1.524)
[INFO   ] DREAMPlacePCB - node name:U10, width, height = (2.6, 2.6), fp_x_left = 190.381, fp_y_bottom = 79.5736
[INFO   ] DREAMPlacePCB - node name = U9
[INFO   ] DREAMPlacePCB - add a FpPoly point, X = 192.971, Y = 79.6236, width = 0.1
[INFO   ] DREAMPlacePCB - add a FpPoly point, X = 195.471, Y = 79.6236, width = 0.1
[INFO   ] DREAMPlacePCB - add a FpPoly point, X = 195.471, Y = 82.1236, width = 0.1
[INFO   ] DREAMPlacePCB - add a FpPoly point, X = 192.971, Y = 82.1236, width = 0.1
[INFO   ] DREAMPlacePCB - node name:U9, pad number:1, node_center = (194.221, 80.8736), offset = (0, 0), pad_size = (1.524, 1.524)
[INFO   ] DREAMPlacePCB - node name:U9, width, height = (2.6, 2.6), fp_x_left = 192.921, fp_y_bottom = 79.5736
[INFO   ] DREAMPlacePCB - node name = U1
[INFO   ] DREAMPlacePCB - add a FpPoly point, X = 190.381, Y = 122.804, width = 0.1
[INFO   ] DREAMPlacePCB - add a FpPoly point, X = 192.981, Y = 122.804, width = 0.1
[INFO   ] DREAMPlacePCB - add a FpPoly point, X = 192.981, Y = 125.304, width = 0.1
[INFO   ] DREAMPlacePCB - add a FpPoly point, X = 190.381, Y = 125.304, width = 0.1
[INFO   ] DREAMPlacePCB - node name:U1, pad number:1, node_center = (191.681, 124.054), offset = (0, 0), pad_size = (1.524, 1.524)
[INFO   ] DREAMPlacePCB - node name:U1, width, height = (2.7, 2.6), fp_x_left = 190.331, fp_y_bottom = 122.754
[INFO   ] DREAMPlacePCB - node name = U2
[INFO   ] DREAMPlacePCB - add a FpPoly point, X = 193.021, Y = 122.854, width = 0.1
[INFO   ] DREAMPlacePCB - add a FpPoly point, X = 195.421, Y = 122.854, width = 0.1
[INFO   ] DREAMPlacePCB - add a FpPoly point, X = 195.421, Y = 125.304, width = 0.1
[INFO   ] DREAMPlacePCB - add a FpPoly point, X = 193.021, Y = 125.304, width = 0.1
[INFO   ] DREAMPlacePCB - node name:U2, pad number:1, node_center = (194.221, 124.054), offset = (0, 0), pad_size = (1.524, 1.524)
[INFO   ] DREAMPlacePCB - node name:U2, width, height = (2.5, 2.55), fp_x_left = 192.971, fp_y_bottom = 122.804
[INFO   ] DREAMPlacePCB - node name = U8
[INFO   ] DREAMPlacePCB - add a FpPoly point, X = 130.751, Y = 93.3496, width = 0.1
[INFO   ] DREAMPlacePCB - add a FpPoly point, X = 130.751, Y = 103.45, width = 0.1
[INFO   ] DREAMPlacePCB - add a FpPoly point, X = 128.201, Y = 103.45, width = 0.1
[INFO   ] DREAMPlacePCB - add a FpPoly point, X = 128.151, Y = 93.3496, width = 0.1
[INFO   ] DREAMPlacePCB - node name:U8, pad number:1, node_center = (129.451, 98.3996), offset = (0, -3.81), pad_size = (2.8448, 1.4224)
[INFO   ] DREAMPlacePCB - node name:U8, pad number:2, node_center = (129.451, 98.3996), offset = (0, -1.27), pad_size = (2.8448, 1.4224)
[INFO   ] DREAMPlacePCB - node name:U8, pad number:3, node_center = (129.451, 98.3996), offset = (0, 1.27), pad_size = (2.8448, 1.4224)
[INFO   ] DREAMPlacePCB - node name:U8, pad number:4, node_center = (129.451, 98.3996), offset = (0, 3.81), pad_size = (2.8448, 1.4224)
[INFO   ] DREAMPlacePCB - node name:U8, width, height = (2.8448, 10.2), fp_x_left = 128.029, fp_y_bottom = 93.2996
[INFO   ] DREAMPlacePCB - move cells to the center of layout
[INFO   ] DREAMPlacePCB - unit_pin_capacity = 0.058
[INFO   ] DREAMPlacePCB - set shift_factor = (97.6411, 78.2736), as original row bbox = (97.6411, 78.2736, 194.361, 131.734)
[INFO   ] DREAMPlacePCB - set scale_factor = 1
[INFO   ] DREAMPlacePCB - shift coordinate system by (97.6411, 78.2736), scale coordinate system by 1
[INFO   ] DREAMPlacePCB - 
        ================================= Benchmark Statistics =================================
        #physical nodes = 17, #movable = 1, #nets = 100
        die area = (0, 0, 96.72, 53.46) 5170.65, #pins = 199

        total_movable_node_area = 306.25, total_fixed_node_area = 928.053, total_space_area = 4242.6
	utilization = 0.0721845, target_density = 1
	total_filler_node_area = 0, #fillers = 0, filler sizes = 0x0
	num_bins = 1024x1024, bin sizes = 0.0944531x0.052207
	================================== routing information =================================
	routing grids (512, 512)
	routing grid sizes (0.188906, 0.104414)
	routing capacity H/V (0.163147, 0.273914) per tile
	========================================================================================
[INFO   ] DREAMPlacePCB - reading benchmark takes 0.19349 seconds
[INFO   ] DREAMPlacePCB - reading database takes 0.19 seconds
[INFO   ] DREAMPlacePCB - non-linear placement initialization takes 0.00 seconds
[DEBUG  ] DREAMPlacePCB - build data takes 0.16 seconds
[INFO   ] ops.electric_potential.electric_potential - regard 0 cells as movable macros in global placement
[INFO   ] DREAMPlacePCB - Global placement: 512x1024 bins by default
[INFO   ] DREAMPlacePCB - use nesterov optimizer
[DEBUG  ] ops.logsumexp_wirelength.logsumexp_wirelength - wirelength forward 3.096 ms
[INFO   ] ops.electric_potential.electric_potential - fixed density map: average 0.00079743, max 0.00999909, bin area 0.00493112
[DEBUG  ] ops.electric_potential.electric_potential - density forward 89.818 ms
[DEBUG  ] ops.electric_potential.electric_potential - density backward 2.917 ms
[DEBUG  ] ops.logsumexp_wirelength.logsumexp_wirelength - wirelength backward 0.768 ms
[DEBUG  ] ops.logsumexp_wirelength.logsumexp_wirelength - wirelength forward 3.003 ms
[DEBUG  ] ops.electric_potential.electric_potential - density forward 27.295 ms
[DEBUG  ] ops.electric_potential.electric_potential - density backward 68.098 ms
[DEBUG  ] ops.logsumexp_wirelength.logsumexp_wirelength - wirelength backward 10.119 ms
[INFO   ] DREAMPlacePCB - nesterov initialization takes 0.782003 seconds
[DEBUG  ] ops.logsumexp_wirelength.logsumexp_wirelength - wirelength forward 348.757 ms
[DEBUG  ] ops.electric_potential.electric_potential - density forward 2.343 ms
[DEBUG  ] ops.electric_potential.electric_potential - density backward 7.653 ms
[DEBUG  ] ops.logsumexp_wirelength.logsumexp_wirelength - wirelength backward 56.124 ms
[INFO   ] DREAMPlacePCB - iteration    0, DensityWeight 0.0000E+00
, wHPWL 3.8470E+03, Overflow 3.7336E-03
, RouteOverflow 7.5301E-02, PinOverflow 6.7854E-01
, gamma 8.4390E+00, time 2.2235ms

[DEBUG  ] ops.logsumexp_wirelength.logsumexp_wirelength - wirelength forward 7.550 ms
[DEBUG  ] ops.logsumexp_wirelength.logsumexp_wirelength - wirelength backward 2.116 ms
[DEBUG  ] ops.electric_potential.electric_potential - density forward 2.907 ms
[DEBUG  ] ops.electric_potential.electric_potential - density backward 2.081 ms
[INFO   ] DREAMPlacePCB - density_weight = 1.284778E-06
[DEBUG  ] ops.logsumexp_wirelength.logsumexp_wirelength - wirelength forward 12.353 ms
[DEBUG  ] ops.electric_potential.electric_potential - density forward 9.007 ms
[DEBUG  ] ops.electric_potential.electric_potential - density backward 64.802 ms
[DEBUG  ] ops.logsumexp_wirelength.logsumexp_wirelength - wirelength backward 23.976 ms
[DEBUG  ] ops.logsumexp_wirelength.logsumexp_wirelength - wirelength forward 15.516 ms
[DEBUG  ] ops.electric_potential.electric_potential - density forward 12.881 ms
[DEBUG  ] ops.electric_potential.electric_potential - density backward 3.082 ms
[DEBUG  ] ops.logsumexp_wirelength.logsumexp_wirelength - wirelength backward 85.061 ms
[DEBUG  ] ops.logsumexp_wirelength.logsumexp_wirelength - wirelength forward 0.427 ms
[DEBUG  ] ops.electric_potential.electric_potential - density forward 1.992 ms
[DEBUG  ] ops.electric_potential.electric_potential - density backward 10.377 ms
[DEBUG  ] ops.logsumexp_wirelength.logsumexp_wirelength - wirelength backward 2.248 ms
[DEBUG  ] ops.logsumexp_wirelength.logsumexp_wirelength - wirelength forward 2.927 ms
[DEBUG  ] ops.electric_potential.electric_potential - density forward 4.902 ms
[DEBUG  ] ops.electric_potential.electric_potential - density backward 44.952 ms
[DEBUG  ] ops.logsumexp_wirelength.logsumexp_wirelength - wirelength backward 3.069 ms
[DEBUG  ] ops.logsumexp_wirelength.logsumexp_wirelength - wirelength forward 0.634 ms
[DEBUG  ] ops.electric_potential.electric_potential - density forward 8.545 ms
[DEBUG  ] ops.electric_potential.electric_potential - density backward 10.677 ms
[DEBUG  ] ops.logsumexp_wirelength.logsumexp_wirelength - wirelength backward 28.493 ms
[DEBUG  ] ops.logsumexp_wirelength.logsumexp_wirelength - wirelength forward 0.898 ms
[DEBUG  ] ops.electric_potential.electric_potential - density forward 9.521 ms
[DEBUG  ] ops.electric_potential.electric_potential - density backward 8.106 ms
[DEBUG  ] ops.logsumexp_wirelength.logsumexp_wirelength - wirelength backward 24.769 ms
[DEBUG  ] ops.logsumexp_wirelength.logsumexp_wirelength - wirelength forward 3.430 ms
[DEBUG  ] ops.electric_potential.electric_potential - density forward 101.522 ms
[DEBUG  ] ops.electric_potential.electric_potential - density backward 4.871 ms
[DEBUG  ] ops.logsumexp_wirelength.logsumexp_wirelength - wirelength backward 3.588 ms
[DEBUG  ] ops.logsumexp_wirelength.logsumexp_wirelength - wirelength forward 0.753 ms
[DEBUG  ] ops.electric_potential.electric_potential - density forward 3.675 ms
[DEBUG  ] ops.electric_potential.electric_potential - density backward 16.002 ms
[DEBUG  ] ops.logsumexp_wirelength.logsumexp_wirelength - wirelength backward 54.180 ms
[DEBUG  ] ops.logsumexp_wirelength.logsumexp_wirelength - wirelength forward 32.813 ms
[DEBUG  ] ops.electric_potential.electric_potential - density forward 35.345 ms
[DEBUG  ] ops.electric_potential.electric_potential - density backward 2.752 ms
[DEBUG  ] ops.logsumexp_wirelength.logsumexp_wirelength - wirelength backward 3.106 ms
[DEBUG  ] ops.logsumexp_wirelength.logsumexp_wirelength - wirelength forward 18.639 ms
[DEBUG  ] ops.electric_potential.electric_potential - density forward 30.548 ms
[DEBUG  ] ops.electric_potential.electric_potential - density backward 2.342 ms
[DEBUG  ] ops.logsumexp_wirelength.logsumexp_wirelength - wirelength backward 20.259 ms
[DEBUG  ] ops.logsumexp_wirelength.logsumexp_wirelength - wirelength forward 16.218 ms
[DEBUG  ] ops.electric_potential.electric_potential - density forward 5.667 ms
[DEBUG  ] ops.electric_potential.electric_potential - density backward 14.542 ms
[DEBUG  ] ops.logsumexp_wirelength.logsumexp_wirelength - wirelength backward 45.223 ms
[DEBUG  ] ops.logsumexp_wirelength.logsumexp_wirelength - wirelength forward 0.936 ms
[DEBUG  ] ops.electric_potential.electric_potential - density forward 4.038 ms
[DEBUG  ] ops.electric_potential.electric_potential - density backward 10.651 ms
[DEBUG  ] ops.logsumexp_wirelength.logsumexp_wirelength - wirelength backward 6.806 ms
[DEBUG  ] ops.logsumexp_wirelength.logsumexp_wirelength - wirelength forward 11.555 ms
[DEBUG  ] ops.electric_potential.electric_potential - density forward 24.513 ms
[DEBUG  ] ops.electric_potential.electric_potential - density backward 83.223 ms
[DEBUG  ] ops.logsumexp_wirelength.logsumexp_wirelength - wirelength backward 8.390 ms
[INFO   ] DREAMPlacePCB - optimizer step 1136.819 ms
[DEBUG  ] ops.logsumexp_wirelength.logsumexp_wirelength - wirelength forward 377.170 ms
[DEBUG  ] ops.electric_potential.electric_potential - density forward 14.196 ms
[DEBUG  ] ops.electric_potential.electric_potential - density backward 1.978 ms
[DEBUG  ] ops.logsumexp_wirelength.logsumexp_wirelength - wirelength backward 142.734 ms
[INFO   ] DREAMPlacePCB - iteration    1, DensityWeight 1.2848E-06
, wHPWL 3.6256E+03, Overflow 3.7336E-03
, RouteOverflow 6.1684E-02, PinOverflow 6.7871E-01
, gamma 8.4390E+00, time 0.8149ms

[INFO   ] DREAMPlacePCB - full step 2421.245 ms

[DEBUG  ] DREAMPlacePCB - Lsub stopping criteria: 0 and 5175.66 > 4256.66 * 0.999
[INFO   ] ops.adjust_node_area.adjust_node_area - area_increment = 3.062499E+02, area_increment / movable = 1, area_adjust_stop_ratio = 0.01
[INFO   ] ops.adjust_node_area.adjust_node_area - area_increment / total_place_area = 0.0721845, area_increment / filler = inf, area_increment / total_whitespace_area = 0.0778005
[INFO   ] ops.adjust_node_area.adjust_node_area - route_area_increment_ratio = 1, route_area_adjust_stop_ratio = 0.01
[INFO   ] ops.adjust_node_area.adjust_node_area - inflation ratio for movable nodes: avg/max 2/2
[INFO   ] ops.adjust_node_area.adjust_node_area - old total movable nodes area 3.062E+02, filler area 0.000E+00, total movable + filler area 3.062E+02, total_place_area 4.243E+03
[INFO   ] ops.adjust_node_area.adjust_node_area - new total movable nodes area 6.125E+02, filler area 0.000E+00, total movable + filler area 6.125E+02, total_place_area 4.243E+03
[INFO   ] ops.adjust_node_area.adjust_node_area - new target_density 0.144369
[INFO   ] DREAMPlacePCB - routability optimization round 0: adjust area flags = (1, 1, 0) -> (1, 1, 0)
[INFO   ] ops.electric_potential.electric_potential - regard 0 cells as movable macros in global placement
[DEBUG  ] ops.logsumexp_wirelength.logsumexp_wirelength - wirelength forward 1.678 ms
[DEBUG  ] ops.logsumexp_wirelength.logsumexp_wirelength - wirelength backward 0.668 ms
[INFO   ] ops.electric_potential.electric_potential - fixed density map: average 0.00079743, max 0.00999909, bin area 0.00493112
[DEBUG  ] ops.electric_potential.electric_potential - density forward 114.836 ms
[DEBUG  ] ops.electric_potential.electric_potential - density backward 5.582 ms
[INFO   ] DREAMPlacePCB - density_weight = 3.180912E-04
[DEBUG  ] ops.logsumexp_wirelength.logsumexp_wirelength - wirelength forward 15.449 ms
[DEBUG  ] ops.electric_potential.electric_potential - density forward 3.879 ms
[DEBUG  ] ops.electric_potential.electric_potential - density backward 20.842 ms
[DEBUG  ] ops.logsumexp_wirelength.logsumexp_wirelength - wirelength backward 42.915 ms
[DEBUG  ] ops.logsumexp_wirelength.logsumexp_wirelength - wirelength forward 6.436 ms
[DEBUG  ] ops.electric_potential.electric_potential - density forward 8.512 ms
[DEBUG  ] ops.electric_potential.electric_potential - density backward 7.559 ms
[DEBUG  ] ops.logsumexp_wirelength.logsumexp_wirelength - wirelength backward 82.650 ms
[DEBUG  ] ops.logsumexp_wirelength.logsumexp_wirelength - wirelength forward 7.032 ms
[DEBUG  ] ops.electric_potential.electric_potential - density forward 9.590 ms
[DEBUG  ] ops.electric_potential.electric_potential - density backward 20.463 ms
[DEBUG  ] ops.logsumexp_wirelength.logsumexp_wirelength - wirelength backward 84.478 ms
[DEBUG  ] ops.logsumexp_wirelength.logsumexp_wirelength - wirelength forward 6.998 ms
[DEBUG  ] ops.electric_potential.electric_potential - density forward 5.391 ms
[DEBUG  ] ops.electric_potential.electric_potential - density backward 4.564 ms
[DEBUG  ] ops.logsumexp_wirelength.logsumexp_wirelength - wirelength backward 57.285 ms
[DEBUG  ] ops.logsumexp_wirelength.logsumexp_wirelength - wirelength forward 3.155 ms
[DEBUG  ] ops.electric_potential.electric_potential - density forward 6.314 ms
[DEBUG  ] ops.electric_potential.electric_potential - density backward 16.904 ms
[DEBUG  ] ops.logsumexp_wirelength.logsumexp_wirelength - wirelength backward 87.968 ms
[DEBUG  ] ops.logsumexp_wirelength.logsumexp_wirelength - wirelength forward 92.744 ms
[DEBUG  ] ops.electric_potential.electric_potential - density forward 10.799 ms
[DEBUG  ] ops.electric_potential.electric_potential - density backward 25.530 ms
[DEBUG  ] ops.logsumexp_wirelength.logsumexp_wirelength - wirelength backward 17.108 ms
[DEBUG  ] ops.logsumexp_wirelength.logsumexp_wirelength - wirelength forward 2.320 ms
[DEBUG  ] ops.electric_potential.electric_potential - density forward 44.653 ms
[DEBUG  ] ops.electric_potential.electric_potential - density backward 13.620 ms
[DEBUG  ] ops.logsumexp_wirelength.logsumexp_wirelength - wirelength backward 74.613 ms
[DEBUG  ] ops.logsumexp_wirelength.logsumexp_wirelength - wirelength forward 21.618 ms
[DEBUG  ] ops.electric_potential.electric_potential - density forward 4.530 ms
[DEBUG  ] ops.electric_potential.electric_potential - density backward 4.314 ms
[DEBUG  ] ops.logsumexp_wirelength.logsumexp_wirelength - wirelength backward 64.427 ms
[DEBUG  ] ops.logsumexp_wirelength.logsumexp_wirelength - wirelength forward 2.772 ms
[DEBUG  ] ops.electric_potential.electric_potential - density forward 6.979 ms
[DEBUG  ] ops.electric_potential.electric_potential - density backward 11.685 ms
[DEBUG  ] ops.logsumexp_wirelength.logsumexp_wirelength - wirelength backward 100.632 ms
[DEBUG  ] ops.logsumexp_wirelength.logsumexp_wirelength - wirelength forward 14.408 ms
[DEBUG  ] ops.electric_potential.electric_potential - density forward 31.927 ms
[DEBUG  ] ops.electric_potential.electric_potential - density backward 42.160 ms
[DEBUG  ] ops.logsumexp_wirelength.logsumexp_wirelength - wirelength backward 110.091 ms
[DEBUG  ] ops.logsumexp_wirelength.logsumexp_wirelength - wirelength forward 7.418 ms
[DEBUG  ] ops.electric_potential.electric_potential - density forward 17.766 ms
[DEBUG  ] ops.electric_potential.electric_potential - density backward 34.992 ms
[DEBUG  ] ops.logsumexp_wirelength.logsumexp_wirelength - wirelength backward 78.925 ms
[DEBUG  ] ops.logsumexp_wirelength.logsumexp_wirelength - wirelength forward 11.004 ms
[DEBUG  ] ops.electric_potential.electric_potential - density forward 4.169 ms
[DEBUG  ] ops.electric_potential.electric_potential - density backward 5.177 ms
[DEBUG  ] ops.logsumexp_wirelength.logsumexp_wirelength - wirelength backward 82.781 ms
[DEBUG  ] ops.logsumexp_wirelength.logsumexp_wirelength - wirelength forward 12.415 ms
[DEBUG  ] ops.electric_potential.electric_potential - density forward 13.613 ms
[DEBUG  ] ops.electric_potential.electric_potential - density backward 4.361 ms
[DEBUG  ] ops.logsumexp_wirelength.logsumexp_wirelength - wirelength backward 97.199 ms
[DEBUG  ] ops.logsumexp_wirelength.logsumexp_wirelength - wirelength forward 8.558 ms
[DEBUG  ] ops.electric_potential.electric_potential - density forward 4.677 ms
[DEBUG  ] ops.electric_potential.electric_potential - density backward 29.581 ms
[DEBUG  ] ops.logsumexp_wirelength.logsumexp_wirelength - wirelength backward 68.673 ms
[DEBUG  ] ops.logsumexp_wirelength.logsumexp_wirelength - wirelength forward 0.626 ms
[DEBUG  ] ops.electric_potential.electric_potential - density forward 104.893 ms
[DEBUG  ] ops.electric_potential.electric_potential - density backward 8.861 ms
[DEBUG  ] ops.logsumexp_wirelength.logsumexp_wirelength - wirelength backward 68.068 ms
[INFO   ] DREAMPlacePCB - optimizer step 1925.342 ms
[DEBUG  ] ops.logsumexp_wirelength.logsumexp_wirelength - wirelength forward 334.077 ms
[DEBUG  ] ops.electric_potential.electric_potential - density forward 12.619 ms
[DEBUG  ] ops.electric_potential.electric_potential - density backward 30.170 ms
[DEBUG  ] ops.logsumexp_wirelength.logsumexp_wirelength - wirelength backward 113.659 ms
[INFO   ] DREAMPlacePCB - iteration    2, DensityWeight 3.1809E-04
, wHPWL 3.4751E+03, Overflow 1.0620E-01
, RouteOverflow 6.0636E-02, PinOverflow 5.9508E-01
, gamma 5.1566E-02, time 14.3816ms

[INFO   ] DREAMPlacePCB - full step 2625.200 ms

[INFO   ] ops.adjust_node_area.adjust_node_area - area_increment = 3.936349E+02, area_increment / movable = 0.642669, area_adjust_stop_ratio = 0.01
[INFO   ] ops.adjust_node_area.adjust_node_area - area_increment / total_place_area = 0.0927816, area_increment / filler = inf, area_increment / total_whitespace_area = 0.1
[INFO   ] ops.adjust_node_area.adjust_node_area - route_area_increment_ratio = 1, route_area_adjust_stop_ratio = 0.01
[INFO   ] ops.adjust_node_area.adjust_node_area - inflation ratio for movable nodes: avg/max 1.64267/1.64267
[INFO   ] ops.adjust_node_area.adjust_node_area - old total movable nodes area 6.125E+02, filler area 0.000E+00, total movable + filler area 6.125E+02, total_place_area 4.243E+03
[INFO   ] ops.adjust_node_area.adjust_node_area - new total movable nodes area 1.006E+03, filler area 0.000E+00, total movable + filler area 1.006E+03, total_place_area 4.243E+03
[INFO   ] ops.adjust_node_area.adjust_node_area - new target_density 0.237151
[INFO   ] DREAMPlacePCB - routability optimization round 1: adjust area flags = (1, 1, 0) -> (1, 1, 0)
[INFO   ] ops.electric_potential.electric_potential - regard 0 cells as movable macros in global placement
[DEBUG  ] ops.logsumexp_wirelength.logsumexp_wirelength - wirelength forward 0.367 ms
[DEBUG  ] ops.logsumexp_wirelength.logsumexp_wirelength - wirelength backward 2.193 ms
[INFO   ] ops.electric_potential.electric_potential - fixed density map: average 0.00079743, max 0.00999909, bin area 0.00493112
[DEBUG  ] ops.electric_potential.electric_potential - density forward 35.276 ms
[DEBUG  ] ops.electric_potential.electric_potential - density backward 8.292 ms
[INFO   ] DREAMPlacePCB - density_weight = 1.667847E-04
[DEBUG  ] ops.logsumexp_wirelength.logsumexp_wirelength - wirelength forward 2.105 ms
[DEBUG  ] ops.electric_potential.electric_potential - density forward 41.298 ms
[DEBUG  ] ops.electric_potential.electric_potential - density backward 14.457 ms
[DEBUG  ] ops.logsumexp_wirelength.logsumexp_wirelength - wirelength backward 89.017 ms
[DEBUG  ] ops.logsumexp_wirelength.logsumexp_wirelength - wirelength forward 3.243 ms
[DEBUG  ] ops.electric_potential.electric_potential - density forward 6.182 ms
[DEBUG  ] ops.electric_potential.electric_potential - density backward 32.511 ms
[DEBUG  ] ops.logsumexp_wirelength.logsumexp_wirelength - wirelength backward 91.938 ms
[DEBUG  ] ops.logsumexp_wirelength.logsumexp_wirelength - wirelength forward 45.445 ms
[DEBUG  ] ops.electric_potential.electric_potential - density forward 13.891 ms
[DEBUG  ] ops.electric_potential.electric_potential - density backward 13.692 ms
[DEBUG  ] ops.logsumexp_wirelength.logsumexp_wirelength - wirelength backward 93.301 ms
[DEBUG  ] ops.logsumexp_wirelength.logsumexp_wirelength - wirelength forward 11.443 ms
[DEBUG  ] ops.electric_potential.electric_potential - density forward 21.270 ms
[DEBUG  ] ops.electric_potential.electric_potential - density backward 11.153 ms
[DEBUG  ] ops.logsumexp_wirelength.logsumexp_wirelength - wirelength backward 76.666 ms
[DEBUG  ] ops.logsumexp_wirelength.logsumexp_wirelength - wirelength forward 0.631 ms
[DEBUG  ] ops.electric_potential.electric_potential - density forward 7.468 ms
[DEBUG  ] ops.electric_potential.electric_potential - density backward 17.630 ms
[DEBUG  ] ops.logsumexp_wirelength.logsumexp_wirelength - wirelength backward 8.162 ms
[DEBUG  ] ops.logsumexp_wirelength.logsumexp_wirelength - wirelength forward 6.680 ms
[DEBUG  ] ops.electric_potential.electric_potential - density forward 3.933 ms
[DEBUG  ] ops.electric_potential.electric_potential - density backward 7.756 ms
[DEBUG  ] ops.logsumexp_wirelength.logsumexp_wirelength - wirelength backward 83.074 ms
[DEBUG  ] ops.logsumexp_wirelength.logsumexp_wirelength - wirelength forward 0.410 ms
[DEBUG  ] ops.electric_potential.electric_potential - density forward 20.142 ms
[DEBUG  ] ops.electric_potential.electric_potential - density backward 7.163 ms
[DEBUG  ] ops.logsumexp_wirelength.logsumexp_wirelength - wirelength backward 109.703 ms
[DEBUG  ] ops.logsumexp_wirelength.logsumexp_wirelength - wirelength forward 15.360 ms
[DEBUG  ] ops.electric_potential.electric_potential - density forward 3.765 ms
[DEBUG  ] ops.electric_potential.electric_potential - density backward 6.095 ms
[DEBUG  ] ops.logsumexp_wirelength.logsumexp_wirelength - wirelength backward 137.995 ms
[DEBUG  ] ops.logsumexp_wirelength.logsumexp_wirelength - wirelength forward 0.378 ms
[DEBUG  ] ops.electric_potential.electric_potential - density forward 24.151 ms
[DEBUG  ] ops.electric_potential.electric_potential - density backward 17.781 ms
[DEBUG  ] ops.logsumexp_wirelength.logsumexp_wirelength - wirelength backward 69.428 ms
[DEBUG  ] ops.logsumexp_wirelength.logsumexp_wirelength - wirelength forward 2.924 ms
[DEBUG  ] ops.electric_potential.electric_potential - density forward 17.225 ms
[DEBUG  ] ops.electric_potential.electric_potential - density backward 16.820 ms
[DEBUG  ] ops.logsumexp_wirelength.logsumexp_wirelength - wirelength backward 68.321 ms
[DEBUG  ] ops.logsumexp_wirelength.logsumexp_wirelength - wirelength forward 7.883 ms
[DEBUG  ] ops.electric_potential.electric_potential - density forward 8.545 ms
[DEBUG  ] ops.electric_potential.electric_potential - density backward 95.774 ms
[DEBUG  ] ops.logsumexp_wirelength.logsumexp_wirelength - wirelength backward 23.811 ms
[DEBUG  ] ops.logsumexp_wirelength.logsumexp_wirelength - wirelength forward 2.543 ms
[DEBUG  ] ops.electric_potential.electric_potential - density forward 5.856 ms
[DEBUG  ] ops.electric_potential.electric_potential - density backward 8.832 ms
[DEBUG  ] ops.logsumexp_wirelength.logsumexp_wirelength - wirelength backward 64.113 ms
[DEBUG  ] ops.logsumexp_wirelength.logsumexp_wirelength - wirelength forward 9.765 ms
[DEBUG  ] ops.electric_potential.electric_potential - density forward 5.284 ms
[DEBUG  ] ops.electric_potential.electric_potential - density backward 23.896 ms
[DEBUG  ] ops.logsumexp_wirelength.logsumexp_wirelength - wirelength backward 55.310 ms
[DEBUG  ] ops.logsumexp_wirelength.logsumexp_wirelength - wirelength forward 24.724 ms
[DEBUG  ] ops.electric_potential.electric_potential - density forward 4.107 ms
[DEBUG  ] ops.electric_potential.electric_potential - density backward 11.763 ms
[DEBUG  ] ops.logsumexp_wirelength.logsumexp_wirelength - wirelength backward 50.793 ms
[DEBUG  ] ops.logsumexp_wirelength.logsumexp_wirelength - wirelength forward 19.521 ms
[DEBUG  ] ops.electric_potential.electric_potential - density forward 7.707 ms
[DEBUG  ] ops.electric_potential.electric_potential - density backward 11.397 ms
[DEBUG  ] ops.logsumexp_wirelength.logsumexp_wirelength - wirelength backward 111.810 ms
[INFO   ] DREAMPlacePCB - optimizer step 1791.608 ms
[DEBUG  ] ops.logsumexp_wirelength.logsumexp_wirelength - wirelength forward 286.348 ms
[DEBUG  ] ops.electric_potential.electric_potential - density forward 9.520 ms
[DEBUG  ] ops.electric_potential.electric_potential - density backward 8.057 ms
[DEBUG  ] ops.logsumexp_wirelength.logsumexp_wirelength - wirelength backward 58.879 ms
[INFO   ] DREAMPlacePCB - iteration    3, DensityWeight 1.6678E-04
, wHPWL 3.3900E+03, Overflow 1.7247E-01
, RouteOverflow 6.6988E-02, PinOverflow 4.8099E-01
, gamma 8.7111E-02, time 13.2217ms

[INFO   ] DREAMPlacePCB - full step 2374.868 ms

[WARNING] DREAMPlacePCB - Divergence detected: overflow fluctuate too frequently (1.00 > 0.6)
[ERROR  ] DREAMPlacePCB - possible DIVERGENCE detected, roll back to the best position recorded
[DEBUG  ] ops.logsumexp_wirelength.logsumexp_wirelength - wirelength forward 5.352 ms
[DEBUG  ] ops.electric_potential.electric_potential - density forward 10.495 ms
[DEBUG  ] ops.electric_potential.electric_potential - density backward 9.324 ms
[DEBUG  ] ops.logsumexp_wirelength.logsumexp_wirelength - wirelength backward 35.638 ms
[DEBUG  ] ops.logsumexp_wirelength.logsumexp_wirelength - wirelength forward 2.347 ms
[DEBUG  ] ops.electric_potential.electric_potential - density forward 37.851 ms
[DEBUG  ] ops.electric_potential.electric_potential - density backward 52.609 ms
[DEBUG  ] ops.logsumexp_wirelength.logsumexp_wirelength - wirelength backward 63.992 ms
[DEBUG  ] ops.logsumexp_wirelength.logsumexp_wirelength - wirelength forward 0.542 ms
[DEBUG  ] ops.electric_potential.electric_potential - density forward 16.968 ms
[DEBUG  ] ops.electric_potential.electric_potential - density backward 5.949 ms
[DEBUG  ] ops.logsumexp_wirelength.logsumexp_wirelength - wirelength backward 68.397 ms
[DEBUG  ] ops.logsumexp_wirelength.logsumexp_wirelength - wirelength forward 0.576 ms
[DEBUG  ] ops.electric_potential.electric_potential - density forward 10.587 ms
[DEBUG  ] ops.electric_potential.electric_potential - density backward 8.645 ms
[DEBUG  ] ops.logsumexp_wirelength.logsumexp_wirelength - wirelength backward 60.177 ms
[DEBUG  ] ops.logsumexp_wirelength.logsumexp_wirelength - wirelength forward 12.372 ms
[DEBUG  ] ops.electric_potential.electric_potential - density forward 7.271 ms
[DEBUG  ] ops.electric_potential.electric_potential - density backward 12.384 ms
[DEBUG  ] ops.logsumexp_wirelength.logsumexp_wirelength - wirelength backward 95.459 ms
[DEBUG  ] ops.logsumexp_wirelength.logsumexp_wirelength - wirelength forward 0.422 ms
[DEBUG  ] ops.electric_potential.electric_potential - density forward 18.234 ms
[DEBUG  ] ops.electric_potential.electric_potential - density backward 5.900 ms
[DEBUG  ] ops.logsumexp_wirelength.logsumexp_wirelength - wirelength backward 126.590 ms
[DEBUG  ] ops.logsumexp_wirelength.logsumexp_wirelength - wirelength forward 44.218 ms
[DEBUG  ] ops.electric_potential.electric_potential - density forward 40.565 ms
[DEBUG  ] ops.electric_potential.electric_potential - density backward 8.194 ms
[DEBUG  ] ops.logsumexp_wirelength.logsumexp_wirelength - wirelength backward 68.811 ms
[DEBUG  ] ops.logsumexp_wirelength.logsumexp_wirelength - wirelength forward 3.408 ms
[DEBUG  ] ops.electric_potential.electric_potential - density forward 11.624 ms
[DEBUG  ] ops.electric_potential.electric_potential - density backward 13.815 ms
[DEBUG  ] ops.logsumexp_wirelength.logsumexp_wirelength - wirelength backward 102.226 ms
[DEBUG  ] ops.logsumexp_wirelength.logsumexp_wirelength - wirelength forward 0.565 ms
[DEBUG  ] ops.electric_potential.electric_potential - density forward 10.323 ms
[DEBUG  ] ops.electric_potential.electric_potential - density backward 9.239 ms
[DEBUG  ] ops.logsumexp_wirelength.logsumexp_wirelength - wirelength backward 59.413 ms
[DEBUG  ] ops.logsumexp_wirelength.logsumexp_wirelength - wirelength forward 19.914 ms
[DEBUG  ] ops.electric_potential.electric_potential - density forward 9.812 ms
[DEBUG  ] ops.electric_potential.electric_potential - density backward 6.400 ms
[DEBUG  ] ops.logsumexp_wirelength.logsumexp_wirelength - wirelength backward 77.811 ms
[DEBUG  ] ops.logsumexp_wirelength.logsumexp_wirelength - wirelength forward 11.984 ms
[DEBUG  ] ops.electric_potential.electric_potential - density forward 5.012 ms
[DEBUG  ] ops.electric_potential.electric_potential - density backward 61.265 ms
[DEBUG  ] ops.logsumexp_wirelength.logsumexp_wirelength - wirelength backward 76.991 ms
[INFO   ] DREAMPlacePCB - optimizer step 1691.229 ms
[DEBUG  ] ops.logsumexp_wirelength.logsumexp_wirelength - wirelength forward 250.459 ms
[DEBUG  ] ops.electric_potential.electric_potential - density forward 6.409 ms
[DEBUG  ] ops.electric_potential.electric_potential - density backward 77.864 ms
[DEBUG  ] ops.logsumexp_wirelength.logsumexp_wirelength - wirelength backward 91.416 ms
[INFO   ] DREAMPlacePCB - iteration    4, DensityWeight 1.6678E-04
, wHPWL 3.3411E+03, Overflow 1.8875E-01
, RouteOverflow 6.2666E-02, PinOverflow 4.8227E-01
, gamma 1.2227E-01, time 0.8864ms

[INFO   ] DREAMPlacePCB - full step 2310.446 ms

[INFO   ] DREAMPlacePCB - optimizer nesterov takes 12.415 seconds
[INFO   ] DREAMPlacePCB - Start legalization
[INFO   ] DREAMPlacePCB - legalization takes 0.067 seconds
[INFO   ] DREAMPlacePCB - iteration    5, DensityWeight 1.6678E-04
, wHPWL 3.5047E+03, Overflow 2.7225E-01
, RouteOverflow 6.3582E-02, PinOverflow 4.7748E-01
, gamma 1.3290E-01, time 1.0376ms

[INFO   ] DREAMPlacePCB - non-linear placement takes 12.87 seconds
[INFO   ] DREAMPlacePCB - writing to ././mobohb_log/run-133_0_0/bm1/bm1.unrouted.kicad_pcb
[INFO   ] DREAMPlacePCB - write placement solution takes 0.008 seconds
[DEBUG  ] hpbandster.run_0.worker.56aac6d1e540.2566 - WORKER: done with job (133, 0, 0), trying to register it.
[INFO   ] hpbandster.run_0.worker.56aac6d1e540.2566 - WORKER: registered result for job (133, 0, 0) with dispatcher
[INFO   ] hpbandster.run_0.worker.56aac6d1e540.2566 - WORKER: start processing job (134, 0, 0)
[DEBUG  ] hpbandster.run_0.worker.56aac6d1e540.2566 - WORKER: args: ()
[DEBUG  ] hpbandster.run_0.worker.56aac6d1e540.2566 - WORKER: kwargs: {'config': {'GP_learning_rate': 0.498, 'GP_learning_rate_decay': 0.99, 'GP_num_bins_x': 256, 'GP_num_bins_y': 512, 'GP_optimizer': 'adam', 'GP_wirelength': 'weighted_average', 'RePlAce_LOWER_PCOF': 0.9500000000000001, 'RePlAce_UPPER_PCOF': 1.1, 'RePlAce_ref_hpwl': 3800, 'density_weight': 0.0006900000000000001, 'gamma': 2.7, 'stop_overflow': 0.08}, 'budget': 1.0, 'working_directory': '.'}
